#
# There is insufficient memory for the Java Runtime Environment to continue.
# Native memory allocation (malloc) failed to allocate 165536 bytes for Chunk::new
# Possible reasons:
#   The system is out of physical RAM or swap space
#   In 32 bit mode, the process size limit was hit
# Possible solutions:
#   Reduce memory load on the system
#   Increase physical memory or swap space
#   Check if swap backing store is full
#   Use 64 bit Java on a 64 bit OS
#   Decrease Java heap size (-Xmx/-Xms)
#   Decrease number of Java threads
#   Decrease Java thread stack sizes (-Xss)
#   Set larger code cache with -XX:ReservedCodeCacheSize=
# This output file may be truncated or incomplete.
#
#  Out of Memory Error (allocation.cpp:390), pid=7620, tid=0x0000000000001f18
#
# JRE version: Java(TM) SE Runtime Environment (8.0_101-b13) (build 1.8.0_101-b13)
# Java VM: Java HotSpot(TM) 64-Bit Server VM (25.101-b13 mixed mode windows-amd64 compressed oops)
# Failed to write core dump. Minidumps are not enabled by default on client versions of Windows
#

---------------  T H R E A D  ---------------

Current thread (0x000000001c299000):  JavaThread "C2 CompilerThread1" daemon [_thread_in_native, id=7960, stack(0x000000001d990000,0x000000001da90000)]

Stack: [0x000000001d990000,0x000000001da90000]
[error occurred during error reporting (printing stack bounds), id 0xc0000005]

Native frames: (J=compiled Java code, j=interpreted, Vv=VM code, C=native code)


Current CompileTask:
C2:  16483 1961       4       com.android.dx.cf.code.Merger::mergeLocals (122 bytes)


---------------  P R O C E S S  ---------------

Java Threads: ( => current thread )
  0x000000001dd68800 JavaThread "pool-2-thread-4" [_thread_blocked, id=8068, stack(0x000000001f0e0000,0x000000001f1e0000)]
  0x000000001dd64000 JavaThread "pool-2-thread-3" [_thread_blocked, id=8064, stack(0x000000001ef30000,0x000000001f030000)]
  0x000000001dd61000 JavaThread "pool-2-thread-2" [_thread_blocked, id=8060, stack(0x000000001dea0000,0x000000001dfa0000)]
  0x000000001dd5d800 JavaThread "pool-3-thread-1" [_thread_blocked, id=8056, stack(0x000000001edf0000,0x000000001eef0000)]
  0x000000001dd5c800 JavaThread "pool-2-thread-1" [_thread_blocked, id=8052, stack(0x000000001ec10000,0x000000001ed10000)]
  0x000000001db22800 JavaThread "Service Thread" daemon [_thread_blocked, id=7968, stack(0x000000001e150000,0x000000001e250000)]
  0x000000001dab1000 JavaThread "C1 CompilerThread2" daemon [_thread_in_native, id=7964, stack(0x000000001dfe0000,0x000000001e0e0000)]
=>0x000000001c299000 JavaThread "C2 CompilerThread1" daemon [_thread_in_native, id=7960, stack(0x000000001d990000,0x000000001da90000)]
  0x000000001c291800 JavaThread "C2 CompilerThread0" daemon [_thread_in_native, id=7952, stack(0x000000001d390000,0x000000001d490000)]
  0x000000001c29e800 JavaThread "Attach Listener" daemon [_thread_blocked, id=7948, stack(0x000000001d800000,0x000000001d900000)]
  0x000000001c29d800 JavaThread "Signal Dispatcher" daemon [_thread_blocked, id=7944, stack(0x000000001d630000,0x000000001d730000)]
  0x000000001c279000 JavaThread "Finalizer" daemon [_thread_blocked, id=7868, stack(0x000000001d4e0000,0x000000001d5e0000)]
  0x000000001c231800 JavaThread "Reference Handler" daemon [_thread_blocked, id=7856, stack(0x000000001d250000,0x000000001d350000)]
  0x00000000022fe000 JavaThread "main" [_thread_blocked, id=7752, stack(0x00000000024b0000,0x00000000025b0000)]

Other Threads:
  0x000000001c22a000 VMThread [stack: 0x000000001d130000,0x000000001d230000] [id=7840]
  0x000000001db2e800 WatcherThread [stack: 0x000000001e280000,0x000000001e380000] [id=7988]

VM state:not at safepoint (normal execution)

VM Mutex/Monitor currently owned by a thread: None

Heap:
 PSYoungGen      total 70656K, used 9877K [0x000000076ab00000, 0x0000000773500000, 0x00000007c0000000)
  eden space 65536K, 7% used [0x000000076ab00000,0x000000076afad5a8,0x000000076eb00000)
  from space 5120K, 99% used [0x000000076eb00000,0x000000076eff8028,0x000000076f000000)
  to   space 5120K, 0% used [0x0000000773000000,0x0000000773000000,0x0000000773500000)
 ParOldGen       total 86016K, used 14768K [0x00000006c0000000, 0x00000006c5400000, 0x000000076ab00000)
  object space 86016K, 17% used [0x00000006c0000000,0x00000006c0e6c070,0x00000006c5400000)
 Metaspace       used 6346K, capacity 7154K, committed 7296K, reserved 1056768K
  class space    used 601K, capacity 618K, committed 640K, reserved 1048576K

Card table byte_map: [0x0000000011c40000,0x0000000012450000] byte_map_base: 0x000000000e640000

Marking Bits: (ParMarkBitMap*) 0x000000006d52a6d0
 Begin Bits: [0x00000000130a0000, 0x00000000170a0000)
 End Bits:   [0x00000000170a0000, 0x000000001b0a0000)

Polling page: 0x0000000000330000

CodeCache: size=245760Kb used=9200Kb max_used=9218Kb free=236559Kb
 bounds [0x0000000002880000, 0x0000000003190000, 0x0000000011880000]
 total_blobs=2227 nmethods=1958 adapters=181
 compilation: enabled

Compilation events (10 events):
Event: 16.054 Thread 0x000000001dab1000 1957       3       com.android.dx.cf.code.Ropper$CatchInfo::getSetups (10 bytes)
Event: 16.054 Thread 0x000000001dab1000 nmethod 1957 0x0000000003178b10 code [0x0000000003178c80, 0x0000000003178ea8]
Event: 16.055 Thread 0x000000001c291800 1958 %     4       com.android.dx.ssa.SCCP::run @ 93 (298 bytes)
Event: 16.091 Thread 0x000000001c291800 nmethod 1958% 0x0000000003182590 code [0x0000000003182840, 0x00000000031837a8]
Event: 16.124 Thread 0x000000001c299000 nmethod 1955 0x0000000003188710 code [0x0000000003188960, 0x000000000318a928]
Event: 16.146 Thread 0x000000001c291800 1959   !   4       com.android.dx.cf.code.BytecodeArray::parseInstruction (2764 bytes)
Event: 16.474 Thread 0x000000001c299000 1960       4       com.android.dx.dex.code.CstInsn::<init> (39 bytes)
Event: 16.475 Thread 0x000000001c299000 nmethod 1960 0x0000000003180950 code [0x0000000003180aa0, 0x0000000003180bf8]
Event: 16.475 Thread 0x000000001c299000 1961       4       com.android.dx.cf.code.Merger::mergeLocals (122 bytes)
Event: 16.476 Thread 0x000000001dab1000 1962   !   3       com.android.dx.dex.cf.CfTranslator::processMethods (583 bytes)

GC Heap History (6 events):
Event: 2.358 GC heap before
{Heap before GC invocations=1 (full 0):
 PSYoungGen      total 37888K, used 32768K [0x000000076ab00000, 0x000000076d500000, 0x00000007c0000000)
  eden space 32768K, 100% used [0x000000076ab00000,0x000000076cb00000,0x000000076cb00000)
  from space 5120K, 0% used [0x000000076d000000,0x000000076d000000,0x000000076d500000)
  to   space 5120K, 0% used [0x000000076cb00000,0x000000076cb00000,0x000000076d000000)
 ParOldGen       total 86016K, used 0K [0x00000006c0000000, 0x00000006c5400000, 0x000000076ab00000)
  object space 86016K, 0% used [0x00000006c0000000,0x00000006c0000000,0x00000006c5400000)
 Metaspace       used 6021K, capacity 6898K, committed 7040K, reserved 1056768K
  class space    used 600K, capacity 618K, committed 640K, reserved 1048576K
Event: 2.431 GC heap after
Heap after GC invocations=1 (full 0):
 PSYoungGen      total 37888K, used 5091K [0x000000076ab00000, 0x000000076f500000, 0x00000007c0000000)
  eden space 32768K, 0% used [0x000000076ab00000,0x000000076ab00000,0x000000076cb00000)
  from space 5120K, 99% used [0x000000076cb00000,0x000000076cff8e98,0x000000076d000000)
  to   space 5120K, 0% used [0x000000076f000000,0x000000076f000000,0x000000076f500000)
 ParOldGen       total 86016K, used 846K [0x00000006c0000000, 0x00000006c5400000, 0x000000076ab00000)
  object space 86016K, 0% used [0x00000006c0000000,0x00000006c00d39d0,0x00000006c5400000)
 Metaspace       used 6021K, capacity 6898K, committed 7040K, reserved 1056768K
  class space    used 600K, capacity 618K, committed 640K, reserved 1048576K
}
Event: 6.122 GC heap before
{Heap before GC invocations=2 (full 0):
 PSYoungGen      total 37888K, used 37859K [0x000000076ab00000, 0x000000076f500000, 0x00000007c0000000)
  eden space 32768K, 100% used [0x000000076ab00000,0x000000076cb00000,0x000000076cb00000)
  from space 5120K, 99% used [0x000000076cb00000,0x000000076cff8e98,0x000000076d000000)
  to   space 5120K, 0% used [0x000000076f000000,0x000000076f000000,0x000000076f500000)
 ParOldGen       total 86016K, used 846K [0x00000006c0000000, 0x00000006c5400000, 0x000000076ab00000)
  object space 86016K, 0% used [0x00000006c0000000,0x00000006c00d39d0,0x00000006c5400000)
 Metaspace       used 6219K, capacity 7090K, committed 7296K, reserved 1056768K
  class space    used 600K, capacity 618K, committed 640K, reserved 1048576K
Event: 6.599 GC heap after
Heap after GC invocations=2 (full 0):
 PSYoungGen      total 70656K, used 5098K [0x000000076ab00000, 0x000000076f500000, 0x00000007c0000000)
  eden space 65536K, 0% used [0x000000076ab00000,0x000000076ab00000,0x000000076eb00000)
  from space 5120K, 99% used [0x000000076f000000,0x000000076f4faad8,0x000000076f500000)
  to   space 5120K, 0% used [0x000000076eb00000,0x000000076eb00000,0x000000076f000000)
 ParOldGen       total 86016K, used 4542K [0x00000006c0000000, 0x00000006c5400000, 0x000000076ab00000)
  object space 86016K, 5% used [0x00000006c0000000,0x00000006c046fbd8,0x00000006c5400000)
 Metaspace       used 6219K, capacity 7090K, committed 7296K, reserved 1056768K
  class space    used 600K, capacity 618K, committed 640K, reserved 1048576K
}
Event: 16.182 GC heap before
{Heap before GC invocations=3 (full 0):
 PSYoungGen      total 70656K, used 70634K [0x000000076ab00000, 0x000000076f500000, 0x00000007c0000000)
  eden space 65536K, 100% used [0x000000076ab00000,0x000000076eb00000,0x000000076eb00000)
  from space 5120K, 99% used [0x000000076f000000,0x000000076f4faad8,0x000000076f500000)
  to   space 5120K, 0% used [0x000000076eb00000,0x000000076eb00000,0x000000076f000000)
 ParOldGen       total 86016K, used 4542K [0x00000006c0000000, 0x00000006c5400000, 0x000000076ab00000)
  object space 86016K, 5% used [0x00000006c0000000,0x00000006c046fbd8,0x00000006c5400000)
 Metaspace       used 6344K, capacity 7154K, committed 7296K, reserved 1056768K
  class space    used 601K, capacity 618K, committed 640K, reserved 1048576K
Event: 16.383 GC heap after
Heap after GC invocations=3 (full 0):
 PSYoungGen      total 70656K, used 5088K [0x000000076ab00000, 0x0000000773500000, 0x00000007c0000000)
  eden space 65536K, 0% used [0x000000076ab00000,0x000000076ab00000,0x000000076eb00000)
  from space 5120K, 99% used [0x000000076eb00000,0x000000076eff8028,0x000000076f000000)
  to   space 5120K, 0% used [0x0000000773000000,0x0000000773000000,0x0000000773500000)
 ParOldGen       total 86016K, used 14768K [0x00000006c0000000, 0x00000006c5400000, 0x000000076ab00000)
  object space 86016K, 17% used [0x00000006c0000000,0x00000006c0e6c070,0x00000006c5400000)
 Metaspace       used 6344K, capacity 7154K, committed 7296K, reserved 1056768K
  class space    used 601K, capacity 618K, committed 640K, reserved 1048576K
}

Deoptimization events (10 events):
Event: 6.795 Thread 0x000000001dd5c800 Uncommon trap: reason=bimorphic action=maybe_recompile pc=0x0000000002ab9ab0 method=java.util.HashMap.getNode(ILjava/lang/Object;)Ljava/util/HashMap$Node; @ 126
Event: 6.821 Thread 0x000000001dd5c800 Uncommon trap: reason=bimorphic action=maybe_recompile pc=0x0000000002ab9ab0 method=java.util.HashMap.getNode(ILjava/lang/Object;)Ljava/util/HashMap$Node; @ 126
Event: 7.116 Thread 0x000000001dd61000 Uncommon trap: reason=unloaded action=reinterpret pc=0x0000000002fa5244 method=com.android.dx.ssa.SCCP.replaceBranches()V @ 110
Event: 7.117 Thread 0x000000001dd61000 Uncommon trap: reason=unstable_if action=reinterpret pc=0x0000000002e56378 method=com.android.dx.ssa.DeadCodeRemover.pruneDeadInstructions()V @ 49
Event: 10.204 Thread 0x00000000022fe000 Uncommon trap: reason=unstable_if action=reinterpret pc=0x0000000002c7bc08 method=java.lang.String.<init>([CII)V @ 18
Event: 10.212 Thread 0x00000000022fe000 Uncommon trap: reason=unstable_if action=reinterpret pc=0x0000000002a710bc method=java.lang.String.<init>([CII)V @ 18
Event: 10.222 Thread 0x000000001dd61000 Uncommon trap: reason=unstable_if action=reinterpret pc=0x0000000003061e8c method=com.android.dx.dex.code.RopTranslator.pickOrder()V @ 130
Event: 12.449 Thread 0x000000001dd61000 Uncommon trap: reason=class_check action=maybe_recompile pc=0x0000000002ddf940 method=com.android.dx.ssa.SCCP.simulateBranch(Lcom/android/dx/ssa/SsaInsn;)V @ 145
Event: 13.267 Thread 0x000000001dd61000 Uncommon trap: reason=unstable_if action=reinterpret pc=0x00000000030401cc method=com.android.dx.cf.code.ByteCatchList.listFor(I)Lcom/android/dx/cf/code/ByteCatchList; @ 47
Event: 13.270 Thread 0x000000001dd61000 Uncommon trap: reason=unstable_if action=reinterpret pc=0x0000000002e82524 method=com.android.dx.rop.code.BasicBlockList.preferredSuccessorOf(Lcom/android/dx/rop/code/BasicBlock;)Lcom/android/dx/rop/code/BasicBlock; @ 58

Internal exceptions (2 events):
Event: 0.054 Thread 0x00000000022fe000 Exception <a 'java/lang/NoSuchMethodError': Method sun.misc.Unsafe.defineClass(Ljava/lang/String;[BII)Ljava/lang/Class; name or signature does not match> (0x000000076ab07cc0) thrown at [C:\re\workspace\8-2-build-windows-amd64-cygwin\jdk8u101\7261\hotspot\s%hÕß~«?
Event: 0.054 Thread 0x00000000022fe000 Exception <a 'java/lang/NoSuchMethodError': Method sun.misc.Unsafe.prefetchRead(Ljava/lang/Object;J)V name or signature does not match> (0x000000076ab07fa8) thrown at [C:\re\workspace\8-2-build-windows-amd64-cygwin\jdk8u101\7261\hotspot\src\share\vm\prims\

Events (10 events):
Event: 12.449 Thread 0x000000001dd61000 DEOPT PACKING pc=0x0000000002ddf940 sp=0x000000001df9eac0
Event: 12.449 Thread 0x000000001dd61000 DEOPT UNPACKING pc=0x00000000028c582a sp=0x000000001df9ea68 mode 2
Event: 13.267 Thread 0x000000001dd61000 Uncommon trap: trap_request=0xffffff65 fr.pc=0x00000000030401cc
Event: 13.267 Thread 0x000000001dd61000 DEOPT PACKING pc=0x00000000030401cc sp=0x000000001df9ec20
Event: 13.267 Thread 0x000000001dd61000 DEOPT UNPACKING pc=0x00000000028c582a sp=0x000000001df9ea80 mode 2
Event: 13.270 Thread 0x000000001dd61000 Uncommon trap: trap_request=0xffffff65 fr.pc=0x0000000002e82524
Event: 13.270 Thread 0x000000001dd61000 DEOPT PACKING pc=0x0000000002e82524 sp=0x000000001df9ee00
Event: 13.270 Thread 0x000000001dd61000 DEOPT UNPACKING pc=0x00000000028c582a sp=0x000000001df9ed88 mode 2
Event: 16.182 Executing VM operation: ParallelGCFailedAllocation
Event: 16.383 Executing VM operation: ParallelGCFailedAllocation done


Dynamic libraries:
0x000000013f240000 - 0x000000013f277000 	C:\Program Files\Java\jdk1.8.0_101\bin\java.exe
0x0000000076f30000 - 0x00000000770d9000 	C:\Windows\SYSTEM32\ntdll.dll
0x0000000076d10000 - 0x0000000076e2f000 	C:\Windows\system32\kernel32.dll
0x000007fefcf90000 - 0x000007fefcffb000 	C:\Windows\system32\KERNELBASE.dll
0x000007fefd9e0000 - 0x000007fefdabb000 	C:\Windows\system32\ADVAPI32.dll
0x000007fefd930000 - 0x000007fefd9cf000 	C:\Windows\system32\msvcrt.dll
0x000007fefd430000 - 0x000007fefd44f000 	C:\Windows\SYSTEM32\sechost.dll
0x000007fefed40000 - 0x000007fefee6d000 	C:\Windows\system32\RPCRT4.dll
0x0000000076e30000 - 0x0000000076f2a000 	C:\Windows\system32\USER32.dll
0x000007fefdac0000 - 0x000007fefdb27000 	C:\Windows\system32\GDI32.dll
0x000007fefd9d0000 - 0x000007fefd9de000 	C:\Windows\system32\LPK.dll
0x000007fefd830000 - 0x000007fefd8f9000 	C:\Windows\system32\USP10.dll
0x000007fefb830000 - 0x000007fefba24000 	C:\Windows\WinSxS\amd64_microsoft.windows.common-controls_6595b64144ccf1df_6.0.7601.17514_none_fa396087175ac9ac\COMCTL32.dll
0x000007fefdc50000 - 0x000007fefdcc1000 	C:\Windows\system32\SHLWAPI.dll
0x000007fefd900000 - 0x000007fefd92e000 	C:\Windows\system32\IMM32.DLL
0x000007feff120000 - 0x000007feff229000 	C:\Windows\system32\MSCTF.dll
0x0000000066b80000 - 0x0000000066c52000 	C:\Program Files\Java\jdk1.8.0_101\jre\bin\msvcr100.dll
0x000000006cd10000 - 0x000000006d5aa000 	C:\Program Files\Java\jdk1.8.0_101\jre\bin\server\jvm.dll
0x000007fef7f40000 - 0x000007fef7f49000 	C:\Windows\system32\WSOCK32.dll
0x000007fefecf0000 - 0x000007fefed3d000 	C:\Windows\system32\WS2_32.dll
0x000007feff230000 - 0x000007feff238000 	C:\Windows\system32\NSI.dll
0x000007fefa930000 - 0x000007fefa96b000 	C:\Windows\system32\WINMM.dll
0x000007fefbe20000 - 0x000007fefbe2c000 	C:\Windows\system32\VERSION.dll
0x0000000077100000 - 0x0000000077107000 	C:\Windows\system32\PSAPI.DLL
0x0000000074870000 - 0x000000007487f000 	C:\Program Files\Java\jdk1.8.0_101\jre\bin\verify.dll
0x0000000074840000 - 0x0000000074869000 	C:\Program Files\Java\jdk1.8.0_101\jre\bin\java.dll
0x0000000073e30000 - 0x0000000073e46000 	C:\Program Files\Java\jdk1.8.0_101\jre\bin\zip.dll
0x000007fefdf60000 - 0x000007fefece8000 	C:\Windows\system32\SHELL32.dll
0x000007fefef10000 - 0x000007feff113000 	C:\Windows\system32\ole32.dll
0x000007fefce80000 - 0x000007fefce8f000 	C:\Windows\system32\profapi.dll

VM Arguments:
jvm_args: -Djava.awt.headless=true -Xmx4g -Dfile.encoding=windows-1252 -Duser.country=US -Duser.language=en -Duser.variant 
java_command: com.android.dx.command.Main --dex --force-jumbo --num-threads=4 --multi-dex --output D:\MyPC\workplaceproject\temp\FirstApp\app\build\intermediates\transforms\dex\debug\folders\1000\10\com.google.android.gms-play-services-ads-lite-9.6.1_2f1d6f31970c821d67e98a39b8b8d3eb308d7abb D:\MyPC\workplaceproject\temp\FirstApp\app\build\intermediates\exploded-aar\com.google.android.gms\play-services-ads-lite\9.6.1\jars\classes.jar
java_class_path (initial): C:\Users\db\AppData\Local\Android\Sdk\build-tools\24.0.3\lib\dx.jar
Launcher Type: SUN_STANDARD

Environment Variables:
PATH=C:\Program Files (x86)\Common Files\Intel\Shared Files\cpp\bin\Intel64;C:\Python27\;C:\Python27\Scripts;C:\ProgramData\Oracle\Java\javapath;c:\OraHome_1\bin;c:\OraHome_1\jre\1.4.2\bin\client;c:\OraHome_1\jre\1.4.2\bin;c:\DevSuiteHome_1\jdk\jre\bin\classic;c:\DevSuiteHome_1\jdk\jre\bin;c:\DevSuiteHome_1\jdk\jre\bin\client;c:\DevSuiteHome_1\jlib;c:\DevSuiteHome_1\bin;c:\DevSuiteHome_1\jre\1.4.2\bin\client;c:\DevSuiteHome_1\jre\1.4.2\bin;C:\Windows\system32;C:\Windows;C:\Windows\System32\Wbem;C:\Windows\System32\WindowsPowerShell\v1.0\;C:\Program Files\Java\jdk1.8.0_101\bin;C:\Program Files (x86)\Skype\Phone\;C:\Program Files\nodejs\;C:\Users\db\AppData\Local\atom\bin;C:\Users\db\AppData\Roaming\npm
USERNAME=db
OS=Windows_NT
PROCESSOR_IDENTIFIER=Intel64 Family 6 Model 60 Stepping 3, GenuineIntel



---------------  S Y S T E M  ---------------

OS: Windows 7 , 64 bit Build 7601 (6.1.7601.17514)

CPU:total 4 (2 cores per cpu, 2 threads per core) family 6 model 60 stepping 3, cmov, cx8, fxsr, mmx, sse, sse2, sse3, ssse3, sse4.1, sse4.2, popcnt, avx, avx2, aes, clmul, erms, lzcnt, ht, tsc, tscinvbit, bmi1, bmi2

Memory: 4k page, physical 8256556k(1419088k free), swap 9893108k(5152k free)

vm_info: Java HotSpot(TM) 64-Bit Server VM (25.101-b13) for windows-amd64 JRE (1.8.0_101-b13), built on Jun 22 2016 01:21:29 by "java_re" with MS VC++ 10.0 (VS2010)

time: Mon Oct 16 15:38:36 2017
elapsed time: 16 seconds (0d 0h 0m 16s)

