#
# There is insufficient memory for the Java Runtime Environment to continue.
# Native memory allocation (malloc) failed to allocate 478496 bytes for Chunk::new
# Possible reasons:
#   The system is out of physical RAM or swap space
#   In 32 bit mode, the process size limit was hit
# Possible solutions:
#   Reduce memory load on the system
#   Increase physical memory or swap space
#   Check if swap backing store is full
#   Use 64 bit Java on a 64 bit OS
#   Decrease Java heap size (-Xmx/-Xms)
#   Decrease number of Java threads
#   Decrease Java thread stack sizes (-Xss)
#   Set larger code cache with -XX:ReservedCodeCacheSize=
# This output file may be truncated or incomplete.
#
#  Out of Memory Error (allocation.cpp:390), pid=6576, tid=0x0000000000001970
#
# JRE version: Java(TM) SE Runtime Environment (8.0_101-b13) (build 1.8.0_101-b13)
# Java VM: Java HotSpot(TM) 64-Bit Server VM (25.101-b13 mixed mode windows-amd64 compressed oops)
# Failed to write core dump. Minidumps are not enabled by default on client versions of Windows
#

---------------  T H R E A D  ---------------

Current thread (0x000000001c0c5800):  JavaThread "C2 CompilerThread1" daemon [_thread_in_native, id=6512, stack(0x000000001d950000,0x000000001da50000)]

Stack: [0x000000001d950000,0x000000001da50000]
[error occurred during error reporting (printing stack bounds), id 0xc0000005]

Native frames: (J=compiled Java code, j=interpreted, Vv=VM code, C=native code)


Current CompileTask:
C2:   1736 1164       4       com.android.dx.ssa.SCCP::simulateStmt (481 bytes)


---------------  P R O C E S S  ---------------

Java Threads: ( => current thread )
  0x000000001dd8d000 JavaThread "pool-2-thread-4" [_thread_in_Java, id=7316, stack(0x000000001e490000,0x000000001e590000)]
  0x000000001dd80800 JavaThread "pool-2-thread-3" [_thread_blocked, id=6280, stack(0x000000001e980000,0x000000001ea80000)]
  0x000000001dde2800 JavaThread "pool-2-thread-2" [_thread_blocked, id=3060, stack(0x000000001e820000,0x000000001e920000)]
  0x000000001dd08000 JavaThread "pool-3-thread-1" [_thread_blocked, id=1580, stack(0x000000001e620000,0x000000001e720000)]
  0x000000001dd04800 JavaThread "pool-2-thread-1" [_thread_blocked, id=7064, stack(0x000000001e010000,0x000000001e110000)]
  0x000000001daab000 JavaThread "Service Thread" daemon [_thread_blocked, id=6840, stack(0x000000001e180000,0x000000001e280000)]
  0x000000001daa7800 JavaThread "C1 CompilerThread2" daemon [_thread_blocked, id=3148, stack(0x000000001dec0000,0x000000001dfc0000)]
=>0x000000001c0c5800 JavaThread "C2 CompilerThread1" daemon [_thread_in_native, id=6512, stack(0x000000001d950000,0x000000001da50000)]
  0x000000001c0c1800 JavaThread "C2 CompilerThread0" daemon [_thread_in_native, id=7504, stack(0x000000001d7f0000,0x000000001d8f0000)]
  0x000000001c0ce800 JavaThread "Attach Listener" daemon [_thread_blocked, id=7608, stack(0x000000001d6a0000,0x000000001d7a0000)]
  0x000000001c0cd000 JavaThread "Signal Dispatcher" daemon [_thread_blocked, id=7676, stack(0x000000001d4d0000,0x000000001d5d0000)]
  0x000000001c0a9000 JavaThread "Finalizer" daemon [_thread_blocked, id=7680, stack(0x000000001d3d0000,0x000000001d4d0000)]
  0x000000001c061800 JavaThread "Reference Handler" daemon [_thread_blocked, id=8028, stack(0x000000001d1d0000,0x000000001d2d0000)]
  0x00000000021de000 JavaThread "main" [_thread_blocked, id=8036, stack(0x00000000022d0000,0x00000000023d0000)]

Other Threads:
  0x000000001c05a000 VMThread [stack: 0x000000001d010000,0x000000001d110000] [id=7728]
  0x000000001dacf000 WatcherThread [stack: 0x000000001e360000,0x000000001e460000] [id=6572]

VM state:not at safepoint (normal execution)

VM Mutex/Monitor currently owned by a thread: None

Heap:
 PSYoungGen      total 37888K, used 32768K [0x000000076ab00000, 0x000000076d500000, 0x00000007c0000000)
  eden space 32768K, 100% used [0x000000076ab00000,0x000000076cb00000,0x000000076cb00000)
  from space 5120K, 0% used [0x000000076d000000,0x000000076d000000,0x000000076d500000)
  to   space 5120K, 0% used [0x000000076cb00000,0x000000076cb00000,0x000000076d000000)
 ParOldGen       total 86016K, used 0K [0x00000006c0000000, 0x00000006c5400000, 0x000000076ab00000)
  object space 86016K, 0% used [0x00000006c0000000,0x00000006c0000000,0x00000006c5400000)
 Metaspace       used 5942K, capacity 6834K, committed 7040K, reserved 1056768K
  class space    used 600K, capacity 618K, committed 640K, reserved 1048576K

Card table byte_map: [0x0000000011a60000,0x0000000012270000] byte_map_base: 0x000000000e460000

Marking Bits: (ParMarkBitMap*) 0x000000006d52a6d0
 Begin Bits: [0x0000000012ed0000, 0x0000000016ed0000)
 End Bits:   [0x0000000016ed0000, 0x000000001aed0000)

Polling page: 0x0000000000330000

CodeCache: size=245760Kb used=4516Kb max_used=4516Kb free=241243Kb
 bounds [0x00000000026a0000, 0x0000000002b10000, 0x00000000116a0000]
 total_blobs=1429 nmethods=1161 adapters=181
 compilation: enabled

Compilation events (10 events):
Event: 1.713 Thread 0x000000001daa7800 nmethod 1148 0x0000000002b09290 code [0x0000000002b09460, 0x0000000002b09d48]
Event: 1.713 Thread 0x000000001daa7800 1149       3       com.android.dx.util.IntList::equals (82 bytes)
Event: 1.713 Thread 0x000000001daa7800 nmethod 1149 0x0000000002b0a050 code [0x0000000002b0a1e0, 0x0000000002b0a790]
Event: 1.713 Thread 0x000000001daa7800 1150       3       com.android.dx.cf.code.Frame::adjustLocalsForSubroutines (28 bytes)
Event: 1.713 Thread 0x000000001daa7800 nmethod 1150 0x0000000002b0a990 code [0x0000000002b0ab20, 0x0000000002b0b028]
Event: 1.713 Thread 0x000000001daa7800 1157       3       com.android.dx.ssa.SsaMethod::makeNewGotoBlock (52 bytes)
Event: 1.714 Thread 0x000000001daa7800 nmethod 1157 0x0000000002b0b150 code [0x0000000002b0b3a0, 0x0000000002b0c1c8]
Event: 1.714 Thread 0x000000001daa7800 1162       1       com.android.dx.dex.file.StringIdItem::getValue (5 bytes)
Event: 1.714 Thread 0x000000001daa7800 nmethod 1162 0x0000000002aff1d0 code [0x0000000002aff320, 0x0000000002aff430]
Event: 1.735 Thread 0x000000001daa7800 1165       3       com.android.dx.cf.direct.DirectClassFile::parseToEndIfNecessary (12 bytes)

GC Heap History (0 events):
No events

Deoptimization events (8 events):
Event: 1.026 Thread 0x000000001dd04800 Uncommon trap: reason=unstable_if action=reinterpret pc=0x0000000002888088 method=java.util.HashMap.getNode(ILjava/lang/Object;)Ljava/util/HashMap$Node; @ 62
Event: 1.037 Thread 0x000000001dd80800 Uncommon trap: reason=unstable_if action=reinterpret pc=0x000000000288b474 method=java.util.BitSet.nextSetBit(I)I @ 87
Event: 1.331 Thread 0x000000001dd8d000 Uncommon trap: reason=bimorphic action=maybe_recompile pc=0x000000000289b8e8 method=java.util.HashMap.getNode(ILjava/lang/Object;)Ljava/util/HashMap$Node; @ 126
Event: 1.418 Thread 0x000000001dd04800 Uncommon trap: reason=null_check action=make_not_entrant pc=0x00000000029824b0 method=com.android.dx.rop.type.Type.equals(Ljava/lang/Object;)Z @ 8
Event: 1.601 Thread 0x000000001dd80800 Uncommon trap: reason=class_check action=maybe_recompile pc=0x0000000002a6d0a0 method=com.android.dx.ssa.SCCP.setLatticeValueTo(IILcom/android/dx/rop/cst/Constant;)Z @ 43
Event: 1.601 Thread 0x000000001dd80800 Uncommon trap: reason=class_check action=maybe_recompile pc=0x0000000002a6d0a0 method=com.android.dx.ssa.SCCP.setLatticeValueTo(IILcom/android/dx/rop/cst/Constant;)Z @ 43
Event: 1.601 Thread 0x000000001dd80800 Uncommon trap: reason=class_check action=maybe_recompile pc=0x0000000002a6d0a0 method=com.android.dx.ssa.SCCP.setLatticeValueTo(IILcom/android/dx/rop/cst/Constant;)Z @ 43
Event: 1.602 Thread 0x000000001dd80800 Uncommon trap: reason=class_check action=maybe_recompile pc=0x0000000002a6d0a0 method=com.android.dx.ssa.SCCP.setLatticeValueTo(IILcom/android/dx/rop/cst/Constant;)Z @ 43

Internal exceptions (3 events):
Event: 0.374 Thread 0x00000000021de000 Exception <a 'java/lang/NoSuchMethodError': Method sun.misc.Unsafe.defineClass(Ljava/lang/String;[BII)Ljava/lang/Class; name or signature does not match> (0x000000076ab07cc0) thrown at [C:\re\workspace\8-2-build-windows-amd64-cygwin\jdk8u101\7261\hotspot\s#nŽýò×?
Event: 0.374 Thread 0x00000000021de000 Exception <a 'java/lang/NoSuchMethodError': Method sun.misc.Unsafe.prefetchRead(Ljava/lang/Object;J)V name or signature does not match> (0x000000076ab07fa8) thrown at [C:\re\workspace\8-2-build-windows-amd64-cygwin\jdk8u101\7261\hotspot\src\share\vm\prims\F áp€¯ö?
Event: 1.418 Thread 0x000000001dd04800 Implicit null exception at 0x00000000029823a2 to 0x00000000029824a2

Events (10 events):
Event: 1.601 Thread 0x000000001dd80800 DEOPT UNPACKING pc=0x00000000026e582a sp=0x000000001ea7eec8 mode 2
Event: 1.601 Thread 0x000000001dd80800 Uncommon trap: trap_request=0xffffffde fr.pc=0x0000000002a6d0a0
Event: 1.601 Thread 0x000000001dd80800 DEOPT PACKING pc=0x0000000002a6d0a0 sp=0x000000001ea7efc0
Event: 1.601 Thread 0x000000001dd80800 DEOPT UNPACKING pc=0x00000000026e582a sp=0x000000001ea7eec8 mode 2
Event: 1.601 Thread 0x000000001dd80800 Uncommon trap: trap_request=0xffffffde fr.pc=0x0000000002a6d0a0
Event: 1.601 Thread 0x000000001dd80800 DEOPT PACKING pc=0x0000000002a6d0a0 sp=0x000000001ea7efc0
Event: 1.601 Thread 0x000000001dd80800 DEOPT UNPACKING pc=0x00000000026e582a sp=0x000000001ea7eec8 mode 2
Event: 1.602 Thread 0x000000001dd80800 Uncommon trap: trap_request=0xffffffde fr.pc=0x0000000002a6d0a0
Event: 1.602 Thread 0x000000001dd80800 DEOPT PACKING pc=0x0000000002a6d0a0 sp=0x000000001ea7f060
Event: 1.602 Thread 0x000000001dd80800 DEOPT UNPACKING pc=0x00000000026e582a sp=0x000000001ea7ef78 mode 2


Dynamic libraries:
0x000000013f240000 - 0x000000013f277000 	C:\Program Files\Java\jdk1.8.0_101\bin\java.exe
0x0000000076f30000 - 0x00000000770d9000 	C:\Windows\SYSTEM32\ntdll.dll
0x0000000076d10000 - 0x0000000076e2f000 	C:\Windows\system32\kernel32.dll
0x000007fefcf90000 - 0x000007fefcffb000 	C:\Windows\system32\KERNELBASE.dll
0x000007fefd9e0000 - 0x000007fefdabb000 	C:\Windows\system32\ADVAPI32.dll
0x000007fefd930000 - 0x000007fefd9cf000 	C:\Windows\system32\msvcrt.dll
0x000007fefd430000 - 0x000007fefd44f000 	C:\Windows\SYSTEM32\sechost.dll
0x000007fefed40000 - 0x000007fefee6d000 	C:\Windows\system32\RPCRT4.dll
0x0000000076e30000 - 0x0000000076f2a000 	C:\Windows\system32\USER32.dll
0x000007fefdac0000 - 0x000007fefdb27000 	C:\Windows\system32\GDI32.dll
0x000007fefd9d0000 - 0x000007fefd9de000 	C:\Windows\system32\LPK.dll
0x000007fefd830000 - 0x000007fefd8f9000 	C:\Windows\system32\USP10.dll
0x000007fefb830000 - 0x000007fefba24000 	C:\Windows\WinSxS\amd64_microsoft.windows.common-controls_6595b64144ccf1df_6.0.7601.17514_none_fa396087175ac9ac\COMCTL32.dll
0x000007fefdc50000 - 0x000007fefdcc1000 	C:\Windows\system32\SHLWAPI.dll
0x000007fefd900000 - 0x000007fefd92e000 	C:\Windows\system32\IMM32.DLL
0x000007feff120000 - 0x000007feff229000 	C:\Windows\system32\MSCTF.dll
0x0000000066b80000 - 0x0000000066c52000 	C:\Program Files\Java\jdk1.8.0_101\jre\bin\msvcr100.dll
0x000000006cd10000 - 0x000000006d5aa000 	C:\Program Files\Java\jdk1.8.0_101\jre\bin\server\jvm.dll
0x000007fef7f40000 - 0x000007fef7f49000 	C:\Windows\system32\WSOCK32.dll
0x000007fefecf0000 - 0x000007fefed3d000 	C:\Windows\system32\WS2_32.dll
0x000007feff230000 - 0x000007feff238000 	C:\Windows\system32\NSI.dll
0x000007fefa930000 - 0x000007fefa96b000 	C:\Windows\system32\WINMM.dll
0x000007fefbe20000 - 0x000007fefbe2c000 	C:\Windows\system32\VERSION.dll
0x0000000077100000 - 0x0000000077107000 	C:\Windows\system32\PSAPI.DLL
0x0000000074870000 - 0x000000007487f000 	C:\Program Files\Java\jdk1.8.0_101\jre\bin\verify.dll
0x0000000074840000 - 0x0000000074869000 	C:\Program Files\Java\jdk1.8.0_101\jre\bin\java.dll
0x0000000073e30000 - 0x0000000073e46000 	C:\Program Files\Java\jdk1.8.0_101\jre\bin\zip.dll
0x000007fefdf60000 - 0x000007fefece8000 	C:\Windows\system32\SHELL32.dll
0x000007fefef10000 - 0x000007feff113000 	C:\Windows\system32\ole32.dll
0x000007fefce80000 - 0x000007fefce8f000 	C:\Windows\system32\profapi.dll

VM Arguments:
jvm_args: -Djava.awt.headless=true -Xmx4g -Dfile.encoding=windows-1252 -Duser.country=US -Duser.language=en -Duser.variant 
java_command: com.android.dx.command.Main --dex --force-jumbo --num-threads=4 --multi-dex --output D:\MyPC\workplaceproject\temp\FirstApp\app\build\intermediates\transforms\dex\debug\folders\1000\10\com.google.android.gms-play-services-ads-9.6.1_249e8f63fe15eb64da717d2ead7aa55082d8c000 D:\MyPC\workplaceproject\temp\FirstApp\app\build\intermediates\exploded-aar\com.google.android.gms\play-services-ads\9.6.1\jars\classes.jar
java_class_path (initial): C:\Users\db\AppData\Local\Android\Sdk\build-tools\24.0.3\lib\dx.jar
Launcher Type: SUN_STANDARD

Environment Variables:
PATH=C:\Program Files (x86)\Common Files\Intel\Shared Files\cpp\bin\Intel64;C:\Python27\;C:\Python27\Scripts;C:\ProgramData\Oracle\Java\javapath;c:\OraHome_1\bin;c:\OraHome_1\jre\1.4.2\bin\client;c:\OraHome_1\jre\1.4.2\bin;c:\DevSuiteHome_1\jdk\jre\bin\classic;c:\DevSuiteHome_1\jdk\jre\bin;c:\DevSuiteHome_1\jdk\jre\bin\client;c:\DevSuiteHome_1\jlib;c:\DevSuiteHome_1\bin;c:\DevSuiteHome_1\jre\1.4.2\bin\client;c:\DevSuiteHome_1\jre\1.4.2\bin;C:\Windows\system32;C:\Windows;C:\Windows\System32\Wbem;C:\Windows\System32\WindowsPowerShell\v1.0\;C:\Program Files\Java\jdk1.8.0_101\bin;C:\Program Files (x86)\Skype\Phone\;C:\Program Files\nodejs\;C:\Users\db\AppData\Local\atom\bin;C:\Users\db\AppData\Roaming\npm
USERNAME=db
OS=Windows_NT
PROCESSOR_IDENTIFIER=Intel64 Family 6 Model 60 Stepping 3, GenuineIntel



---------------  S Y S T E M  ---------------

OS: Windows 7 , 64 bit Build 7601 (6.1.7601.17514)

CPU:total 4 (2 cores per cpu, 2 threads per core) family 6 model 60 stepping 3, cmov, cx8, fxsr, mmx, sse, sse2, sse3, ssse3, sse4.1, sse4.2, popcnt, avx, avx2, aes, clmul, erms, lzcnt, ht, tsc, tscinvbit, bmi1, bmi2

Memory: 4k page, physical 8256556k(1440220k free), swap 9893108k(5336k free)

vm_info: Java HotSpot(TM) 64-Bit Server VM (25.101-b13) for windows-amd64 JRE (1.8.0_101-b13), built on Jun 22 2016 01:21:29 by "java_re" with MS VC++ 10.0 (VS2010)

time: Mon Oct 16 15:38:45 2017
elapsed time: 1 seconds (0d 0h 0m 1s)

