#
# There is insufficient memory for the Java Runtime Environment to continue.
# Native memory allocation (malloc) failed to allocate 32744 bytes for ChunkPool::allocate
# Possible reasons:
#   The system is out of physical RAM or swap space
#   In 32 bit mode, the process size limit was hit
# Possible solutions:
#   Reduce memory load on the system
#   Increase physical memory or swap space
#   Check if swap backing store is full
#   Use 64 bit Java on a 64 bit OS
#   Decrease Java heap size (-Xmx/-Xms)
#   Decrease number of Java threads
#   Decrease Java thread stack sizes (-Xss)
#   Set larger code cache with -XX:ReservedCodeCacheSize=
# This output file may be truncated or incomplete.
#
#  Out of Memory Error (allocation.cpp:273), pid=4308, tid=0x00000000000018cc
#
# JRE version: OpenJDK Runtime Environment (8.0_152-b01) (build 1.8.0_152-release-915-b01)
# Java VM: OpenJDK 64-Bit Server VM (25.152-b01 mixed mode windows-amd64 compressed oops)
# Failed to write core dump. Minidumps are not enabled by default on client versions of Windows
#

---------------  T H R E A D  ---------------

Current thread (0x000000001d521800):  JavaThread "C2 CompilerThread0" daemon [_thread_in_vm, id=6348, stack(0x000000001d1e0000,0x000000001d2e0000)]

Stack: [0x000000001d1e0000,0x000000001d2e0000]
[error occurred during error reporting (printing stack bounds), id 0xc0000005]

Native frames: (J=compiled Java code, j=interpreted, Vv=VM code, C=native code)


Current CompileTask:
C2:  31113 3177       4       java.util.TreeMap$Entry::hashCode (42 bytes)


---------------  P R O C E S S  ---------------

Java Threads: ( => current thread )
  0x000000001e91d000 JavaThread "pool-1-thread-1" [_thread_blocked, id=6356, stack(0x0000000021060000,0x0000000021160000)]
  0x000000001d8e1000 JavaThread "pool-2-thread-4" [_thread_blocked, id=5364, stack(0x000000001ff80000,0x0000000020080000)]
  0x000000001d755800 JavaThread "pool-2-thread-3" [_thread_blocked, id=1696, stack(0x000000001fd80000,0x000000001fe80000)]
  0x000000001d755000 JavaThread "pool-2-thread-2" [_thread_blocked, id=6700, stack(0x000000001fc80000,0x000000001fd80000)]
  0x000000001d816800 JavaThread "pool-3-thread-1" [_thread_blocked, id=7056, stack(0x000000001fb60000,0x000000001fc60000)]
  0x000000001d811800 JavaThread "pool-2-thread-1" [_thread_blocked, id=5176, stack(0x000000001fa10000,0x000000001fb10000)]
  0x000000001c16f000 JavaThread "Service Thread" daemon [_thread_blocked, id=6588, stack(0x000000001cf70000,0x000000001d070000)]
  0x000000001d52b000 JavaThread "C1 CompilerThread2" daemon [_thread_in_native, id=6640, stack(0x000000001dd10000,0x000000001de10000)]
  0x000000001d528800 JavaThread "C2 CompilerThread1" daemon [_thread_in_native, id=5232, stack(0x000000001de10000,0x000000001df10000)]
=>0x000000001d521800 JavaThread "C2 CompilerThread0" daemon [_thread_in_vm, id=6348, stack(0x000000001d1e0000,0x000000001d2e0000)]
  0x000000001d520800 JavaThread "Attach Listener" daemon [_thread_blocked, id=4144, stack(0x000000001dbc0000,0x000000001dcc0000)]
  0x000000001c162800 JavaThread "Signal Dispatcher" daemon [_thread_blocked, id=1544, stack(0x000000001d9d0000,0x000000001dad0000)]
  0x000000001c148000 JavaThread "Finalizer" daemon [_thread_blocked, id=6496, stack(0x000000001d420000,0x000000001d520000)]
  0x000000001c101000 JavaThread "Reference Handler" daemon [_thread_blocked, id=6596, stack(0x000000001d2e0000,0x000000001d3e0000)]
  0x000000000218e800 JavaThread "main" [_thread_blocked, id=6952, stack(0x0000000002380000,0x0000000002480000)]

Other Threads:
  0x000000001c0f9800 VMThread [stack: 0x000000001d090000,0x000000001d190000] [id=5236]
  0x000000001d5a2000 WatcherThread [stack: 0x000000001dfc0000,0x000000001e0c0000] [id=4392]

VM state:synchronizing (normal execution)

VM Mutex/Monitor currently owned by a thread:  ([mutex/lock_event])
[0x000000000218cea0] Threads_lock - owner thread: 0x000000001c0f9800

Heap:
 PSYoungGen      total 902144K, used 246503K [0x000000076ab00000, 0x00000007bfe00000, 0x00000007c0000000)
  eden space 699904K, 6% used [0x000000076ab00000,0x000000076d63dd00,0x0000000795680000)
  from space 202240K, 99% used [0x0000000795680000,0x00000007a1bfc2a8,0x00000007a1c00000)
  to   space 316416K, 0% used [0x00000007ac900000,0x00000007ac900000,0x00000007bfe00000)
 ParOldGen       total 801280K, used 643340K [0x00000006c0000000, 0x00000006f0e80000, 0x000000076ab00000)
  object space 801280K, 80% used [0x00000006c0000000,0x00000006e7443240,0x00000006f0e80000)
 Metaspace       used 6765K, capacity 7384K, committed 7680K, reserved 1056768K
  class space    used 619K, capacity 656K, committed 768K, reserved 1048576K

Card table byte_map: [0x0000000011b10000,0x0000000012320000] byte_map_base: 0x000000000e510000

Marking Bits: (ParMarkBitMap*) 0x000000006e9e3950
 Begin Bits: [0x0000000012f70000, 0x0000000016f70000)
 End Bits:   [0x0000000016f70000, 0x000000001af70000)

Polling page: 0x0000000001c60000

CodeCache: size=245760Kb used=10676Kb max_used=14494Kb free=235083Kb
 bounds [0x0000000002750000, 0x0000000003590000, 0x0000000011750000]
 total_blobs=2539 nmethods=2270 adapters=182
 compilation: enabled

Compilation events (10 events):
Event: 30.928 Thread 0x000000001d521800 3177       4       java.util.TreeMap$Entry::hashCode (42 bytes)
Event: 30.928 Thread 0x000000001d52b000 3179       3       com.android.dx.dex.file.AnnotationsDirectoryItem::itemType (4 bytes)
Event: 30.928 Thread 0x000000001d52b000 nmethod 3179 0x0000000002d2c450 code [0x0000000002d2c5a0, 0x0000000002d2c6f0]
Event: 30.928 Thread 0x000000001d52b000 3180       3       com.android.dx.dex.file.AnnotationSetItem::itemType (4 bytes)
Event: 30.928 Thread 0x000000001d52b000 nmethod 3180 0x0000000002dbe290 code [0x0000000002dbe3e0, 0x0000000002dbe530]
Event: 30.928 Thread 0x000000001d52b000 3181       3       com.android.dx.rop.cst.CstLiteral32::compareTo0 (30 bytes)
Event: 30.928 Thread 0x000000001d52b000 nmethod 3181 0x000000000307cb90 code [0x000000000307cd00, 0x000000000307cff0]
Event: 30.929 Thread 0x000000001d52b000 3182       3       com.android.dx.dex.file.EncodedField::hashCode (8 bytes)
Event: 30.930 Thread 0x000000001d52b000 nmethod 3182 0x00000000029d9010 code [0x00000000029d91e0, 0x00000000029d9b08]
Event: 30.930 Thread 0x000000001d52b000 3183       3       com.android.dx.dex.file.ClassDataItem::makeStaticValuesConstant (173 bytes)

GC Heap History (10 events):
Event: 16.112 GC heap before
{Heap before GC invocations=17 (full 3):
 PSYoungGen      total 770048K, used 770029K [0x000000076ab00000, 0x00000007acd00000, 0x00000007c0000000)
  eden space 631808K, 100% used [0x000000076ab00000,0x0000000791400000,0x0000000791400000)
  from space 138240K, 99% used [0x0000000791400000,0x0000000799afb7c8,0x0000000799b00000)
  to   space 181248K, 0% used [0x00000007a1c00000,0x00000007a1c00000,0x00000007acd00000)
 ParOldGen       total 514560K, used 363365K [0x00000006c0000000, 0x00000006df680000, 0x000000076ab00000)
  object space 514560K, 70% used [0x00000006c0000000,0x00000006d62d96a0,0x00000006df680000)
 Metaspace       used 6707K, capacity 7320K, committed 7680K, reserved 1056768K
  class space    used 615K, capacity 656K, committed 768K, reserved 1048576K
Event: 16.399 GC heap after
Heap after GC invocations=17 (full 3):
 PSYoungGen      total 881152K, used 153085K [0x000000076ab00000, 0x00000007b0200000, 0x00000007c0000000)
  eden space 699904K, 0% used [0x000000076ab00000,0x000000076ab00000,0x0000000795680000)
  from space 181248K, 84% used [0x00000007a1c00000,0x00000007ab17f6c0,0x00000007acd00000)
  to   space 202240K, 0% used [0x0000000795680000,0x0000000795680000,0x00000007a1c00000)
 ParOldGen       total 514560K, used 447520K [0x00000006c0000000, 0x00000006df680000, 0x000000076ab00000)
  object space 514560K, 86% used [0x00000006c0000000,0x00000006db508080,0x00000006df680000)
 Metaspace       used 6707K, capacity 7320K, committed 7680K, reserved 1056768K
  class space    used 615K, capacity 656K, committed 768K, reserved 1048576K
}
Event: 16.399 GC heap before
{Heap before GC invocations=18 (full 4):
 PSYoungGen      total 881152K, used 153085K [0x000000076ab00000, 0x00000007b0200000, 0x00000007c0000000)
  eden space 699904K, 0% used [0x000000076ab00000,0x000000076ab00000,0x0000000795680000)
  from space 181248K, 84% used [0x00000007a1c00000,0x00000007ab17f6c0,0x00000007acd00000)
  to   space 202240K, 0% used [0x0000000795680000,0x0000000795680000,0x00000007a1c00000)
 ParOldGen       total 514560K, used 447520K [0x00000006c0000000, 0x00000006df680000, 0x000000076ab00000)
  object space 514560K, 86% used [0x00000006c0000000,0x00000006db508080,0x00000006df680000)
 Metaspace       used 6707K, capacity 7320K, committed 7680K, reserved 1056768K
  class space    used 615K, capacity 656K, committed 768K, reserved 1048576K
Event: 20.139 GC heap after
Heap after GC invocations=18 (full 4):
 PSYoungGen      total 881152K, used 79321K [0x000000076ab00000, 0x00000007b0200000, 0x00000007c0000000)
  eden space 699904K, 0% used [0x000000076ab00000,0x000000076ab00000,0x0000000795680000)
  from space 181248K, 43% used [0x00000007a1c00000,0x00000007a69766f8,0x00000007acd00000)
  to   space 202240K, 0% used [0x0000000795680000,0x0000000795680000,0x00000007a1c00000)
 ParOldGen       total 801280K, used 514278K [0x00000006c0000000, 0x00000006f0e80000, 0x000000076ab00000)
  object space 801280K, 64% used [0x00000006c0000000,0x00000006df639bb8,0x00000006f0e80000)
 Metaspace       used 6707K, capacity 7320K, committed 7680K, reserved 1056768K
  class space    used 615K, capacity 656K, committed 768K, reserved 1048576K
}
Event: 22.693 GC heap before
{Heap before GC invocations=19 (full 4):
 PSYoungGen      total 881152K, used 779225K [0x000000076ab00000, 0x00000007b0200000, 0x00000007c0000000)
  eden space 699904K, 100% used [0x000000076ab00000,0x0000000795680000,0x0000000795680000)
  from space 181248K, 43% used [0x00000007a1c00000,0x00000007a69766f8,0x00000007acd00000)
  to   space 202240K, 0% used [0x0000000795680000,0x0000000795680000,0x00000007a1c00000)
 ParOldGen       total 801280K, used 514278K [0x00000006c0000000, 0x00000006f0e80000, 0x000000076ab00000)
  object space 801280K, 64% used [0x00000006c0000000,0x00000006df639bb8,0x00000006f0e80000)
 Metaspace       used 6708K, capacity 7320K, committed 7680K, reserved 1056768K
  class space    used 615K, capacity 656K, committed 768K, reserved 1048576K
Event: 23.033 GC heap after
Heap after GC invocations=19 (full 4):
 PSYoungGen      total 902144K, used 202217K [0x000000076ab00000, 0x00000007b9d80000, 0x00000007c0000000)
  eden space 699904K, 0% used [0x000000076ab00000,0x000000076ab00000,0x0000000795680000)
  from space 202240K, 99% used [0x0000000795680000,0x00000007a1bfa728,0x00000007a1c00000)
  to   space 251392K, 0% used [0x00000007aa800000,0x00000007aa800000,0x00000007b9d80000)
 ParOldGen       total 801280K, used 553525K [0x00000006c0000000, 0x00000006f0e80000, 0x000000076ab00000)
  object space 801280K, 69% used [0x00000006c0000000,0x00000006e1c8d4d0,0x00000006f0e80000)
 Metaspace       used 6708K, capacity 7320K, committed 7680K, reserved 1056768K
  class space    used 615K, capacity 656K, committed 768K, reserved 1048576K
}
Event: 24.016 GC heap before
{Heap before GC invocations=20 (full 4):
 PSYoungGen      total 902144K, used 902121K [0x000000076ab00000, 0x00000007b9d80000, 0x00000007c0000000)
  eden space 699904K, 100% used [0x000000076ab00000,0x0000000795680000,0x0000000795680000)
  from space 202240K, 99% used [0x0000000795680000,0x00000007a1bfa728,0x00000007a1c00000)
  to   space 251392K, 0% used [0x00000007aa800000,0x00000007aa800000,0x00000007b9d80000)
 ParOldGen       total 801280K, used 553525K [0x00000006c0000000, 0x00000006f0e80000, 0x000000076ab00000)
  object space 801280K, 69% used [0x00000006c0000000,0x00000006e1c8d4d0,0x00000006f0e80000)
 Metaspace       used 6708K, capacity 7320K, committed 7680K, reserved 1056768K
  class space    used 615K, capacity 656K, committed 768K, reserved 1048576K
Event: 24.246 GC heap after
Heap after GC invocations=20 (full 4):
 PSYoungGen      total 951296K, used 231087K [0x000000076ab00000, 0x00000007b9d80000, 0x00000007c0000000)
  eden space 699904K, 0% used [0x000000076ab00000,0x000000076ab00000,0x0000000795680000)
  from space 251392K, 91% used [0x00000007aa800000,0x00000007b89abe20,0x00000007b9d80000)
  to   space 202240K, 0% used [0x0000000795680000,0x0000000795680000,0x00000007a1c00000)
 ParOldGen       total 801280K, used 614360K [0x00000006c0000000, 0x00000006f0e80000, 0x000000076ab00000)
  object space 801280K, 76% used [0x00000006c0000000,0x00000006e57f6258,0x00000006f0e80000)
 Metaspace       used 6708K, capacity 7320K, committed 7680K, reserved 1056768K
  class space    used 615K, capacity 656K, committed 768K, reserved 1048576K
}
Event: 30.667 GC heap before
{Heap before GC invocations=21 (full 4):
 PSYoungGen      total 951296K, used 930991K [0x000000076ab00000, 0x00000007b9d80000, 0x00000007c0000000)
  eden space 699904K, 100% used [0x000000076ab00000,0x0000000795680000,0x0000000795680000)
  from space 251392K, 91% used [0x00000007aa800000,0x00000007b89abe20,0x00000007b9d80000)
  to   space 202240K, 0% used [0x0000000795680000,0x0000000795680000,0x00000007a1c00000)
 ParOldGen       total 801280K, used 614360K [0x00000006c0000000, 0x00000006f0e80000, 0x000000076ab00000)
  object space 801280K, 76% used [0x00000006c0000000,0x00000006e57f6258,0x00000006f0e80000)
 Metaspace       used 6711K, capacity 7320K, committed 7680K, reserved 1056768K
  class space    used 615K, capacity 656K, committed 768K, reserved 1048576K
Event: 30.891 GC heap after
Heap after GC invocations=21 (full 4):
 PSYoungGen      total 902144K, used 202224K [0x000000076ab00000, 0x00000007bfe00000, 0x00000007c0000000)
  eden space 699904K, 0% used [0x000000076ab00000,0x000000076ab00000,0x0000000795680000)
  from space 202240K, 99% used [0x0000000795680000,0x00000007a1bfc2a8,0x00000007a1c00000)
  to   space 316416K, 0% used [0x00000007ac900000,0x00000007ac900000,0x00000007bfe00000)
 ParOldGen       total 801280K, used 643340K [0x00000006c0000000, 0x00000006f0e80000, 0x000000076ab00000)
  object space 801280K, 80% used [0x00000006c0000000,0x00000006e7443240,0x00000006f0e80000)
 Metaspace       used 6711K, capacity 7320K, committed 7680K, reserved 1056768K
  class space    used 615K, capacity 656K, committed 768K, reserved 1048576K
}

Deoptimization events (10 events):
Event: 27.670 Thread 0x000000001d755000 Uncommon trap: reason=bimorphic action=maybe_recompile pc=0x0000000002b144f0 method=com.android.dx.cf.code.BytecodeArray.parseInstruction(ILcom/android/dx/cf/code/BytecodeArray$Visitor;)I @ 1035
Event: 29.357 Thread 0x000000001d8e1000 Uncommon trap: reason=unstable_if action=reinterpret pc=0x0000000003218768 method=com.android.dx.cf.code.Ropper.processBlock(Lcom/android/dx/cf/code/ByteBlock;Lcom/android/dx/cf/code/Frame;[I)V @ 651
Event: 30.231 Thread 0x000000001d811800 Uncommon trap: reason=bimorphic action=maybe_recompile pc=0x0000000002d79ce0 method=com.android.dx.cf.code.BytecodeArray.parseInstruction(ILcom/android/dx/cf/code/BytecodeArray$Visitor;)I @ 2554
Event: 30.231 Thread 0x000000001d811800 Uncommon trap: reason=bimorphic action=maybe_recompile pc=0x0000000002d79ce0 method=com.android.dx.cf.code.BytecodeArray.parseInstruction(ILcom/android/dx/cf/code/BytecodeArray$Visitor;)I @ 2554
Event: 30.909 Thread 0x000000001e91d000 Uncommon trap: reason=class_check action=maybe_recompile pc=0x0000000002ba01a4 method=java.util.Arrays.hashCode([Ljava/lang/Object;)I @ 43
Event: 30.909 Thread 0x000000001e91d000 Uncommon trap: reason=class_check action=maybe_recompile pc=0x0000000002ba01a4 method=java.util.Arrays.hashCode([Ljava/lang/Object;)I @ 43
Event: 30.909 Thread 0x000000001e91d000 Uncommon trap: reason=class_check action=maybe_recompile pc=0x0000000002ba01a4 method=java.util.Arrays.hashCode([Ljava/lang/Object;)I @ 43
Event: 30.909 Thread 0x000000001e91d000 Uncommon trap: reason=class_check action=maybe_recompile pc=0x0000000002ba01a4 method=java.util.Arrays.hashCode([Ljava/lang/Object;)I @ 43
Event: 30.909 Thread 0x000000001e91d000 Uncommon trap: reason=class_check action=maybe_recompile pc=0x0000000002ba3004 method=java.util.Arrays.hashCode([Ljava/lang/Object;)I @ 43
Event: 30.910 Thread 0x000000001e91d000 Uncommon trap: reason=unstable_if action=reinterpret pc=0x0000000002a928ac method=java.util.Arrays.sort([Ljava/lang/Object;IILjava/util/Comparator;)V @ 1

Classes redefined (0 events):
No events

Internal exceptions (9 events):
Event: 0.017 Thread 0x000000000218e800 Exception <a 'java/lang/NoSuchMethodError': Method sun.misc.Unsafe.defineClass(Ljava/lang/String;[BII)Ljava/lang/Class; name or signature does not match> (0x000000076ab07ca8) thrown at [D:\src\AOSP-openjdk-cygwin\jdk8u\hotspot\src\share\vm\prims\jni.cpp, 
Event: 0.017 Thread 0x000000000218e800 Exception <a 'java/lang/NoSuchMethodError': Method sun.misc.Unsafe.prefetchRead(Ljava/lang/Object;J)V name or signature does not match> (0x000000076ab07f90) thrown at [D:\src\AOSP-openjdk-cygwin\jdk8u\hotspot\src\share\vm\prims\jni.cpp, line 4011]
Event: 0.932 Thread 0x000000001d755800 Implicit null exception at 0x0000000002a9640c to 0x0000000002a97d1d
Event: 1.202 Thread 0x000000001d755800 Exception <a 'java/lang/ArrayIndexOutOfBoundsException': 18> (0x00000007707dc470) thrown at [D:\src\AOSP-openjdk-cygwin\jdk8u\hotspot\src\share\vm\interpreter\interpreterRuntime.cpp, line 366]
Event: 1.202 Thread 0x000000001d755800 Exception <a 'java/lang/ArrayIndexOutOfBoundsException': 145> (0x00000007707ddff0) thrown at [D:\src\AOSP-openjdk-cygwin\jdk8u\hotspot\src\share\vm\interpreter\interpreterRuntime.cpp, line 366]
Event: 1.203 Thread 0x000000001d755800 Exception <a 'java/lang/ArrayIndexOutOfBoundsException'> (0x00000007707df2d8) thrown at [D:\src\AOSP-openjdk-cygwin\jdk8u\hotspot\src\share\vm\runtime\sharedRuntime.cpp, line 605]
Event: 7.135 Thread 0x000000000218e800 Implicit null exception at 0x00000000028c1754 to 0x00000000028c2109
Event: 25.087 Thread 0x000000001d811800 Implicit null exception at 0x00000000031b6c6c to 0x00000000031b6c8e
Event: 30.910 Thread 0x000000001e91d000 Implicit null exception at 0x0000000002a8bf15 to 0x0000000002a9288d

Events (10 events):
Event: 30.909 Thread 0x000000001e91d000 DEOPT PACKING pc=0x0000000002ba01a4 sp=0x000000002115e710
Event: 30.909 Thread 0x000000001e91d000 DEOPT UNPACKING pc=0x000000000279556a sp=0x000000002115e640 mode 2
Event: 30.909 Thread 0x000000001e91d000 Uncommon trap: trap_request=0xffffffde fr.pc=0x0000000002ba3004
Event: 30.909 Thread 0x000000001e91d000 DEOPT PACKING pc=0x0000000002ba3004 sp=0x000000002115e6c0
Event: 30.909 Thread 0x000000001e91d000 DEOPT UNPACKING pc=0x000000000279556a sp=0x000000002115e648 mode 2
Event: 30.910 Thread 0x000000001e91d000 Uncommon trap: trap_request=0xffffff65 fr.pc=0x0000000002a928ac
Event: 30.910 Thread 0x000000001e91d000 DEOPT PACKING pc=0x0000000002a928ac sp=0x000000002115e970
Event: 30.910 Thread 0x000000001e91d000 DEOPT UNPACKING pc=0x000000000279556a sp=0x000000002115e9b8 mode 2
Event: 30.912 loading class com/android/dx/rop/cst/Zeroes
Event: 30.912 loading class com/android/dx/rop/cst/Zeroes done


Dynamic libraries:
0x000000013f690000 - 0x000000013f6c1000 	C:\Program Files\Android\Android Studio\jre\bin\java.exe
0x00000000772b0000 - 0x0000000077459000 	C:\Windows\SYSTEM32\ntdll.dll
0x0000000077190000 - 0x00000000772af000 	C:\Windows\system32\kernel32.dll
0x000007fefd4e0000 - 0x000007fefd54b000 	C:\Windows\system32\KERNELBASE.dll
0x000007fefd640000 - 0x000007fefd71b000 	C:\Windows\system32\ADVAPI32.dll
0x000007fefe900000 - 0x000007fefe99f000 	C:\Windows\system32\msvcrt.dll
0x000007fefe630000 - 0x000007fefe64f000 	C:\Windows\SYSTEM32\sechost.dll
0x000007fefe7d0000 - 0x000007fefe8fd000 	C:\Windows\system32\RPCRT4.dll
0x0000000077090000 - 0x000000007718a000 	C:\Windows\system32\USER32.dll
0x000007fefecf0000 - 0x000007fefed57000 	C:\Windows\system32\GDI32.dll
0x000007fefd630000 - 0x000007fefd63e000 	C:\Windows\system32\LPK.dll
0x000007fefed70000 - 0x000007fefee39000 	C:\Windows\system32\USP10.dll
0x000007fefbbb0000 - 0x000007fefbda4000 	C:\Windows\WinSxS\amd64_microsoft.windows.common-controls_6595b64144ccf1df_6.0.7601.17514_none_fa396087175ac9ac\COMCTL32.dll
0x000007feff0d0000 - 0x000007feff141000 	C:\Windows\system32\SHLWAPI.dll
0x000007fefee40000 - 0x000007fefee6e000 	C:\Windows\system32\IMM32.DLL
0x000007fefd720000 - 0x000007fefd829000 	C:\Windows\system32\MSCTF.dll
0x000000006f490000 - 0x000000006f562000 	C:\Program Files\Android\Android Studio\jre\jre\bin\msvcr100.dll
0x000000006e220000 - 0x000000006ea5e000 	C:\Program Files\Android\Android Studio\jre\jre\bin\server\jvm.dll
0x000007feed600000 - 0x000007feed609000 	C:\Windows\system32\WSOCK32.dll
0x000007fefe5e0000 - 0x000007fefe62d000 	C:\Windows\system32\WS2_32.dll
0x000007fefed60000 - 0x000007fefed68000 	C:\Windows\system32\NSI.dll
0x000007fefaac0000 - 0x000007fefaafb000 	C:\Windows\system32\WINMM.dll
0x000007fefc1a0000 - 0x000007fefc1ac000 	C:\Windows\system32\VERSION.dll
0x0000000077470000 - 0x0000000077477000 	C:\Windows\system32\PSAPI.DLL
0x000007fefb3c0000 - 0x000007fefb3cf000 	C:\Program Files\Android\Android Studio\jre\jre\bin\verify.dll
0x000007feed5a0000 - 0x000007feed5c9000 	C:\Program Files\Android\Android Studio\jre\jre\bin\java.dll
0x000007feed5e0000 - 0x000007feed5f6000 	C:\Program Files\Android\Android Studio\jre\jre\bin\zip.dll
0x000007fefd850000 - 0x000007fefe5d8000 	C:\Windows\system32\SHELL32.dll
0x000007feff150000 - 0x000007feff353000 	C:\Windows\system32\ole32.dll
0x000007fefd200000 - 0x000007fefd20f000 	C:\Windows\system32\profapi.dll

VM Arguments:
jvm_args: -Djava.awt.headless=true -Xmx4g -Dfile.encoding=windows-1252 -Duser.country=US -Duser.language=en -Duser.variant 
java_command: com.android.dx.command.Main --dex --num-threads=4 --multi-dex --main-dex-list D:\MyPC\androidworkplace\FirstApp\app\build\intermediates\multi-dex\debug\maindexlist.txt --output D:\MyPC\androidworkplace\FirstApp\app\build\intermediates\transforms\dex\debug\folders\1000\1f\main D:\MyPC\androidworkplace\FirstApp\app\build\intermediates\transforms\jarMerging\debug\jars\1\1f\combined.jar
java_class_path (initial): C:\Users\db\AppData\Local\Android\Sdk\build-tools\24.0.3\lib\dx.jar
Launcher Type: SUN_STANDARD

Environment Variables:
PATH=C:\ProgramData\Oracle\Java\javapath;C:\Program Files (x86)\Common Files\Intel\Shared Files\cpp\bin\Intel64;c:\OraHome_1\bin;c:\OraHome_1\jre\1.4.2\bin\client;c:\OraHome_1\jre\1.4.2\bin;c:\DevSuiteHome_1\jdk\jre\bin\classic;c:\DevSuiteHome_1\jdk\jre\bin;c:\DevSuiteHome_1\jdk\jre\bin\client;c:\DevSuiteHome_1\jlib;c:\DevSuiteHome_1\bin;c:\DevSuiteHome_1\jre\1.4.2\bin\client;c:\DevSuiteHome_1\jre\1.4.2\bin;C:\Windows\system32;C:\Windows;C:\Windows\System32\Wbem;C:\Windows\System32\WindowsPowerShell\v1.0\;C:\Program Files\Java\jdk1.8.0_101\bin;C:\Program Files (x86)\Skype\Phone\;C:\Program Files\nodejs\;C:\Users\db\AppData\Roaming\npm
USERNAME=db
OS=Windows_NT
PROCESSOR_IDENTIFIER=Intel64 Family 6 Model 60 Stepping 3, GenuineIntel



---------------  S Y S T E M  ---------------

OS: Windows 7 , 64 bit Build 7601 (6.1.7601.17514)

CPU:total 4 (initial active 4) (2 cores per cpu, 2 threads per core) family 6 model 60 stepping 3, cmov, cx8, fxsr, mmx, sse, sse2, sse3, ssse3, sse4.1, sse4.2, popcnt, avx, avx2, aes, clmul, erms, lzcnt, ht, tsc, tscinvbit, bmi1, bmi2

Memory: 4k page, physical 8256556k(873512k free), swap 9893108k(5160k free)

vm_info: OpenJDK 64-Bit Server VM (25.152-b01) for windows-amd64 JRE (1.8.0_152-release-915-b01), built by "builder" with MS VC++ 10.0 (VS2010)

time: Mon Nov 27 15:46:01 2017
elapsed time: 31 seconds (0d 0h 0m 31s)

