#
# There is insufficient memory for the Java Runtime Environment to continue.
# Native memory allocation (malloc) failed to allocate 32744 bytes for ChunkPool::allocate
# Possible reasons:
#   The system is out of physical RAM or swap space
#   In 32 bit mode, the process size limit was hit
# Possible solutions:
#   Reduce memory load on the system
#   Increase physical memory or swap space
#   Check if swap backing store is full
#   Use 64 bit Java on a 64 bit OS
#   Decrease Java heap size (-Xmx/-Xms)
#   Decrease number of Java threads
#   Decrease Java thread stack sizes (-Xss)
#   Set larger code cache with -XX:ReservedCodeCacheSize=
# This output file may be truncated or incomplete.
#
#  Out of Memory Error (allocation.cpp:273), pid=5792, tid=0x0000000000001950
#
# JRE version: OpenJDK Runtime Environment (8.0_152-b01) (build 1.8.0_152-release-915-b01)
# Java VM: OpenJDK 64-Bit Server VM (25.152-b01 mixed mode windows-amd64 compressed oops)
# Failed to write core dump. Minidumps are not enabled by default on client versions of Windows
#

---------------  T H R E A D  ---------------

Current thread (0x000000001d9e4800):  JavaThread "C2 CompilerThread1" daemon [_thread_in_native, id=6480, stack(0x000000001de90000,0x000000001df90000)]

Stack: [0x000000001de90000,0x000000001df90000]
[error occurred during error reporting (printing stack bounds), id 0xc0000005]

Native frames: (J=compiled Java code, j=interpreted, Vv=VM code, C=native code)


Current CompileTask:
C2:   9580 1976       4       com.android.dx.rop.code.Rops::ropFor (771 bytes)


---------------  P R O C E S S  ---------------

Java Threads: ( => current thread )
  0x000000001e6aa000 JavaThread "pool-2-thread-4" [_thread_in_Java, id=1092, stack(0x000000001fd20000,0x000000001fe20000)]
  0x000000001e80f000 JavaThread "pool-2-thread-3" [_thread_blocked, id=2384, stack(0x000000001fe20000,0x000000001ff20000)]
  0x000000001e2bc800 JavaThread "pool-2-thread-2" [_thread_blocked, id=5480, stack(0x000000001fc20000,0x000000001fd20000)]
  0x000000001e2bc000 JavaThread "pool-3-thread-1" [_thread_blocked, id=6672, stack(0x000000001fa70000,0x000000001fb70000)]
  0x000000001e96d000 JavaThread "pool-2-thread-1" [_thread_blocked, id=6108, stack(0x000000001d5f0000,0x000000001d6f0000)]
  0x000000001da5e800 JavaThread "Service Thread" daemon [_thread_blocked, id=2376, stack(0x000000001d1f0000,0x000000001d2f0000)]
  0x000000001bf47800 JavaThread "C1 CompilerThread2" daemon [_thread_blocked, id=7008, stack(0x000000001df90000,0x000000001e090000)]
=>0x000000001d9e4800 JavaThread "C2 CompilerThread1" daemon [_thread_in_native, id=6480, stack(0x000000001de90000,0x000000001df90000)]
  0x000000001bf3e800 JavaThread "C2 CompilerThread0" daemon [_thread_in_native, id=6360, stack(0x000000001d8e0000,0x000000001d9e0000)]
  0x000000001bf3d800 JavaThread "Attach Listener" daemon [_thread_blocked, id=2332, stack(0x000000001d6f0000,0x000000001d7f0000)]
  0x000000001bf4c800 JavaThread "Signal Dispatcher" daemon [_thread_blocked, id=7116, stack(0x000000001d4d0000,0x000000001d5d0000)]
  0x000000001bf28000 JavaThread "Finalizer" daemon [_thread_blocked, id=1412, stack(0x000000001d330000,0x000000001d430000)]
  0x000000001bee1000 JavaThread "Reference Handler" daemon [_thread_blocked, id=6996, stack(0x000000001d0c0000,0x000000001d1c0000)]
  0x0000000001fee800 JavaThread "main" [_thread_in_Java, id=1644, stack(0x00000000022d0000,0x00000000023d0000)]

Other Threads:
  0x000000001bed9800 VMThread [stack: 0x000000001cf20000,0x000000001d020000] [id=2932]
  0x000000001da61800 WatcherThread [stack: 0x000000001e090000,0x000000001e190000] [id=6368]

VM state:not at safepoint (normal execution)

VM Mutex/Monitor currently owned by a thread: None

Heap:
 PSYoungGen      total 684544K, used 284595K [0x000000076ab00000, 0x00000007a6680000, 0x00000007c0000000)
  eden space 574464K, 30% used [0x000000076ab00000,0x000000077556edf8,0x000000078dc00000)
  from space 110080K, 99% used [0x000000078dc00000,0x000000079477de60,0x0000000794780000)
  to   space 152064K, 0% used [0x000000079d200000,0x000000079d200000,0x00000007a6680000)
 ParOldGen       total 297984K, used 229618K [0x00000006c0000000, 0x00000006d2300000, 0x000000076ab00000)
  object space 297984K, 77% used [0x00000006c0000000,0x00000006ce03ca38,0x00000006d2300000)
 Metaspace       used 6694K, capacity 7320K, committed 7680K, reserved 1056768K
  class space    used 614K, capacity 656K, committed 768K, reserved 1048576K

Card table byte_map: [0x0000000011a60000,0x0000000012270000] byte_map_base: 0x000000000e460000

Marking Bits: (ParMarkBitMap*) 0x000000006c243950
 Begin Bits: [0x0000000012d50000, 0x0000000016d50000)
 End Bits:   [0x0000000016d50000, 0x000000001ad50000)

Polling page: 0x0000000001fa0000

CodeCache: size=245760Kb used=11546Kb max_used=11546Kb free=234213Kb
 bounds [0x00000000026a0000, 0x0000000003200000, 0x00000000116a0000]
 total_blobs=2672 nmethods=2401 adapters=182
 compilation: enabled

Compilation events (10 events):
Event: 9.349 Thread 0x000000001bf47800 2513       1       com.android.dx.rop.code.FillArrayDataInsn::getInitValues (5 bytes)
Event: 9.349 Thread 0x000000001bf47800 nmethod 2513 0x00000000031c2950 code [0x00000000031c2aa0, 0x00000000031c2bb0]
Event: 9.365 Thread 0x000000001bf47800 2514       1       com.android.dx.rop.cst.CstLiteral32::getLongBits (6 bytes)
Event: 9.365 Thread 0x000000001bf47800 nmethod 2514 0x00000000031c2690 code [0x00000000031c27e0, 0x00000000031c28f0]
Event: 9.393 Thread 0x000000001bf47800 2517       2       com.android.dx.rop.cst.CstLong::make (9 bytes)
Event: 9.393 Thread 0x000000001bf47800 nmethod 2517 0x00000000031c2310 code [0x00000000031c2460, 0x00000000031c25f0]
Event: 9.393 Thread 0x000000001bf47800 2518       2       com.android.dx.rop.cst.CstLong::<init> (6 bytes)
Event: 9.393 Thread 0x000000001bf47800 nmethod 2518 0x00000000031c1fd0 code [0x00000000031c2120, 0x00000000031c2270]
Event: 9.431 Thread 0x000000001bf47800 2519       2       com.android.dx.ssa.Optimizer::optimizeMinimizeRegisters (41 bytes)
Event: 9.431 Thread 0x000000001bf47800 nmethod 2519 0x00000000031b5a90 code [0x00000000031b5c40, 0x00000000031b6008]

GC Heap History (10 events):
Event: 3.964 GC heap before
{Heap before GC invocations=9 (full 1):
 PSYoungGen      total 542720K, used 48123K [0x000000076ab00000, 0x0000000791f00000, 0x00000007c0000000)
  eden space 494592K, 0% used [0x000000076ab00000,0x000000076ab00000,0x0000000788e00000)
  from space 48128K, 99% used [0x000000078ce00000,0x000000078fcfee58,0x000000078fd00000)
  to   space 65536K, 0% used [0x0000000788e00000,0x0000000788e00000,0x000000078ce00000)
 ParOldGen       total 86016K, used 73757K [0x00000006c0000000, 0x00000006c5400000, 0x000000076ab00000)
  object space 86016K, 85% used [0x00000006c0000000,0x00000006c4807470,0x00000006c5400000)
 Metaspace       used 6645K, capacity 7320K, committed 7680K, reserved 1056768K
  class space    used 612K, capacity 656K, committed 768K, reserved 1048576K
Event: 4.717 GC heap after
Heap after GC invocations=9 (full 1):
 PSYoungGen      total 542720K, used 32701K [0x000000076ab00000, 0x0000000791f00000, 0x00000007c0000000)
  eden space 494592K, 0% used [0x000000076ab00000,0x000000076ab00000,0x0000000788e00000)
  from space 48128K, 67% used [0x000000078ce00000,0x000000078edef680,0x000000078fd00000)
  to   space 65536K, 0% used [0x0000000788e00000,0x0000000788e00000,0x000000078ce00000)
 ParOldGen       total 166912K, used 85726K [0x00000006c0000000, 0x00000006ca300000, 0x000000076ab00000)
  object space 166912K, 51% used [0x00000006c0000000,0x00000006c53b7bd0,0x00000006ca300000)
 Metaspace       used 6645K, capacity 7320K, committed 7680K, reserved 1056768K
  class space    used 612K, capacity 656K, committed 768K, reserved 1048576K
}
Event: 5.966 GC heap before
{Heap before GC invocations=10 (full 1):
 PSYoungGen      total 542720K, used 527293K [0x000000076ab00000, 0x0000000791f00000, 0x00000007c0000000)
  eden space 494592K, 100% used [0x000000076ab00000,0x0000000788e00000,0x0000000788e00000)
  from space 48128K, 67% used [0x000000078ce00000,0x000000078edef680,0x000000078fd00000)
  to   space 65536K, 0% used [0x0000000788e00000,0x0000000788e00000,0x000000078ce00000)
 ParOldGen       total 166912K, used 85726K [0x00000006c0000000, 0x00000006ca300000, 0x000000076ab00000)
  object space 166912K, 51% used [0x00000006c0000000,0x00000006c53b7bd0,0x00000006ca300000)
 Metaspace       used 6667K, capacity 7320K, committed 7680K, reserved 1056768K
  class space    used 612K, capacity 656K, committed 768K, reserved 1048576K
Event: 6.113 GC heap after
Heap after GC invocations=10 (full 1):
 PSYoungGen      total 560128K, used 65510K [0x000000076ab00000, 0x000000079b000000, 0x00000007c0000000)
  eden space 494592K, 0% used [0x000000076ab00000,0x000000076ab00000,0x0000000788e00000)
  from space 65536K, 99% used [0x0000000788e00000,0x000000078cdf9a98,0x000000078ce00000)
  to   space 94720K, 0% used [0x0000000795380000,0x0000000795380000,0x000000079b000000)
 ParOldGen       total 166912K, used 128208K [0x00000006c0000000, 0x00000006ca300000, 0x000000076ab00000)
  object space 166912K, 76% used [0x00000006c0000000,0x00000006c7d340e8,0x00000006ca300000)
 Metaspace       used 6667K, capacity 7320K, committed 7680K, reserved 1056768K
  class space    used 612K, capacity 656K, committed 768K, reserved 1048576K
}
Event: 6.113 GC heap before
{Heap before GC invocations=11 (full 2):
 PSYoungGen      total 560128K, used 65510K [0x000000076ab00000, 0x000000079b000000, 0x00000007c0000000)
  eden space 494592K, 0% used [0x000000076ab00000,0x000000076ab00000,0x0000000788e00000)
  from space 65536K, 99% used [0x0000000788e00000,0x000000078cdf9a98,0x000000078ce00000)
  to   space 94720K, 0% used [0x0000000795380000,0x0000000795380000,0x000000079b000000)
 ParOldGen       total 166912K, used 128208K [0x00000006c0000000, 0x00000006ca300000, 0x000000076ab00000)
  object space 166912K, 76% used [0x00000006c0000000,0x00000006c7d340e8,0x00000006ca300000)
 Metaspace       used 6667K, capacity 7320K, committed 7680K, reserved 1056768K
  class space    used 612K, capacity 656K, committed 768K, reserved 1048576K
Event: 6.739 GC heap after
Heap after GC invocations=11 (full 2):
 PSYoungGen      total 560128K, used 23458K [0x000000076ab00000, 0x000000079b000000, 0x00000007c0000000)
  eden space 494592K, 0% used [0x000000076ab00000,0x000000076ab00000,0x0000000788e00000)
  from space 65536K, 35% used [0x0000000788e00000,0x000000078a4e8b70,0x000000078ce00000)
  to   space 94720K, 0% used [0x0000000795380000,0x0000000795380000,0x000000079b000000)
 ParOldGen       total 297984K, used 166735K [0x00000006c0000000, 0x00000006d2300000, 0x000000076ab00000)
  object space 297984K, 55% used [0x00000006c0000000,0x00000006ca2d3fd8,0x00000006d2300000)
 Metaspace       used 6667K, capacity 7320K, committed 7680K, reserved 1056768K
  class space    used 612K, capacity 656K, committed 768K, reserved 1048576K
}
Event: 7.726 GC heap before
{Heap before GC invocations=12 (full 2):
 PSYoungGen      total 560128K, used 518050K [0x000000076ab00000, 0x000000079b000000, 0x00000007c0000000)
  eden space 494592K, 100% used [0x000000076ab00000,0x0000000788e00000,0x0000000788e00000)
  from space 65536K, 35% used [0x0000000788e00000,0x000000078a4e8b70,0x000000078ce00000)
  to   space 94720K, 0% used [0x0000000795380000,0x0000000795380000,0x000000079b000000)
 ParOldGen       total 297984K, used 166735K [0x00000006c0000000, 0x00000006d2300000, 0x000000076ab00000)
  object space 297984K, 55% used [0x00000006c0000000,0x00000006ca2d3fd8,0x00000006d2300000)
 Metaspace       used 6672K, capacity 7320K, committed 7680K, reserved 1056768K
  class space    used 613K, capacity 656K, committed 768K, reserved 1048576K
Event: 7.851 GC heap after
Heap after GC invocations=12 (full 2):
 PSYoungGen      total 669184K, used 90459K [0x000000076ab00000, 0x000000079b300000, 0x00000007c0000000)
  eden space 574464K, 0% used [0x000000076ab00000,0x000000076ab00000,0x000000078dc00000)
  from space 94720K, 95% used [0x0000000795380000,0x000000079abd6f28,0x000000079b000000)
  to   space 110080K, 0% used [0x000000078dc00000,0x000000078dc00000,0x0000000794780000)
 ParOldGen       total 297984K, used 168655K [0x00000006c0000000, 0x00000006d2300000, 0x000000076ab00000)
  object space 297984K, 56% used [0x00000006c0000000,0x00000006ca4b3fd8,0x00000006d2300000)
 Metaspace       used 6672K, capacity 7320K, committed 7680K, reserved 1056768K
  class space    used 613K, capacity 656K, committed 768K, reserved 1048576K
}
Event: 9.073 GC heap before
{Heap before GC invocations=13 (full 2):
 PSYoungGen      total 669184K, used 664923K [0x000000076ab00000, 0x000000079b300000, 0x00000007c0000000)
  eden space 574464K, 100% used [0x000000076ab00000,0x000000078dc00000,0x000000078dc00000)
  from space 94720K, 95% used [0x0000000795380000,0x000000079abd6f28,0x000000079b000000)
  to   space 110080K, 0% used [0x000000078dc00000,0x000000078dc00000,0x0000000794780000)
 ParOldGen       total 297984K, used 168655K [0x00000006c0000000, 0x00000006d2300000, 0x000000076ab00000)
  object space 297984K, 56% used [0x00000006c0000000,0x00000006ca4b3fd8,0x00000006d2300000)
 Metaspace       used 6692K, capacity 7320K, committed 7680K, reserved 1056768K
  class space    used 613K, capacity 656K, committed 768K, reserved 1048576K
Event: 9.245 GC heap after
Heap after GC invocations=13 (full 2):
 PSYoungGen      total 684544K, used 110071K [0x000000076ab00000, 0x00000007a6680000, 0x00000007c0000000)
  eden space 574464K, 0% used [0x000000076ab00000,0x000000076ab00000,0x000000078dc00000)
  from space 110080K, 99% used [0x000000078dc00000,0x000000079477de60,0x0000000794780000)
  to   space 152064K, 0% used [0x000000079d200000,0x000000079d200000,0x00000007a6680000)
 ParOldGen       total 297984K, used 229618K [0x00000006c0000000, 0x00000006d2300000, 0x000000076ab00000)
  object space 297984K, 77% used [0x00000006c0000000,0x00000006ce03ca38,0x00000006d2300000)
 Metaspace       used 6692K, capacity 7320K, committed 7680K, reserved 1056768K
  class space    used 613K, capacity 656K, committed 768K, reserved 1048576K
}

Deoptimization events (10 events):
Event: 8.479 Thread 0x000000001e96d000 Uncommon trap: reason=unstable_if action=reinterpret pc=0x00000000030e68b8 method=com.android.dx.ssa.SsaMethod.makeExitBlock()V @ 103
Event: 8.479 Thread 0x000000001e96d000 Uncommon trap: reason=unstable_if action=reinterpret pc=0x000000000302a7ac method=com.android.dx.ssa.SsaMethod.getExitBlock()Lcom/android/dx/ssa/SsaBasicBlock; @ 4
Event: 8.479 Thread 0x000000001e96d000 Uncommon trap: reason=unstable_if action=reinterpret pc=0x000000000298fdfc method=com.android.dx.ssa.SsaMethod.getExitBlock()Lcom/android/dx/ssa/SsaBasicBlock; @ 4
Event: 8.479 Thread 0x000000001e96d000 Uncommon trap: reason=unstable_if action=reinterpret pc=0x0000000003016244 method=com.android.dx.ssa.SsaMethod.getExitBlock()Lcom/android/dx/ssa/SsaBasicBlock; @ 4
Event: 8.479 Thread 0x000000001e96d000 Uncommon trap: reason=unstable_if action=reinterpret pc=0x0000000003135040 method=com.android.dx.ssa.SsaMethod.getExitBlock()Lcom/android/dx/ssa/SsaBasicBlock; @ 4
Event: 8.616 Thread 0x000000001e6aa000 Uncommon trap: reason=bimorphic action=maybe_recompile pc=0x0000000002deed40 method=java.util.HashMap.putVal(ILjava/lang/Object;Ljava/lang/Object;ZZ)Ljava/lang/Object; @ 203
Event: 8.616 Thread 0x000000001e6aa000 Uncommon trap: reason=bimorphic action=maybe_recompile pc=0x0000000002deed40 method=java.util.HashMap.putVal(ILjava/lang/Object;Ljava/lang/Object;ZZ)Ljava/lang/Object; @ 203
Event: 8.616 Thread 0x000000001e6aa000 Uncommon trap: reason=bimorphic action=maybe_recompile pc=0x0000000002deed40 method=java.util.HashMap.putVal(ILjava/lang/Object;Ljava/lang/Object;ZZ)Ljava/lang/Object; @ 203
Event: 8.744 Thread 0x000000001e2bc800 Uncommon trap: reason=bimorphic action=maybe_recompile pc=0x0000000002deed40 method=java.util.HashMap.putVal(ILjava/lang/Object;Ljava/lang/Object;ZZ)Ljava/lang/Object; @ 203
Event: 9.513 Thread 0x000000001e6aa000 Uncommon trap: reason=bimorphic action=maybe_recompile pc=0x0000000002e8f7d0 method=com.android.dx.ssa.LiteralOpUpgrader.tryReplacingWithConstant(Lcom/android/dx/ssa/NormalSsaInsn;)Z @ 62

Classes redefined (0 events):
No events

Internal exceptions (9 events):
Event: 0.022 Thread 0x0000000001fee800 Exception <a 'java/lang/NoSuchMethodError': Method sun.misc.Unsafe.defineClass(Ljava/lang/String;[BII)Ljava/lang/Class; name or signature does not match> (0x000000076ab07ca8) thrown at [D:\src\AOSP-openjdk-cygwin\jdk8u\hotspot\src\share\vm\prims\jni.cpp, 
Event: 0.022 Thread 0x0000000001fee800 Exception <a 'java/lang/NoSuchMethodError': Method sun.misc.Unsafe.prefetchRead(Ljava/lang/Object;J)V name or signature does not match> (0x000000076ab07f90) thrown at [D:\src\AOSP-openjdk-cygwin\jdk8u\hotspot\src\share\vm\prims\jni.cpp, line 4011]
Event: 0.605 Thread 0x000000001e96d000 Implicit null exception at 0x00000000029c13e2 to 0x00000000029c14e2
Event: 1.311 Thread 0x000000001e2bc800 Implicit null exception at 0x00000000029c2246 to 0x00000000029c48c9
Event: 1.616 Thread 0x000000001e2bc800 Exception <a 'java/lang/ArrayIndexOutOfBoundsException': 18> (0x0000000770b57418) thrown at [D:\src\AOSP-openjdk-cygwin\jdk8u\hotspot\src\share\vm\interpreter\interpreterRuntime.cpp, line 366]
Event: 1.617 Thread 0x000000001e2bc800 Exception <a 'java/lang/ArrayIndexOutOfBoundsException': 145> (0x0000000770b58f98) thrown at [D:\src\AOSP-openjdk-cygwin\jdk8u\hotspot\src\share\vm\interpreter\interpreterRuntime.cpp, line 366]
Event: 1.617 Thread 0x000000001e2bc800 Exception <a 'java/lang/ArrayIndexOutOfBoundsException': 40> (0x0000000770b5a280) thrown at [D:\src\AOSP-openjdk-cygwin\jdk8u\hotspot\src\share\vm\interpreter\interpreterRuntime.cpp, line 366]
Event: 7.666 Thread 0x0000000001fee800 Implicit null exception at 0x0000000002817cd4 to 0x0000000002818689
Event: 8.274 Thread 0x000000001e2bc800 Implicit null exception at 0x0000000002bb7ccf to 0x0000000002bb97a1

Events (10 events):
Event: 9.461 Thread 0x000000001e6aa000 DEOPT PACKING pc=0x000000000316ca94 sp=0x000000001fe1e7b0
Event: 9.461 Thread 0x000000001e6aa000 DEOPT UNPACKING pc=0x00000000026e75bf sp=0x000000001fe1e570 mode 0
Event: 9.476 Thread 0x000000001e2bc800 DEOPT PACKING pc=0x0000000002a23848 sp=0x000000001fd1e4b0
Event: 9.476 Thread 0x000000001e2bc800 DEOPT UNPACKING pc=0x00000000026e75bf sp=0x000000001fd1e290 mode 0
Event: 9.513 Thread 0x000000001e6aa000 Uncommon trap: trap_request=0xffffffc6 fr.pc=0x0000000002e8f7d0
Event: 9.513 Thread 0x000000001e6aa000 DEOPT PACKING pc=0x0000000002e8f7d0 sp=0x000000001fe1e560
Event: 9.513 Thread 0x000000001e6aa000 DEOPT UNPACKING pc=0x00000000026e556a sp=0x000000001fe1e510 mode 2
Event: 9.514 Thread 0x000000001e2bc800 DEOPT PACKING pc=0x0000000002a23848 sp=0x000000001fd1e440
Event: 9.514 Thread 0x000000001e2bc800 DEOPT UNPACKING pc=0x00000000026e75bf sp=0x000000001fd1e220 mode 0
Event: 9.539 Thread 0x000000001e96d000 Uncommon trap: trap_request=0xffffffc6 fr.pc=0x0000000002e8f7d0


Dynamic libraries:
0x000000013f440000 - 0x000000013f471000 	C:\Program Files\Android\Android Studio\jre\bin\java.exe
0x0000000077610000 - 0x00000000777b9000 	C:\Windows\SYSTEM32\ntdll.dll
0x00000000774f0000 - 0x000000007760f000 	C:\Windows\system32\kernel32.dll
0x000007fefd820000 - 0x000007fefd88b000 	C:\Windows\system32\KERNELBASE.dll
0x000007fefda60000 - 0x000007fefdb3b000 	C:\Windows\system32\ADVAPI32.dll
0x000007feff530000 - 0x000007feff5cf000 	C:\Windows\system32\msvcrt.dll
0x000007fefdb40000 - 0x000007fefdb5f000 	C:\Windows\SYSTEM32\sechost.dll
0x000007feff080000 - 0x000007feff1ad000 	C:\Windows\system32\RPCRT4.dll
0x00000000773f0000 - 0x00000000774ea000 	C:\Windows\system32\USER32.dll
0x000007fefed80000 - 0x000007fefede7000 	C:\Windows\system32\GDI32.dll
0x000007feff600000 - 0x000007feff60e000 	C:\Windows\system32\LPK.dll
0x000007feff670000 - 0x000007feff739000 	C:\Windows\system32\USP10.dll
0x000007fefbff0000 - 0x000007fefc1e4000 	C:\Windows\WinSxS\amd64_microsoft.windows.common-controls_6595b64144ccf1df_6.0.7601.17514_none_fa396087175ac9ac\COMCTL32.dll
0x000007fefe990000 - 0x000007fefea01000 	C:\Windows\system32\SHLWAPI.dll
0x000007feff5d0000 - 0x000007feff5fe000 	C:\Windows\system32\IMM32.DLL
0x000007fefea10000 - 0x000007fefeb19000 	C:\Windows\system32\MSCTF.dll
0x000000006c3e0000 - 0x000000006c4b2000 	C:\Program Files\Android\Android Studio\jre\jre\bin\msvcr100.dll
0x000000006ba80000 - 0x000000006c2be000 	C:\Program Files\Android\Android Studio\jre\jre\bin\server\jvm.dll
0x000007fef0df0000 - 0x000007fef0df9000 	C:\Windows\system32\WSOCK32.dll
0x000007feff440000 - 0x000007feff48d000 	C:\Windows\system32\WS2_32.dll
0x000007fefee10000 - 0x000007fefee18000 	C:\Windows\system32\NSI.dll
0x000007fefae60000 - 0x000007fefae9b000 	C:\Windows\system32\WINMM.dll
0x000007fefc6c0000 - 0x000007fefc6cc000 	C:\Windows\system32\VERSION.dll
0x00000000777e0000 - 0x00000000777e7000 	C:\Windows\system32\PSAPI.DLL
0x000007fef8610000 - 0x000007fef861f000 	C:\Program Files\Android\Android Studio\jre\jre\bin\verify.dll
0x000007fef0d90000 - 0x000007fef0db9000 	C:\Program Files\Android\Android Studio\jre\jre\bin\java.dll
0x000007fef0dd0000 - 0x000007fef0de6000 	C:\Program Files\Android\Android Studio\jre\jre\bin\zip.dll
0x000007fefdc00000 - 0x000007fefe988000 	C:\Windows\system32\SHELL32.dll
0x000007feff230000 - 0x000007feff433000 	C:\Windows\system32\ole32.dll
0x000007fefd560000 - 0x000007fefd56f000 	C:\Windows\system32\profapi.dll

VM Arguments:
jvm_args: -Djava.awt.headless=true -Xmx4g -Dfile.encoding=windows-1252 -Duser.country=US -Duser.language=en -Duser.variant 
java_command: com.android.dx.command.Main --dex --num-threads=4 --multi-dex --main-dex-list D:\MyPC\androidworkplace\FirstApp\app\build\intermediates\multi-dex\debug\maindexlist.txt --output D:\MyPC\androidworkplace\FirstApp\app\build\intermediates\transforms\dex\debug\folders\1000\1f\main D:\MyPC\androidworkplace\FirstApp\app\build\intermediates\transforms\jarMerging\debug\jars\1\1f\combined.jar
java_class_path (initial): C:\Users\db\AppData\Local\Android\Sdk\build-tools\24.0.3\lib\dx.jar
Launcher Type: SUN_STANDARD

Environment Variables:
PATH=C:\ProgramData\Oracle\Java\javapath;C:\Program Files (x86)\Common Files\Intel\Shared Files\cpp\bin\Intel64;c:\OraHome_1\bin;c:\OraHome_1\jre\1.4.2\bin\client;c:\OraHome_1\jre\1.4.2\bin;c:\DevSuiteHome_1\jdk\jre\bin\classic;c:\DevSuiteHome_1\jdk\jre\bin;c:\DevSuiteHome_1\jdk\jre\bin\client;c:\DevSuiteHome_1\jlib;c:\DevSuiteHome_1\bin;c:\DevSuiteHome_1\jre\1.4.2\bin\client;c:\DevSuiteHome_1\jre\1.4.2\bin;C:\Windows\system32;C:\Windows;C:\Windows\System32\Wbem;C:\Windows\System32\WindowsPowerShell\v1.0\;C:\Program Files\Java\jdk1.8.0_101\bin;C:\Program Files (x86)\Skype\Phone\;C:\Program Files\nodejs\;C:\Users\db\AppData\Roaming\npm
USERNAME=db
OS=Windows_NT
PROCESSOR_IDENTIFIER=Intel64 Family 6 Model 60 Stepping 3, GenuineIntel



---------------  S Y S T E M  ---------------

OS: Windows 7 , 64 bit Build 7601 (6.1.7601.17514)

CPU:total 4 (initial active 4) (2 cores per cpu, 2 threads per core) family 6 model 60 stepping 3, cmov, cx8, fxsr, mmx, sse, sse2, sse3, ssse3, sse4.1, sse4.2, popcnt, avx, avx2, aes, clmul, erms, lzcnt, ht, tsc, tscinvbit, bmi1, bmi2

Memory: 4k page, physical 8256556k(916108k free), swap 9874564k(24284k free)

vm_info: OpenJDK 64-Bit Server VM (25.152-b01) for windows-amd64 JRE (1.8.0_152-release-915-b01), built by "builder" with MS VC++ 10.0 (VS2010)

time: Fri Nov 17 14:09:11 2017
elapsed time: 9 seconds (0d 0h 0m 9s)

