JvmtiExport can_access_local_variables 0
JvmtiExport can_hotswap_or_post_breakpoint 0
JvmtiExport can_post_on_exceptions 0
# 515 ciObject found
ciMethod java/lang/Object <init> ()V 4097 1 4148274 0 0
ciMethod java/lang/Object getClass ()Ljava/lang/Class; 2049 1 256 0 -1
ciMethod java/lang/Object equals (Ljava/lang/Object;)Z 4097 1 8793 0 -1
ciMethod java/lang/String charAt (I)C 4097 1 150145 0 160
ciMethod java/lang/String equals (Ljava/lang/Object;)Z 2049 12393 4676 0 -1
ciMethod java/lang/System arraycopy (Ljava/lang/Object;ILjava/lang/Object;II)V 4097 1 512 0 -1
ciMethod java/lang/RuntimeException <init> (Ljava/lang/String;)V 0 0 3 0 -1
ciMethod java/util/Map get (Ljava/lang/Object;)Ljava/lang/Object; 0 0 1 0 -1
ciMethod java/util/Map put (Ljava/lang/Object;Ljava/lang/Object;)Ljava/lang/Object; 0 0 1 0 -1
ciMethod java/lang/StringBuilder <init> ()V 921 1 37381 0 -1
ciMethod java/lang/StringBuilder append (Ljava/lang/String;)Ljava/lang/StringBuilder; 1993 1 109301 0 -1
ciMethod java/lang/StringBuilder append (I)Ljava/lang/StringBuilder; 0 0 8 0 -1
ciMethod java/lang/StringBuilder toString ()Ljava/lang/String; 1001 1 37381 0 -1
ciMethod java/lang/NullPointerException <init> (Ljava/lang/String;)V 0 0 1 0 -1
ciMethod java/util/ArrayList ensureCapacityInternal (I)V 385 1 1322664 0 128
ciMethod java/util/ArrayList ensureExplicitCapacity (I)V 385 1 1321690 0 96
ciMethod java/util/ArrayList grow (I)V 73 1 11724 0 544
ciMethod java/util/ArrayList hugeCapacity (I)I 0 0 1 0 -1
ciMethod java/util/ArrayList size ()I 1121 1 140 0 0
ciMethod java/util/ArrayList elementData (I)Ljava/lang/Object; 3177 1 3957277 0 0
ciMethod java/util/ArrayList get (I)Ljava/lang/Object; 3081 1 3830226 0 128
ciMethod java/util/ArrayList set (ILjava/lang/Object;)Ljava/lang/Object; 4097 1 62648 0 0
ciMethod java/util/ArrayList add (Ljava/lang/Object;)Z 385 1 1275964 0 288
ciMethod java/util/ArrayList remove (I)Ljava/lang/Object; 2049 1 15023 0 -1
ciMethod java/util/ArrayList clear ()V 3657 8193 53675 0 0
ciMethod java/util/ArrayList rangeCheck (I)V 3121 1 3941608 0 64
ciMethod java/util/ArrayList outOfBoundsMsg (I)Ljava/lang/String; 0 0 1 0 -1
ciMethod java/util/ArrayList iterator ()Ljava/util/Iterator; 2457 1 712832 0 160
ciMethod java/util/ArrayList access$000 (Ljava/util/ArrayList;)I 1681 1 210 0 0
ciMethod java/util/HashMap <init> ()V 145 1 294839 0 -1
ciMethod java/lang/Math max (II)I 273 1 511938 0 -1
ciMethod java/util/Iterator hasNext ()Z 0 0 1 0 -1
ciMethod java/util/Iterator next ()Ljava/lang/Object; 0 0 1 0 -1
ciMethod java/util/Arrays copyOf ([Ljava/lang/Object;I)[Ljava/lang/Object; 3073 1 22915 0 0
ciMethod java/util/Arrays copyOf ([Ljava/lang/Object;ILjava/lang/Class;)[Ljava/lang/Object; 3073 1 13349 0 -1
ciMethodData java/lang/Object <init> ()V 2 4148308 orig 264 56 157 131 107 0 0 0 0 128 4 106 27 0 0 0 0 32 1 0 0 0 0 0 0 0 0 0 0 0 0 0 0 0 0 0 0 0 0 0 0 0 0 0 0 0 0 0 0 0 0 0 0 0 0 0 0 0 0 0 0 0 0 0 0 0 0 0 0 0 0 0 0 0 0 0 0 0 0 0 0 77 68 79 32 101 120 116 114 97 32 100 97 116 97 32 108 111 99 107 0 0 0 0 0 0 0 0 0 0 0 0 0 0 0 0 0 0 0 0 0 0 0 0 0 0 0 0 0 0 0 0 0 0 0 0 0 0 0 0 0 0 0 0 0 0 0 0 0 0 0 0 0 0 0 0 0 0 0 0 0 0 0 0 0 0 0 0 0 0 0 0 0 0 0 0 0 0 0 0 0 0 0 0 0 1 0 0 0 0 0 0 0 1 0 0 0 0 0 0 0 1 0 0 0 0 0 0 0 0 0 0 0 0 0 0 0 0 2 0 0 153 82 250 1 1 0 0 0 0 0 0 0 0 0 0 0 2 0 0 0 0 0 3 0 1 0 0 0 0 0 0 0 255 255 255 255 0 0 0 0 0 0 0 0 data 0 oops 0
ciMethod java/lang/IllegalArgumentException <init> (Ljava/lang/String;)V 0 0 1 0 -1
ciMethodData java/lang/String charAt (I)C 2 150145 orig 264 56 157 131 107 0 0 0 0 176 61 106 27 0 0 0 0 120 1 0 0 32 0 0 0 0 0 0 0 0 0 0 0 0 0 0 0 0 0 0 0 0 0 0 0 0 0 0 0 0 0 0 0 0 0 0 0 0 0 0 0 0 0 0 0 0 0 0 0 0 0 0 0 0 0 0 0 0 0 0 0 77 68 79 32 101 120 116 114 97 32 100 97 116 97 32 108 111 99 107 0 0 0 0 0 0 0 0 0 0 0 0 0 0 0 0 0 0 0 0 0 0 0 0 0 0 0 0 0 0 0 0 0 0 0 0 0 0 0 0 0 0 0 0 0 0 0 0 0 0 0 0 0 0 0 0 0 0 0 0 0 0 0 0 0 0 0 0 0 0 0 0 0 0 0 0 0 0 0 0 0 0 0 0 0 0 0 0 0 0 0 0 0 0 0 0 0 0 0 0 0 0 0 0 0 0 0 0 0 0 0 0 0 0 0 0 0 0 2 0 0 9 68 18 0 1 0 0 0 0 0 0 0 0 0 0 0 2 0 0 0 0 0 8 0 2 0 0 0 80 0 0 0 255 255 255 255 7 0 1 0 0 0 0 0 data 10 0x10007 0x0 0x40 0x2487f 0xa0007 0x2487e 0x30 0x0 0x120002 0x0 oops 0
ciMethodData java/util/ArrayList add (Ljava/lang/Object;)Z 2 1294228 orig 264 56 157 131 107 0 0 0 0 112 3 119 27 0 0 0 0 144 1 0 0 0 0 0 0 0 0 0 0 0 0 0 0 0 0 0 0 0 0 0 0 0 0 0 0 0 0 0 0 0 0 0 0 0 0 0 0 0 0 0 0 0 0 0 0 0 0 0 0 0 0 0 0 0 0 0 0 0 0 0 0 77 68 79 32 101 120 116 114 97 32 100 97 116 97 32 108 111 99 107 0 0 0 0 0 0 0 0 0 0 0 0 0 0 0 0 0 0 0 0 0 0 0 0 0 0 0 0 0 0 0 0 0 0 0 0 0 0 0 0 0 0 0 0 0 0 0 0 0 0 0 0 0 0 0 0 0 0 0 0 0 0 0 0 0 0 0 0 0 0 0 0 0 0 0 0 0 0 0 0 0 0 0 0 0 17 0 0 0 0 0 0 0 0 0 0 0 0 0 0 0 1 0 0 0 0 0 0 0 0 0 0 0 0 0 0 0 48 0 0 0 25 251 157 0 1 0 0 0 0 0 0 0 0 0 0 0 2 0 0 0 0 0 15 0 2 0 0 0 64 0 0 0 255 255 255 255 2 0 7 0 0 0 0 0 data 8 0x70002 0x13c00c 0x1a0104 0x0 0x1d667410 0x18dc 0x1f6942c0 0x33cb5 oops 2 4 java/util/zip/ZipEntry 6 com/android/dx/ssa/NormalSsaInsn
ciMethodData java/util/ArrayList ensureCapacityInternal (I)V 2 1322684 orig 264 56 157 131 107 0 0 0 0 232 248 118 27 0 0 0 0 144 1 0 0 32 0 0 0 0 0 0 0 0 0 0 0 0 0 0 0 0 0 0 0 0 0 0 0 0 0 0 0 0 0 0 0 0 0 0 0 0 0 0 0 0 0 0 0 0 0 0 0 0 0 0 0 0 0 0 0 0 0 0 0 77 68 79 32 101 120 116 114 97 32 100 97 116 97 32 108 111 99 107 0 0 0 0 0 0 0 0 0 0 0 0 0 0 0 0 0 0 0 0 0 0 0 0 0 0 0 0 0 0 0 0 0 0 0 0 0 0 0 0 0 0 0 0 0 0 0 0 0 0 0 0 0 0 0 0 0 0 0 0 0 0 0 0 0 0 0 0 0 0 0 0 0 0 0 0 0 0 0 0 0 0 0 0 0 17 0 0 0 0 0 0 0 0 0 0 0 0 0 0 0 1 0 0 0 0 0 0 0 0 0 0 0 0 0 0 0 48 0 0 0 97 116 161 0 1 0 0 0 0 0 0 0 0 0 0 0 2 0 0 0 0 0 0 0 0 0 0 0 64 0 0 0 255 255 255 255 7 0 7 0 0 0 0 0 data 8 0x70007 0xf8d6d 0x30 0x4a838 0xd0002 0x4a846 0x130002 0x142fa8 oops 0
ciMethodData java/util/ArrayList ensureExplicitCapacity (I)V 2 1321723 orig 264 56 157 131 107 0 0 0 0 152 249 118 27 0 0 0 0 88 1 0 0 0 0 0 0 0 0 0 0 0 0 0 0 0 0 0 0 0 0 0 0 0 0 0 0 0 0 0 0 0 0 0 0 0 0 0 0 0 0 0 0 0 0 0 0 0 0 0 0 0 0 0 0 0 0 0 0 0 0 0 0 77 68 79 32 101 120 116 114 97 32 100 97 116 97 32 108 111 99 107 0 0 0 0 0 0 0 0 0 0 0 0 0 0 0 0 0 0 0 0 0 0 0 0 0 0 0 0 0 0 0 0 0 0 0 0 0 0 0 0 0 0 0 0 0 0 0 0 0 0 0 0 0 0 0 0 0 0 0 0 0 0 0 0 0 0 0 0 0 0 0 0 0 0 0 0 0 0 0 0 0 0 0 0 0 17 0 0 0 0 0 0 0 0 0 0 0 0 0 0 0 1 0 0 0 0 0 0 0 0 0 0 0 0 0 0 0 48 0 0 0 89 86 161 0 1 0 0 0 0 0 0 0 0 0 0 0 2 0 0 0 0 0 0 0 0 0 0 0 48 0 0 0 255 255 255 255 7 0 17 0 0 0 0 0 data 6 0x110007 0x109b2a 0x30 0x395a7 0x160002 0x395ab oops 0
ciMethodData java/util/ArrayList grow (I)V 2 11724 orig 264 56 157 131 107 0 0 0 0 96 250 118 27 0 0 0 0 176 1 0 0 64 0 0 0 0 0 0 0 0 0 0 0 0 0 0 0 0 0 0 0 0 0 0 0 0 0 0 0 0 0 0 0 0 0 0 0 0 0 0 0 0 0 0 0 0 0 0 0 0 0 0 0 0 0 0 0 0 0 0 0 77 68 79 32 101 120 116 114 97 32 100 97 116 97 32 108 111 99 107 0 0 0 0 0 0 0 0 0 0 0 0 0 0 0 0 0 0 0 0 0 0 0 0 0 0 0 0 0 0 0 0 0 0 0 0 0 0 0 0 0 0 0 0 0 0 0 0 0 0 0 0 0 0 0 0 0 0 0 0 0 0 0 0 0 0 0 0 0 0 0 0 0 0 0 0 0 0 0 0 0 0 0 0 0 17 0 0 0 0 0 0 0 0 0 0 0 0 0 0 0 1 0 0 0 0 0 0 0 0 0 0 0 0 0 0 0 9 0 0 0 25 110 1 0 1 0 0 0 0 0 0 0 0 0 0 0 2 0 0 0 0 0 15 0 2 0 0 0 96 0 0 0 255 255 255 255 7 0 15 0 0 0 0 0 data 12 0xf0007 0x2e2 0x20 0x2adf 0x180007 0x2dc5 0x30 0x0 0x1c0002 0x0 0x260002 0x2dc8 oops 0
ciMethodData java/util/ArrayList get (I)Ljava/lang/Object; 2 3864180 orig 264 56 157 131 107 0 0 0 0 24 2 119 27 0 0 0 0 144 1 0 0 0 0 0 0 0 0 0 0 0 0 0 0 0 0 0 0 0 0 0 0 0 0 0 0 0 0 0 0 0 0 0 0 0 0 0 0 0 0 0 0 0 0 0 0 0 0 0 0 0 0 0 0 0 0 0 0 0 0 0 0 77 68 79 32 101 120 116 114 97 32 100 97 116 97 32 108 111 99 107 0 0 0 0 0 0 0 0 0 0 0 0 0 0 0 0 0 0 0 0 0 0 0 0 0 0 0 0 0 0 0 0 0 0 0 0 0 0 0 0 0 0 0 0 0 0 0 0 0 0 0 0 0 0 0 0 0 0 0 0 0 0 0 0 0 0 0 0 0 0 0 0 0 0 0 0 0 0 0 0 0 0 0 0 0 0 0 0 0 0 0 0 0 0 0 0 0 0 0 0 0 0 0 0 0 0 0 0 0 0 0 0 0 0 0 0 0 129 1 0 0 97 165 215 1 1 0 0 0 0 0 0 0 0 0 0 0 2 0 0 0 0 0 6 0 2 0 0 0 64 0 0 0 255 255 255 255 2 0 2 0 0 0 0 0 data 8 0x20002 0x3aff5b 0x70005 0x0 0x1e47a7a0 0x3b23fa 0x0 0x0 oops 1 4 java/util/ArrayList
ciMethodData java/util/ArrayList rangeCheck (I)V 2 3943326 orig 264 56 157 131 107 0 0 0 0 248 10 119 27 0 0 0 0 104 1 0 0 0 0 0 0 0 0 0 0 0 0 0 0 0 0 0 0 0 0 0 0 0 0 0 0 0 0 0 0 0 0 0 0 0 0 0 0 0 0 0 0 0 0 0 0 0 0 0 0 0 0 0 0 0 0 0 0 0 0 0 0 77 68 79 32 101 120 116 114 97 32 100 97 116 97 32 108 111 99 107 0 0 0 0 0 0 0 0 0 0 0 0 0 0 0 0 0 0 0 0 0 0 0 0 0 0 0 0 0 0 0 0 0 0 0 0 0 0 0 0 0 0 0 0 0 0 0 0 0 0 0 0 0 0 0 0 0 0 0 0 0 0 0 0 0 0 0 0 0 0 0 0 0 0 0 0 0 0 0 0 0 0 0 0 0 0 0 0 0 0 0 0 0 0 0 0 0 0 0 0 0 0 0 0 0 0 0 0 0 0 0 0 0 0 0 0 0 132 1 0 0 97 80 225 1 1 0 0 0 0 0 0 0 0 0 0 0 2 0 0 0 0 0 0 0 0 0 0 0 64 0 0 0 255 255 255 255 7 0 5 0 0 0 0 0 data 8 0x50007 0x3c36ff 0x40 0x0 0xe0002 0x0 0x110002 0x0 oops 0
ciMethodData java/util/ArrayList outOfBoundsMsg (I)Ljava/lang/String; 1 0 orig 264 56 157 131 107 0 0 0 0 88 12 119 27 0 0 0 0 80 2 0 0 0 0 0 0 0 0 0 0 0 0 0 0 0 0 0 0 0 0 0 0 0 0 0 0 0 0 0 0 0 0 0 0 0 0 0 0 0 0 0 0 0 0 0 0 0 0 0 0 0 0 0 0 0 0 0 0 0 0 0 0 77 68 79 32 101 120 116 114 97 32 100 97 116 97 32 108 111 99 107 0 0 0 0 0 0 0 0 0 0 0 0 0 0 0 0 0 0 0 0 0 0 0 0 0 0 0 0 0 0 0 0 0 0 0 0 0 0 0 0 0 0 0 0 0 0 0 0 0 0 0 0 0 0 0 0 0 0 0 0 0 0 0 0 0 0 0 0 0 0 0 0 0 0 0 0 0 0 0 0 0 0 0 0 0 0 0 0 0 0 0 0 0 0 0 0 0 0 0 0 0 0 0 0 0 0 0 0 0 0 0 0 0 0 0 0 0 0 0 0 0 1 0 0 0 1 0 0 0 0 0 0 0 0 0 0 0 2 0 0 0 0 0 0 0 0 0 0 0 0 1 0 0 255 255 255 255 2 0 4 0 0 0 0 0 data 32 0x40002 0x0 0x90005 0x0 0x0 0x0 0x0 0x0 0xd0005 0x0 0x0 0x0 0x0 0x0 0x120005 0x0 0x0 0x0 0x0 0x0 0x190005 0x0 0x0 0x0 0x0 0x0 0x1c0005 0x0 0x0 0x0 0x0 0x0 oops 0
ciMethodData java/util/ArrayList elementData (I)Ljava/lang/Object; 2 3959482 orig 264 56 157 131 107 0 0 0 0 120 1 119 27 0 0 0 0 40 1 0 0 0 0 0 0 0 0 0 0 0 0 0 0 0 0 0 0 0 0 0 0 0 0 0 0 0 0 0 0 0 0 0 0 0 0 0 0 0 0 0 0 0 0 0 0 0 0 0 0 0 0 0 0 0 0 0 0 0 0 0 0 77 68 79 32 101 120 116 114 97 32 100 97 116 97 32 108 111 99 107 0 0 0 0 0 0 0 0 0 0 0 0 0 0 0 0 0 0 0 0 0 0 0 0 0 0 0 0 0 0 0 0 0 0 0 0 0 0 0 0 0 0 0 0 0 0 0 0 0 0 0 0 0 0 0 0 0 0 0 0 0 0 0 0 0 0 0 0 0 0 0 0 0 0 0 0 0 0 0 0 0 0 0 0 0 0 0 0 0 0 0 0 0 0 0 0 0 0 0 0 0 0 0 0 0 0 0 0 0 0 0 0 0 0 0 0 0 141 1 0 0 105 73 227 1 1 0 0 0 0 0 0 0 0 0 0 0 2 0 0 0 0 0 3 0 1 0 0 0 0 0 0 0 255 255 255 255 0 0 0 0 0 0 0 0 data 0 oops 0
ciMethod java/util/ArrayList$Itr <init> (Ljava/util/ArrayList;)V 2417 1 712772 0 0
ciMethod java/util/ArrayList$Itr hasNext ()Z 4097 1 1648534 0 96
ciMethod java/util/ArrayList$Itr next ()Ljava/lang/Object; 2049 1 6126 0 224
ciMethod java/util/ArrayList$Itr checkForComodification ()V 2041 1 6125 0 0
ciMethod java/lang/IndexOutOfBoundsException <init> ()V 0 0 1 0 -1
ciMethod java/lang/IndexOutOfBoundsException <init> (Ljava/lang/String;)V 25 1 3 0 -1
ciMethodData java/util/ArrayList$Itr next ()Ljava/lang/Object; 2 6126 orig 264 56 157 131 107 0 0 0 0 80 148 151 27 0 0 0 0 232 1 0 0 96 0 0 0 0 0 0 0 0 0 0 0 0 0 0 0 0 0 0 0 0 0 0 0 0 0 0 0 0 0 0 0 0 0 0 0 0 0 0 0 0 0 0 0 0 0 0 0 0 0 0 0 0 0 0 0 0 0 0 0 77 68 79 32 101 120 116 114 97 32 100 97 116 97 32 108 111 99 107 0 0 0 0 0 0 0 0 0 0 0 0 0 0 0 0 0 0 0 0 0 0 0 0 0 0 0 0 0 0 0 0 0 0 0 0 0 0 0 0 0 0 0 0 0 0 0 0 0 0 0 0 0 0 0 0 0 0 0 0 0 0 0 0 0 0 0 0 0 0 0 0 0 0 0 0 0 0 0 0 0 0 0 0 0 0 0 0 0 0 0 0 0 0 0 0 0 0 0 0 0 0 0 0 0 0 0 0 0 0 0 0 0 0 0 0 0 0 1 0 0 113 183 0 0 1 0 0 0 0 0 0 0 0 0 0 0 2 0 0 0 0 0 10 0 2 0 0 0 160 0 0 0 255 255 255 255 5 0 1 0 0 0 0 0 data 20 0x10005 0x18 0x1f64f8b0 0x16d7 0x0 0x0 0xe0002 0x16f8 0x110007 0x16f9 0x30 0x0 0x180002 0x0 0x270007 0x16f9 0x30 0x0 0x2e0002 0x0 oops 1 2 java/util/ArrayList$Itr
ciMethodData java/util/ArrayList$Itr checkForComodification ()V 2 6125 orig 264 56 157 131 107 0 0 0 0 224 150 151 27 0 0 0 0 80 1 0 0 0 0 0 0 0 0 0 0 0 0 0 0 0 0 0 0 0 0 0 0 0 0 0 0 0 0 0 0 0 0 0 0 0 0 0 0 0 0 0 0 0 0 0 0 0 0 0 0 0 0 0 0 0 0 0 0 0 0 0 0 77 68 79 32 101 120 116 114 97 32 100 97 116 97 32 108 111 99 107 0 0 0 0 0 0 0 0 0 0 0 0 0 0 0 0 0 0 0 0 0 0 0 0 0 0 0 0 0 0 0 0 0 0 0 0 0 0 0 0 0 0 0 0 0 0 0 0 0 0 0 0 0 0 0 0 0 0 0 0 0 0 0 0 0 0 0 0 0 0 0 0 0 0 0 0 0 0 0 0 0 0 0 0 0 0 0 0 0 0 0 0 0 0 0 0 0 0 0 0 0 0 0 0 0 0 0 0 0 0 0 0 0 0 0 0 0 255 0 0 0 113 183 0 0 1 0 0 0 0 0 0 0 0 0 0 0 2 0 0 0 0 0 0 0 0 0 0 0 48 0 0 0 255 255 255 255 7 0 11 0 0 0 0 0 data 6 0xb0007 0x16f7 0x30 0x0 0x120002 0x0 oops 0
ciMethodData java/util/ArrayList$Itr hasNext ()Z 2 1648534 orig 264 56 157 131 107 0 0 0 0 112 147 151 27 0 0 0 0 144 1 0 0 0 0 0 0 0 0 0 0 0 0 0 0 0 0 0 0 0 0 0 0 0 0 0 0 0 0 0 0 0 0 0 0 0 0 0 0 0 0 0 0 0 0 0 0 0 0 0 0 0 0 0 0 0 0 0 0 0 0 0 0 77 68 79 32 101 120 116 114 97 32 100 97 116 97 32 108 111 99 107 0 0 0 0 0 0 0 0 0 0 0 0 0 0 0 0 0 0 0 0 0 0 0 0 0 0 0 0 0 0 0 0 0 0 0 0 0 0 0 0 0 0 0 0 0 0 0 0 0 0 0 0 0 0 0 0 0 0 0 0 0 0 0 0 0 0 0 0 0 0 0 0 0 0 0 0 0 0 0 0 0 0 0 0 0 0 0 0 0 0 0 0 0 0 0 0 0 0 0 0 0 0 0 0 0 0 0 0 0 0 0 0 0 0 0 0 0 0 2 0 0 177 44 201 0 1 0 0 0 0 0 0 0 0 0 0 0 2 0 0 0 0 0 6 0 2 0 0 0 72 0 0 0 255 255 255 255 2 0 8 0 0 0 0 0 data 9 0x80002 0x192681 0xb0007 0x2a797 0x38 0x168735 0xf0003 0x16893a 0x18 oops 0
ciMethodData java/util/ArrayList iterator ()Ljava/util/Iterator; 2 712832 orig 264 56 157 131 107 0 0 0 0 24 19 119 27 0 0 0 0 48 1 0 0 0 0 0 0 0 0 0 0 0 0 0 0 0 0 0 0 0 0 0 0 0 0 0 0 0 0 0 0 0 0 0 0 0 0 0 0 0 0 0 0 0 0 0 0 0 0 0 0 0 0 0 0 0 0 0 0 0 0 0 0 77 68 79 32 101 120 116 114 97 32 100 97 116 97 32 108 111 99 107 0 0 0 0 0 0 0 0 0 0 0 0 0 0 0 0 0 0 0 0 0 0 0 0 0 0 0 0 0 0 0 0 0 0 0 0 0 0 0 0 0 0 0 0 0 0 0 0 0 0 0 0 0 0 0 0 0 0 0 0 0 0 0 0 0 0 0 0 0 0 0 0 0 0 0 0 0 0 0 0 0 0 0 0 0 0 0 0 0 0 0 0 0 0 0 0 0 0 0 0 0 0 0 0 0 0 0 0 0 0 0 0 0 0 0 0 0 51 1 0 0 105 250 86 0 1 0 0 0 0 0 0 0 0 0 0 0 2 0 0 0 0 0 3 0 2 0 0 0 16 0 0 0 255 255 255 255 2 0 5 0 0 0 0 0 data 2 0x50002 0xadeec oops 0
ciMethodData java/util/ArrayList$Itr <init> (Ljava/util/ArrayList;)V 2 712772 orig 264 56 157 131 107 0 0 0 0 200 146 151 27 0 0 0 0 56 1 0 0 0 0 0 0 0 0 0 0 0 0 0 0 0 0 0 0 0 0 0 0 0 0 0 0 0 0 0 0 0 0 0 0 0 0 0 0 0 0 0 0 0 0 0 0 0 0 0 0 0 0 0 0 0 0 0 0 0 0 0 0 77 68 79 32 101 120 116 114 97 32 100 97 116 97 32 108 111 99 107 0 0 0 0 0 0 0 0 0 0 0 0 0 0 0 0 0 0 0 0 0 0 0 0 0 0 0 0 0 0 0 0 0 0 0 0 0 0 0 0 0 0 0 0 0 0 0 0 0 0 0 0 0 0 0 0 0 0 0 0 0 0 0 0 0 0 0 0 0 0 0 0 0 0 0 0 0 0 0 0 0 0 0 0 0 0 0 0 0 0 0 0 0 0 0 0 0 0 0 0 0 0 0 0 0 0 0 0 0 0 0 0 0 0 0 0 0 46 1 0 0 177 248 86 0 1 0 0 0 0 0 0 0 0 0 0 0 2 0 0 0 0 0 0 0 0 0 0 0 16 0 0 0 255 255 255 255 2 0 6 0 0 0 0 0 data 2 0x60002 0xadf6c oops 0
ciMethodData java/util/Arrays copyOf ([Ljava/lang/Object;I)[Ljava/lang/Object; 2 22915 orig 264 56 157 131 107 0 0 0 0 32 25 124 27 0 0 0 0 192 1 0 0 0 0 0 0 0 0 0 0 0 0 0 0 0 0 0 0 0 0 0 0 0 0 0 0 0 0 0 0 0 0 0 0 0 0 0 0 0 0 0 0 0 0 0 0 0 0 0 0 0 0 0 0 0 0 0 0 0 0 0 0 77 68 79 32 101 120 116 114 97 32 100 97 116 97 32 108 111 99 107 0 0 0 0 0 0 0 0 0 0 0 0 0 0 0 0 0 0 0 0 0 0 0 0 0 0 0 0 0 0 0 0 0 0 0 0 0 0 0 0 0 0 0 0 0 0 0 0 0 0 0 0 0 0 0 0 0 0 0 0 0 0 0 0 0 0 0 0 0 0 0 0 0 0 0 0 0 0 0 0 0 0 0 0 0 0 0 0 0 0 0 0 0 0 0 0 0 0 0 0 0 0 0 0 0 0 0 0 0 0 0 0 0 0 0 0 0 128 1 0 0 25 192 2 0 1 0 0 0 0 0 0 0 0 0 0 0 2 0 0 0 0 0 3 0 2 0 0 0 112 0 0 0 255 255 255 255 5 0 3 0 0 0 0 0 data 14 0x30005 0x0 0x1d65c420 0x5802 0x0 0x0 0x60002 0x5805 0x90004 0x0 0x0 0x0 0x0 0x0 oops 1 2 [Ljava/lang/Object;
ciMethodData java/util/ArrayList clear ()V 2 130804 orig 264 56 157 131 107 0 0 0 0 160 7 119 27 0 0 0 0 176 1 0 0 0 0 0 0 0 0 0 0 0 0 0 0 0 0 0 0 0 0 0 0 0 0 0 0 0 0 0 0 0 0 0 0 0 0 0 0 0 0 0 0 0 0 0 0 0 0 0 0 0 0 0 0 0 0 0 0 0 0 0 0 77 68 79 32 101 120 116 114 97 32 100 97 116 97 32 108 111 99 107 0 0 0 0 0 0 0 0 0 0 0 0 0 0 0 0 0 0 0 0 0 0 0 0 0 0 0 0 0 0 0 0 0 0 0 0 0 0 0 0 0 0 0 0 0 0 0 0 0 0 0 0 0 0 0 0 0 0 0 0 0 0 0 0 0 0 0 0 0 0 0 0 0 0 0 0 0 0 0 0 0 0 0 0 0 0 0 0 0 0 0 0 0 0 0 0 0 0 0 0 0 0 0 0 0 0 0 0 0 0 0 0 0 0 0 0 0 0 4 0 0 17 127 6 0 161 215 15 0 0 0 0 0 0 0 0 0 2 0 0 0 1 0 6 0 2 0 0 0 104 0 0 0 255 255 255 255 7 0 17 0 0 0 0 0 data 13 0x110007 0xcfe6 0x68 0x1faec 0x1a0104 0x0 0x0 0x0 0x0 0x0 0x1e0003 0x1faf0 0xffffffffffffffb0 oops 0
ciMethodData java/util/ArrayList set (ILjava/lang/Object;)Ljava/lang/Object; 2 63109 orig 264 56 157 131 107 0 0 0 0 192 2 119 27 0 0 0 0 200 1 0 0 0 0 0 0 0 0 0 0 0 0 0 0 0 0 0 0 0 0 0 0 0 0 0 0 0 0 0 0 0 0 0 0 0 0 0 0 0 0 0 0 0 0 0 0 0 0 0 0 0 0 0 0 0 0 0 0 0 0 0 0 77 68 79 32 101 120 116 114 97 32 100 97 116 97 32 108 111 99 107 0 0 0 0 0 0 0 0 0 0 0 0 0 0 0 0 0 0 0 0 0 0 0 0 0 0 0 0 0 0 0 0 0 0 0 0 0 0 0 0 0 0 0 0 0 0 0 0 0 0 0 0 0 0 0 0 0 0 0 0 0 0 0 0 0 0 0 0 0 0 0 0 0 0 0 0 0 0 0 0 0 0 0 0 0 0 0 0 0 0 0 0 0 0 0 0 0 0 0 0 0 0 0 0 0 0 0 0 0 0 0 0 0 0 0 0 0 0 2 0 0 33 164 7 0 1 0 0 0 0 0 0 0 0 0 0 0 2 0 0 0 0 0 6 0 2 0 0 0 112 0 0 0 255 255 255 255 2 0 2 0 0 0 0 0 data 14 0x20002 0xf486 0x70005 0x0 0x1e47a7a0 0xf485 0x0 0x0 0x110004 0x0 0x1f694210 0xec2f 0x1f6942c0 0x725 oops 3 4 java/util/ArrayList 10 com/android/dx/rop/code/LocalItem 12 com/android/dx/ssa/NormalSsaInsn
ciMethod com/android/dex/util/ExceptionWithContext addContext (Ljava/lang/String;)V 0 0 1 0 -1
ciMethod com/android/dx/rop/cst/CstType getClassType ()Lcom/android/dx/rop/type/Type; 2185 1 273 0 0
ciMethod com/android/dx/rop/type/TypeBearer getType ()Lcom/android/dx/rop/type/Type; 0 0 1 0 -1
ciMethod com/android/dx/rop/type/TypeBearer getFrameType ()Lcom/android/dx/rop/type/TypeBearer; 0 0 1 0 -1
ciMethod com/android/dx/rop/cst/TypedConstant getFrameType ()Lcom/android/dx/rop/type/TypeBearer; 4097 1 1995 0 0
ciMethod com/android/dx/rop/cst/ConstantPool get (I)Lcom/android/dx/rop/cst/Constant; 0 0 1 0 -1
ciMethod com/android/dx/rop/type/TypeList size ()I 0 0 1 0 -1
ciMethod com/android/dx/rop/type/TypeList withAddedType (Lcom/android/dx/rop/type/Type;)Lcom/android/dx/rop/type/TypeList; 0 0 1 0 -1
ciMethod com/android/dx/util/ByteArray getByte (I)I 233 1 232 0 -1
ciMethod com/android/dx/util/ByteArray getShort (I)I 1025 1 1536 0 -1
ciMethod com/android/dx/util/ByteArray getInt (I)I 465 1 35397 0 -1
ciMethod com/android/dx/util/ByteArray getUnsignedByte (I)I 3025 1 155643 0 -1
ciMethod com/android/dx/util/ByteArray getUnsignedShort (I)I 3361 1 174948 0 -1
ciMethod com/android/dx/cf/code/BytecodeArray$Visitor visitInvalid (III)V 0 0 1 0 -1
ciMethod com/android/dx/cf/code/BytecodeArray$Visitor visitNoArgs (IIILcom/android/dx/rop/type/Type;)V 0 0 1 0 -1
ciMethod com/android/dx/cf/code/BytecodeArray$Visitor visitLocal (IIIILcom/android/dx/rop/type/Type;I)V 0 0 1 0 -1
ciMethod com/android/dx/cf/code/BytecodeArray$Visitor visitConstant (IIILcom/android/dx/rop/cst/Constant;I)V 0 0 1 0 -1
ciMethod com/android/dx/cf/code/BytecodeArray$Visitor visitBranch (IIII)V 0 0 1 0 -1
ciMethod com/android/dx/rop/cst/CstInteger make (I)Lcom/android/dx/rop/cst/CstInteger; 81 1 17339 0 -1
ciMethod com/android/dx/rop/cst/CstInteger getValue ()I 3185 1 43970 0 -1
ciMethod com/android/dx/util/MutabilityControl <init> (Z)V 2345 1 173254 0 32
ciMethod com/android/dx/util/MutabilityControl setImmutable ()V 4097 1 785903 0 0
ciMethod com/android/dx/util/MutabilityControl throwIfImmutable ()V 2089 1 1279948 0 64
ciMethod com/android/dx/util/MutabilityControl throwIfMutable ()V 2193 1 174128 0 64
ciMethod com/android/dx/util/MutabilityException <init> (Ljava/lang/String;)V 0 0 1 0 -1
ciMethod com/android/dx/rop/type/Type equals (Ljava/lang/Object;)Z 4097 1 87390 0 352
ciMethod com/android/dx/rop/type/Type getCategory ()I 2409 1 1694 0 64
ciMethod com/android/dx/rop/type/Type isCategory2 ()Z 4097 1 29874 0 -1
ciMethod com/android/dx/rop/type/Type isIntlike ()Z 3457 1 14225 0 0
ciMethod com/android/dx/rop/type/Type isReference ()Z 7777 1 1944 0 0
ciMethod com/android/dx/rop/type/Type isArray ()Z 2617 1 6899 0 0
ciMethod com/android/dx/rop/type/Type getArrayType ()Lcom/android/dx/rop/type/Type; 20105 1 346 0 -1
ciMethod com/android/dx/rop/type/Type getComponentType ()Lcom/android/dx/rop/type/Type; 148913 1 1277 0 -1
ciMethod com/android/dx/cf/iface/Member getAccessFlags ()I 0 0 1 0 -1
ciMethod com/android/dx/util/FixedSizeList <init> (I)V 2049 1 15244 0 288
ciMethod com/android/dx/util/FixedSizeList size ()I 4097 1 2129838 0 0
ciMethod com/android/dx/util/FixedSizeList get0 (I)Ljava/lang/Object; 4097 1 5999 0 128
ciMethod com/android/dx/util/FixedSizeList set0 (ILjava/lang/Object;)V 3145 1 735777 0 224
ciMethod com/android/dx/util/FixedSizeList throwIndex (I)Ljava/lang/Object; 0 0 1 0 -1
ciMethodData com/android/dx/util/MutabilityControl throwIfImmutable ()V 2 1280016 orig 264 56 157 131 107 0 0 0 0 136 116 174 27 0 0 0 0 80 1 0 0 0 0 0 0 0 0 0 0 0 0 0 0 0 0 0 0 0 0 0 0 0 0 0 0 0 0 0 0 0 0 0 0 0 0 0 0 0 0 0 0 0 0 0 0 0 0 0 0 0 0 0 0 0 0 0 0 0 0 0 0 77 68 79 32 101 120 116 114 97 32 100 97 116 97 32 108 111 99 107 0 0 0 0 0 0 0 0 0 0 0 0 0 0 0 0 0 0 0 0 0 0 0 0 0 0 0 0 0 0 0 0 0 0 0 0 0 0 0 0 0 0 0 0 0 0 0 0 0 0 0 0 0 0 0 0 0 0 0 0 0 0 0 0 0 0 0 0 0 0 0 0 0 0 0 0 0 0 0 0 0 0 0 0 0 25 0 0 0 0 0 0 0 0 0 0 0 0 0 0 0 1 0 0 0 0 0 0 0 0 0 0 0 0 0 0 0 5 1 0 0 89 56 156 0 1 0 0 0 0 0 0 0 0 0 0 0 2 0 0 0 0 0 5 0 2 0 0 0 48 0 0 0 255 255 255 255 7 0 4 0 0 0 0 0 data 6 0x40007 0x13886e 0x30 0x0 0xd0002 0x0 oops 0
ciMethod com/android/dx/cf/iface/StdMember getAccessFlags ()I 1105 1 138 0 0
ciMethod com/android/dx/rop/type/StdTypeList <init> (I)V 2545 1 39516 0 0
ciMethod com/android/dx/rop/type/StdTypeList set (ILcom/android/dx/rop/type/Type;)V 2777 1 14873 0 0
ciMethodData com/android/dx/util/FixedSizeList get0 (I)Ljava/lang/Object; 2 5999 orig 264 56 157 131 107 0 0 0 0 248 32 175 27 0 0 0 0 48 2 0 0 192 0 0 0 0 0 0 0 0 0 0 0 0 0 0 0 0 0 0 0 0 0 0 0 0 0 0 0 0 0 0 0 0 0 0 0 0 0 0 0 0 0 0 0 0 0 0 0 0 0 0 0 0 0 0 0 0 0 0 0 77 68 79 32 101 120 116 114 97 32 100 97 116 97 32 108 111 99 107 0 0 0 0 0 0 0 0 0 0 0 0 0 0 0 0 0 0 0 0 0 0 0 0 0 0 0 0 0 0 0 0 0 0 0 0 0 0 0 0 0 0 0 0 0 0 0 0 0 0 0 0 0 0 0 0 0 0 0 0 0 0 0 0 0 0 0 0 0 0 0 0 0 0 0 0 0 0 0 0 0 0 0 0 0 25 0 0 0 0 0 0 0 0 0 0 0 0 0 0 0 1 0 0 0 0 0 0 0 0 0 0 0 0 0 0 0 0 2 0 0 121 171 0 0 1 0 0 0 0 0 0 0 0 0 0 0 2 0 0 0 0 0 9 0 2 0 0 0 224 0 0 0 255 255 255 255 7 0 8 0 0 0 0 0 data 28 0x80007 0x1573 0xd0 0x0 0x130002 0x0 0x180005 0x0 0x0 0x0 0x0 0x0 0x1c0005 0x0 0x0 0x0 0x0 0x0 0x1f0005 0x0 0x0 0x0 0x0 0x0 0x220002 0x0 0x2b0002 0x0 oops 0
ciMethodData com/android/dx/util/FixedSizeList size ()I 2 2130990 orig 264 56 157 131 107 0 0 0 0 48 30 175 27 0 0 0 0 32 1 0 0 0 0 0 0 0 0 0 0 0 0 0 0 0 0 0 0 0 0 0 0 0 0 0 0 0 0 0 0 0 0 0 0 0 0 0 0 0 0 0 0 0 0 0 0 0 0 0 0 0 0 0 0 0 0 0 0 0 0 0 0 77 68 79 32 101 120 116 114 97 32 100 97 116 97 32 108 111 99 107 0 0 0 0 0 0 0 0 0 0 0 0 0 0 0 0 0 0 0 0 0 0 0 0 0 0 0 0 0 0 0 0 0 0 0 0 0 0 0 0 0 0 0 0 0 0 0 0 0 0 0 0 0 0 0 0 0 0 0 0 0 0 0 0 0 0 0 0 0 0 0 0 0 0 0 0 0 0 0 0 0 0 0 0 0 1 0 0 0 0 0 0 0 0 0 0 0 0 0 0 0 1 0 0 0 0 0 0 0 0 0 0 0 0 0 0 0 0 2 0 0 113 17 4 1 1 0 0 0 0 0 0 0 0 0 0 0 2 0 0 0 0 0 3 0 1 0 0 0 0 0 0 0 255 255 255 255 0 0 0 0 0 0 0 0 data 0 oops 0
ciMethod com/android/dx/cf/code/BytecodeArray parseInstruction (ILcom/android/dx/cf/code/BytecodeArray$Visitor;)I 17210897 1 212740 0 -1
ciMethod com/android/dx/cf/code/BytecodeArray parseTableswitch (ILcom/android/dx/cf/code/BytecodeArray$Visitor;)I 5841 49769 86 0 -1
ciMethod com/android/dx/cf/code/BytecodeArray parseLookupswitch (ILcom/android/dx/cf/code/BytecodeArray$Visitor;)I 10809 85145 98 0 -1
ciMethod com/android/dx/cf/code/BytecodeArray parseNewarray (ILcom/android/dx/cf/code/BytecodeArray$Visitor;)I 9497 34217 170 0 -1
ciMethod com/android/dx/cf/code/BytecodeArray parseWide (ILcom/android/dx/cf/code/BytecodeArray$Visitor;)I 0 0 1 0 -1
ciMethod com/android/dx/cf/code/ByteCatchList get (I)Lcom/android/dx/cf/code/ByteCatchList$Item; 2537 1 16183 0 0
ciMethod com/android/dx/cf/code/ByteCatchList toRopCatchList ()Lcom/android/dx/rop/type/TypeList; 4097 385 53466 0 0
ciMethodData com/android/dx/util/FixedSizeList <init> (I)V 2 15244 orig 264 56 157 131 107 0 0 0 0 128 24 175 27 0 0 0 0 152 1 0 0 56 0 0 0 0 0 0 0 0 0 0 0 0 0 0 0 0 0 0 0 0 0 0 0 0 0 0 0 0 0 0 0 0 0 0 0 0 0 0 0 0 0 0 0 0 0 0 0 0 0 0 0 0 0 0 0 0 0 0 0 77 68 79 32 101 120 116 114 97 32 100 97 116 97 32 108 111 99 107 0 0 0 0 0 0 0 0 0 0 0 0 0 0 0 0 0 0 0 0 0 0 0 0 0 0 0 0 0 0 0 0 0 0 0 0 0 0 0 0 0 0 0 0 0 0 0 0 0 0 0 0 0 0 0 0 0 0 0 0 0 0 0 0 0 0 0 0 0 0 0 0 0 0 0 0 0 0 0 0 0 0 0 0 0 0 0 0 0 0 0 0 0 0 0 0 0 0 0 0 0 0 0 0 0 0 0 0 0 0 0 0 0 0 0 0 0 0 1 0 0 97 212 1 0 1 0 0 0 0 0 0 0 0 0 0 0 2 0 0 0 0 0 10 0 2 0 0 0 112 0 0 0 255 255 255 255 7 0 2 0 0 0 0 0 data 14 0x20007 0x1332 0x38 0x2761 0x60003 0x2767 0x18 0xa0002 0x3a9f 0x150003 0x3a99 0x28 0x1f0002 0x0 oops 0
ciMethodData com/android/dx/util/MutabilityControl <init> (Z)V 2 173281 orig 264 56 157 131 107 0 0 0 0 208 113 174 27 0 0 0 0 56 1 0 0 0 0 0 0 0 0 0 0 0 0 0 0 0 0 0 0 0 0 0 0 0 0 0 0 0 0 0 0 0 0 0 0 0 0 0 0 0 0 0 0 0 0 0 0 0 0 0 0 0 0 0 0 0 0 0 0 0 0 0 0 77 68 79 32 101 120 116 114 97 32 100 97 116 97 32 108 111 99 107 0 0 0 0 0 0 0 0 0 0 0 0 0 0 0 0 0 0 0 0 0 0 0 0 0 0 0 0 0 0 0 0 0 0 0 0 0 0 0 0 0 0 0 0 0 0 0 0 0 0 0 0 0 0 0 0 0 0 0 0 0 0 0 0 0 0 0 0 0 0 0 0 0 0 0 0 0 0 0 0 0 0 0 0 0 0 0 0 0 0 0 0 0 0 0 0 0 0 0 0 0 0 0 0 0 0 0 0 0 0 0 0 0 0 0 0 0 37 1 0 0 225 29 21 0 1 0 0 0 0 0 0 0 0 0 0 0 2 0 0 0 0 0 3 0 2 0 0 0 16 0 0 0 255 255 255 255 2 0 1 0 0 0 0 0 data 2 0x10002 0x2a3cc oops 0
ciMethod com/android/dx/cf/attrib/AttCode getCatches ()Lcom/android/dx/cf/code/ByteCatchList; 1425 1 178 0 0
ciMethodData com/android/dx/util/FixedSizeList set0 (ILjava/lang/Object;)V 2 735834 orig 264 56 157 131 107 0 0 0 0 176 34 175 27 0 0 0 0 224 1 0 0 0 0 0 0 0 0 0 0 0 0 0 0 0 0 0 0 0 0 0 0 0 0 0 0 0 0 0 0 0 0 0 0 0 0 0 0 0 0 0 0 0 0 0 0 0 0 0 0 0 0 0 0 0 0 0 0 0 0 0 0 77 68 79 32 101 120 116 114 97 32 100 97 116 97 32 108 111 99 107 0 0 0 0 0 0 0 0 0 0 0 0 0 0 0 0 0 0 0 0 0 0 0 0 0 0 0 0 0 0 0 0 0 0 0 0 0 0 0 0 0 0 0 0 0 0 0 0 0 0 0 0 0 0 0 0 0 0 0 0 0 0 0 0 0 0 0 0 0 0 0 0 0 0 0 0 0 0 0 0 0 0 0 0 0 17 0 0 0 0 0 0 0 0 0 0 0 0 0 0 0 0 0 0 0 0 0 0 0 0 0 0 0 0 0 0 0 137 1 0 0 121 198 89 0 1 0 0 0 0 0 0 0 0 0 0 0 2 0 0 0 0 0 11 0 2 0 0 0 136 0 0 0 255 255 255 255 5 0 1 0 0 0 0 0 data 17 0x10005 0xa032b 0x1d6598c0 0x121de 0x1d8ac4d0 0x166d 0xa0104 0x0 0x1f79ef90 0x121de 0x1d8ac580 0x166d 0xb0003 0xb39cb 0x28 0x110002 0x0 oops 4 2 com/android/dx/rop/type/StdTypeList 4 com/android/dx/cf/iface/StdMethodList 8 com/android/dx/rop/type/Type 10 com/android/dx/cf/iface/StdMethod
ciMethod com/android/dx/util/Hex u2 (I)Ljava/lang/String; 49161 196633 2266 0 -1
ciMethod com/android/dx/cf/code/ConcreteMethod getAccessFlags ()I 4097 1 56459 0 0
ciMethod com/android/dx/cf/code/ConcreteMethod getCatches ()Lcom/android/dx/cf/code/ByteCatchList; 4097 1 52346 0 0
ciMethod com/android/dx/cf/code/Ropper getSpecialLabel (I)I 4097 1 12371 0 0
ciMethod com/android/dx/cf/code/Ropper getMinimumUnreservedLabel ()I 6105 1 1153 0 0
ciMethod com/android/dx/cf/code/Ropper getAvailableLabel ()I 1665 57345 1149 0 832
ciMethod com/android/dx/cf/code/Ropper isSynchronized ()Z 4097 1 55845 0 0
ciMethod com/android/dx/cf/code/Ropper labelToResultIndex (I)I 3911113 335704209 54461 0 -1
ciMethod com/android/dx/cf/code/Ropper addBlock (Lcom/android/dx/rop/code/BasicBlock;Lcom/android/dx/util/IntList;)V 4097 1 36392 0 0
ciMethod com/android/dx/cf/code/Ropper addOrReplaceBlock (Lcom/android/dx/rop/code/BasicBlock;Lcom/android/dx/util/IntList;)Z 4097 1 53464 0 0
ciMethod com/android/dx/cf/code/Ropper removeBlockAndSpecialSuccessors (I)V 84737 102857 6 0 -1
ciMethod com/android/dx/cf/code/Ropper processBlock (Lcom/android/dx/cf/code/ByteBlock;Lcom/android/dx/cf/code/Frame;[I)V 4097 14273 53468 0 -1
ciMethod com/android/dx/cf/code/Ropper mergeAndWorkAsNecessary (IILcom/android/dx/cf/code/Ropper$Subroutine;Lcom/android/dx/cf/code/Frame;[I)V 4097 1 56069 0 0
ciMethod com/android/dx/cf/code/Ropper access$000 (Lcom/android/dx/cf/code/Ropper;)Lcom/android/dx/cf/code/Ropper$ExceptionSetupLabelAllocator; 321 1 40 0 0
ciMethod com/android/dx/rop/code/Insn <init> (Lcom/android/dx/rop/code/Rop;Lcom/android/dx/rop/code/SourcePosition;Lcom/android/dx/rop/code/RegisterSpec;Lcom/android/dx/rop/code/RegisterSpecList;)V 4097 1 11811 0 224
ciMethod com/android/dx/rop/code/Insn getOpcode ()Lcom/android/dx/rop/code/Rop; 1081 1 135 0 0
ciMethod com/android/dx/rop/code/Insn getPosition ()Lcom/android/dx/rop/code/SourcePosition; 1105 1 138 0 0
ciMethod com/android/dx/rop/code/Insn getSources ()Lcom/android/dx/rop/code/RegisterSpecList; 1633 1 204 0 -1
ciMethod com/android/dx/rop/code/Insn canThrow ()Z 2569 1 11189 0 0
ciMethod com/android/dx/rop/code/Insn withAddedCatch (Lcom/android/dx/rop/type/Type;)Lcom/android/dx/rop/code/Insn; 0 0 1 0 -1
ciMethod com/android/dx/rop/code/PlainInsn <init> (Lcom/android/dx/rop/code/Rop;Lcom/android/dx/rop/code/SourcePosition;Lcom/android/dx/rop/code/RegisterSpec;Lcom/android/dx/rop/code/RegisterSpecList;)V 4097 1 9846 0 288
ciMethod com/android/dx/rop/code/ThrowingInsn <init> (Lcom/android/dx/rop/code/Rop;Lcom/android/dx/rop/code/SourcePosition;Lcom/android/dx/rop/code/RegisterSpecList;Lcom/android/dx/rop/type/TypeList;)V 615817 1 6598 0 -1
ciMethod com/android/dx/rop/code/ThrowingInsn withAddedCatch (Lcom/android/dx/rop/type/Type;)Lcom/android/dx/rop/code/Insn; 481 1 29 0 0
ciMethod com/android/dx/rop/code/CstInsn getConstant ()Lcom/android/dx/rop/cst/Constant; 1321 1 165 0 -1
ciMethod com/android/dx/rop/code/ThrowingCstInsn <init> (Lcom/android/dx/rop/code/Rop;Lcom/android/dx/rop/code/SourcePosition;Lcom/android/dx/rop/code/RegisterSpecList;Lcom/android/dx/rop/type/TypeList;Lcom/android/dx/rop/cst/Constant;)V 4097 1 6892 0 -1
ciMethod com/android/dx/rop/code/ThrowingCstInsn withAddedCatch (Lcom/android/dx/rop/type/Type;)Lcom/android/dx/rop/code/Insn; 8681 1 171 0 0
ciMethodData com/android/dx/util/MutabilityControl setImmutable ()V 2 787270 orig 264 56 157 131 107 0 0 0 0 120 114 174 27 0 0 0 0 32 1 0 0 0 0 0 0 0 0 0 0 0 0 0 0 0 0 0 0 0 0 0 0 0 0 0 0 0 0 0 0 0 0 0 0 0 0 0 0 0 0 0 0 0 0 0 0 0 0 0 0 0 0 0 0 0 0 0 0 0 0 0 0 77 68 79 32 101 120 116 114 97 32 100 97 116 97 32 108 111 99 107 0 0 0 0 0 0 0 0 0 0 0 0 0 0 0 0 0 0 0 0 0 0 0 0 0 0 0 0 0 0 0 0 0 0 0 0 0 0 0 0 0 0 0 0 0 0 0 0 0 0 0 0 0 0 0 0 0 0 0 0 0 0 0 0 0 0 0 0 0 0 0 0 0 0 0 0 0 0 0 0 0 0 0 0 0 0 0 0 0 0 0 0 0 0 0 0 0 0 0 0 0 0 0 0 0 0 0 0 0 0 0 0 0 0 0 0 0 0 2 0 0 49 10 96 0 1 0 0 0 0 0 0 0 0 0 0 0 2 0 0 0 0 0 3 0 1 0 0 0 0 0 0 0 255 255 255 255 0 0 0 0 0 0 0 0 data 0 oops 0
ciMethod com/android/dx/util/Bits set ([II)V 2561 1 500830 0 128
ciMethod com/android/dx/util/IntList makeImmutable (I)Lcom/android/dx/util/IntList; 4097 1 71339 0 0
ciMethod com/android/dx/util/IntList <init> ()V 4105 1 145221 0 0
ciMethod com/android/dx/util/IntList <init> (I)V 4137 1 12533 0 288
ciMethod com/android/dx/util/IntList equals (Ljava/lang/Object;)Z 3641 1 7978 0 0
ciMethod com/android/dx/util/IntList size ()I 1625 1 203 0 0
ciMethod com/android/dx/util/IntList get (I)I 2121 1 5584 0 128
ciMethod com/android/dx/util/IntList set (II)V 4097 1 10325 0 192
ciMethod com/android/dx/util/IntList add (I)V 2137 1 14574 0 672
ciMethod com/android/dx/util/IntList growIfNeeded ()V 2113 1 13528 0 448
ciMethod com/android/dx/util/IntList mutableCopy ()Lcom/android/dx/util/IntList; 3673 24577 12416 0 1376
ciMethod com/android/dx/util/IntList indexOf (I)I 4097 1 164321 0 0
ciMethod com/android/dx/util/IntList binarysearch (I)I 131073 137081 96317 0 384
ciMethod com/android/dx/util/IntList contains (I)Z 4097 1 111784 0 0
ciMethod com/android/dx/cf/code/ByteOps opInfo (I)I 4913 1 19548 0 -1
ciMethod com/android/dx/cf/code/ByteCatchList$Item getHandlerPc ()I 1033 1 129 0 0
ciMethod com/android/dx/cf/code/ByteCatchList$Item getExceptionClass ()Lcom/android/dx/rop/cst/CstType; 4121 1 4910 0 0
ciMethod com/android/dx/cf/code/ByteBlock getLabel ()I 1769 1 221 0 0
ciMethod com/android/dx/cf/code/ByteBlock getStart ()I 11393 1 1424 0 0
ciMethod com/android/dx/cf/code/ByteBlock getEnd ()I 11385 1 1423 0 0
ciMethod com/android/dx/cf/code/ByteBlock getSuccessors ()Lcom/android/dx/util/IntList; 11425 1 1428 0 0
ciMethod com/android/dx/cf/code/ByteBlock getCatches ()Lcom/android/dx/cf/code/ByteCatchList; 11433 1 1429 0 0
ciMethod com/android/dx/cf/code/RopperMachine getInsns ()Ljava/util/ArrayList; 2225 1 278 0 0
ciMethod com/android/dx/cf/code/RopperMachine startBlock (Lcom/android/dx/rop/type/TypeList;)V 4097 1 53468 0 0
ciMethod com/android/dx/cf/code/RopperMachine wereCatchesUsed ()Z 11425 1 1428 0 0
ciMethod com/android/dx/cf/code/RopperMachine returns ()Z 1633 1 204 0 0
ciMethod com/android/dx/cf/code/RopperMachine getPrimarySuccessorIndex ()I 11297 1 1412 0 0
ciMethod com/android/dx/cf/code/RopperMachine getExtraBlockCount ()I 2217 1 277 0 0
ciMethod com/android/dx/cf/code/RopperMachine canThrow ()Z 0 0 1 0 0
ciMethod com/android/dx/cf/code/RopperMachine hasJsr ()Z 11433 1 1429 0 0
ciMethod com/android/dx/cf/code/RopperMachine hasRet ()Z 4097 1 53456 0 0
ciMethod com/android/dx/cf/code/RopperMachine getReturnAddress ()Lcom/android/dx/cf/code/ReturnAddress; 0 0 1 0 -1
ciMethod com/android/dx/cf/code/Simulator simulate (Lcom/android/dx/cf/code/ByteBlock;Lcom/android/dx/cf/code/Frame;)V 4097 7281 53465 0 0
ciMethod com/android/dx/cf/code/Simulator$SimVisitor setFrame (Lcom/android/dx/cf/code/Frame;)V 4697 1 53692 0 0
ciMethod com/android/dx/cf/code/Simulator$SimVisitor setPreviousOffset (I)V 4097 1 104756 0 0
ciMethod com/android/dx/cf/code/Frame <init> (Lcom/android/dx/cf/code/LocalsArray;Lcom/android/dx/cf/code/ExecutionStack;Lcom/android/dx/util/IntList;)V 4097 1 61571 0 0
ciMethod com/android/dx/cf/code/Frame copy ()Lcom/android/dx/cf/code/Frame; 4097 1 53469 0 0
ciMethod com/android/dx/cf/code/Frame setImmutable ()V 4105 1 58603 0 0
ciMethod com/android/dx/cf/code/Frame getLocals ()Lcom/android/dx/cf/code/LocalsArray; 2353 1 294 0 0
ciMethod com/android/dx/cf/code/Frame getStack ()Lcom/android/dx/cf/code/ExecutionStack; 1233 1 154 0 0
ciMethod com/android/dx/cf/code/Frame getSubroutines ()Lcom/android/dx/util/IntList; 3177 1 397 0 0
ciMethod com/android/dx/cf/code/Frame mergeWith (Lcom/android/dx/cf/code/Frame;)Lcom/android/dx/cf/code/Frame; 1585 1 7782 0 0
ciMethod com/android/dx/cf/code/Frame mergeSubroutineLists (Lcom/android/dx/util/IntList;)Lcom/android/dx/util/IntList; 639201 1 7781 0 0
ciMethod com/android/dx/cf/code/Frame adjustLocalsForSubroutines (Lcom/android/dx/cf/code/LocalsArray;Lcom/android/dx/util/IntList;)Lcom/android/dx/cf/code/LocalsArray; 2609 1 7781 0 0
ciMethod com/android/dx/cf/code/Frame mergeWithSubroutineCaller (Lcom/android/dx/cf/code/Frame;II)Lcom/android/dx/cf/code/Frame; 0 0 1 0 -1
ciMethod com/android/dx/cf/code/Frame makeNewSubroutineStartFrame (II)Lcom/android/dx/cf/code/Frame; 0 0 1 0 -1
ciMethod com/android/dx/cf/code/Frame makeExceptionHandlerStartFrame (Lcom/android/dx/rop/cst/CstType;)Lcom/android/dx/cf/code/Frame; 385 1 2214 0 0
ciMethod com/android/dx/cf/code/Frame annotate (Lcom/android/dex/util/ExceptionWithContext;)V 0 0 1 0 0
ciMethod com/android/dx/cf/code/Ropper$Subroutine <init> (Lcom/android/dx/cf/code/Ropper;I)V 0 0 1 0 -1
ciMethod com/android/dx/cf/code/Ropper$Subroutine getStartBlock ()I 0 0 1 0 -1
ciMethod com/android/dx/cf/code/Ropper$Subroutine addCallerBlock (I)V 0 0 1 0 -1
ciMethod com/android/dx/cf/code/Ropper$CatchInfo <init> (Lcom/android/dx/cf/code/Ropper;)V 33 1 192 0 -1
ciMethod com/android/dx/cf/code/Ropper$CatchInfo getSetup (Lcom/android/dx/rop/type/Type;)Lcom/android/dx/cf/code/Ropper$ExceptionHandlerSetup; 366889 1 2214 0 0
ciMethod com/android/dx/cf/code/Ropper$CatchInfo <init> (Lcom/android/dx/cf/code/Ropper;Lcom/android/dx/cf/code/Ropper$1;)V 33 1 190 0 -1
ciMethod com/android/dx/cf/code/LocalsArray <init> (Z)V 4097 1 54652 0 0
ciMethod com/android/dx/cf/code/LocalsArray copy ()Lcom/android/dx/cf/code/LocalsArray; 0 0 1 0 -1
ciMethod com/android/dx/cf/code/LocalsArray annotate (Lcom/android/dex/util/ExceptionWithContext;)V 0 0 1 0 -1
ciMethod com/android/dx/cf/code/LocalsArray merge (Lcom/android/dx/cf/code/LocalsArray;)Lcom/android/dx/cf/code/LocalsArray; 0 0 1 0 -1
ciMethod com/android/dx/cf/code/OneLocalsArray <init> (I)V 4097 1 54639 0 0
ciMethod com/android/dx/cf/code/OneLocalsArray copy ()Lcom/android/dx/cf/code/OneLocalsArray; 4097 1 53738 0 0
ciMethod com/android/dx/cf/code/OneLocalsArray annotate (Lcom/android/dex/util/ExceptionWithContext;)V 0 0 1 0 -1
ciMethod com/android/dx/cf/code/OneLocalsArray getMaxLocals ()I 4097 1 11151 0 0
ciMethod com/android/dx/cf/code/OneLocalsArray set (ILcom/android/dx/rop/type/TypeBearer;)V 4097 1 15995 0 0
ciMethod com/android/dx/cf/code/OneLocalsArray invalidate (I)V 17 1 100 0 0
ciMethod com/android/dx/cf/code/OneLocalsArray getOrNull (I)Lcom/android/dx/rop/type/TypeBearer; 4097 1 81170 0 0
ciMethod com/android/dx/cf/code/OneLocalsArray merge (Lcom/android/dx/cf/code/LocalsArray;)Lcom/android/dx/cf/code/LocalsArray; 3089 1 7782 0 0
ciMethod com/android/dx/cf/code/OneLocalsArray merge (Lcom/android/dx/cf/code/OneLocalsArray;)Lcom/android/dx/cf/code/OneLocalsArray; 3089 1 7782 0 0
ciMethod com/android/dx/cf/code/OneLocalsArray copy ()Lcom/android/dx/cf/code/LocalsArray; 4097 1 53675 0 0
ciMethod com/android/dx/cf/code/LocalsArraySet getPrimary ()Lcom/android/dx/cf/code/OneLocalsArray; 0 0 1 0 -1
ciMethod com/android/dx/cf/code/ExecutionStack <init> (I)V 5121 1 61522 0 0
ciMethod com/android/dx/cf/code/ExecutionStack copy ()Lcom/android/dx/cf/code/ExecutionStack; 4097 1 56332 0 0
ciMethod com/android/dx/cf/code/ExecutionStack annotate (Lcom/android/dex/util/ExceptionWithContext;)V 0 0 1 0 -1
ciMethod com/android/dx/cf/code/ExecutionStack size ()I 1313 1 164 0 0
ciMethod com/android/dx/cf/code/ExecutionStack clear ()V 98337 148753 2415 0 0
ciMethod com/android/dx/cf/code/ExecutionStack push (Lcom/android/dx/rop/type/TypeBearer;)V 4097 1 77726 0 0
ciMethod com/android/dx/cf/code/ExecutionStack peek (I)Lcom/android/dx/rop/type/TypeBearer; 4097 1 86451 0 0
ciMethod com/android/dx/cf/code/ExecutionStack change (ILcom/android/dx/rop/type/TypeBearer;)V 25457 1 455 0 0
ciMethod com/android/dx/cf/code/ExecutionStack merge (Lcom/android/dx/cf/code/ExecutionStack;)Lcom/android/dx/cf/code/ExecutionStack; 2609 1 7783 0 0
ciMethod com/android/dx/cf/code/ExecutionStack stackElementString (Lcom/android/dx/rop/type/TypeBearer;)Ljava/lang/String; 0 0 1 0 -1
ciMethod com/android/dx/cf/code/ExecutionStack throwSimException (Ljava/lang/String;)Lcom/android/dx/rop/type/TypeBearer; 0 0 1 0 -1
ciMethodData com/android/dx/rop/type/StdTypeList <init> (I)V 2 39532 orig 264 56 157 131 107 0 0 0 0 104 11 178 27 0 0 0 0 56 1 0 0 0 0 0 0 0 0 0 0 0 0 0 0 0 0 0 0 0 0 0 0 0 0 0 0 0 0 0 0 0 0 0 0 0 0 0 0 0 0 0 0 0 0 0 0 0 0 0 0 0 0 0 0 0 0 0 0 0 0 0 0 77 68 79 32 101 120 116 114 97 32 100 97 116 97 32 108 111 99 107 0 0 0 0 0 0 0 0 0 0 0 0 0 0 0 0 0 0 0 0 0 0 0 0 0 0 0 0 0 0 0 0 0 0 0 0 0 0 0 0 0 0 0 0 0 0 0 0 0 0 0 0 0 0 0 0 0 0 0 0 0 0 0 0 0 0 0 0 0 0 0 0 0 0 0 0 0 0 0 0 0 0 0 0 0 0 0 0 0 0 0 0 0 0 0 0 0 0 0 0 0 0 0 0 0 0 0 0 0 0 0 0 0 0 0 0 0 62 1 0 0 113 201 4 0 1 0 0 0 0 0 0 0 0 0 0 0 2 0 0 0 0 0 3 0 2 0 0 0 16 0 0 0 255 255 255 255 2 0 2 0 0 0 0 0 data 2 0x20002 0x9930 oops 0
ciMethodData com/android/dx/rop/type/StdTypeList set (ILcom/android/dx/rop/type/Type;)V 2 14878 orig 264 56 157 131 107 0 0 0 0 176 15 178 27 0 0 0 0 136 1 0 0 0 0 0 0 0 0 0 0 0 0 0 0 0 0 0 0 0 0 0 0 0 0 0 0 0 0 0 0 0 0 0 0 0 0 0 0 0 0 0 0 0 0 0 0 0 0 0 0 0 0 0 0 0 0 0 0 0 0 0 0 77 68 79 32 101 120 116 114 97 32 100 97 116 97 32 108 111 99 107 0 0 0 0 0 0 0 0 0 0 0 0 0 0 0 0 0 0 0 0 0 0 0 0 0 0 0 0 0 0 0 0 0 0 0 0 0 0 0 0 0 0 0 0 0 0 0 0 0 0 0 0 0 0 0 0 0 0 0 0 0 0 0 0 0 0 0 0 0 0 0 0 0 0 0 0 0 0 0 0 0 0 0 0 0 0 0 0 0 0 0 0 0 0 0 0 0 0 0 0 0 0 0 0 0 0 0 0 0 0 0 0 0 0 0 0 0 91 1 0 0 25 198 1 0 1 0 0 0 0 0 0 0 0 0 0 0 2 0 0 0 0 0 12 0 2 0 0 0 48 0 0 0 255 255 255 255 5 0 3 0 0 0 0 0 data 6 0x30005 0x76 0x1d6598c0 0x384d 0x0 0x0 oops 1 2 com/android/dx/rop/type/StdTypeList
ciMethod com/android/dx/cf/code/Ropper$ExceptionSetupLabelAllocator getNextLabel ()I 313 1 40 0 0
ciMethod com/android/dx/rop/code/InsnList <init> (I)V 4097 1 179868 0 0
ciMethod com/android/dx/rop/code/InsnList get (I)Lcom/android/dx/rop/code/Insn; 2305 1 1252165 0 192
ciMethod com/android/dx/rop/code/InsnList set (ILcom/android/dx/rop/code/Insn;)V 4097 1 326143 0 224
ciMethod com/android/dx/rop/code/Rop getBranchingness ()I 1201 1 150 0 0
ciMethod com/android/dx/rop/code/Rop canThrow ()Z 4113 1 138703 0 0
ciMethod com/android/dx/rop/code/BasicBlock <init> (ILcom/android/dx/rop/code/InsnList;Lcom/android/dx/util/IntList;I)V 4097 3785 11615 0 1632
ciMethod com/android/dx/rop/code/BasicBlock getLabel ()I 1057 1 132 0 0
ciMethod com/android/dx/rop/code/BasicBlock getSuccessors ()Lcom/android/dx/util/IntList; 1561 1 195 0 -1
ciMethod com/android/dx/cf/code/Merger mergeLocals (Lcom/android/dx/cf/code/OneLocalsArray;Lcom/android/dx/cf/code/OneLocalsArray;)Lcom/android/dx/cf/code/OneLocalsArray; 20561 131073 7792 0 0
ciMethod com/android/dx/cf/code/Merger mergeStack (Lcom/android/dx/cf/code/ExecutionStack;Lcom/android/dx/cf/code/ExecutionStack;)Lcom/android/dx/cf/code/ExecutionStack; 201321 131169 7967 0 0
ciMethod com/android/dx/cf/code/Merger mergeType (Lcom/android/dx/rop/type/TypeBearer;Lcom/android/dx/rop/type/TypeBearer;)Lcom/android/dx/rop/type/TypeBearer; 4097 1 63914 0 0
ciMethodData com/android/dx/util/MutabilityControl throwIfMutable ()V 2 174128 orig 264 56 157 131 107 0 0 0 0 80 117 174 27 0 0 0 0 80 1 0 0 0 0 0 0 0 0 0 0 0 0 0 0 0 0 0 0 0 0 0 0 0 0 0 0 0 0 0 0 0 0 0 0 0 0 0 0 0 0 0 0 0 0 0 0 0 0 0 0 0 0 0 0 0 0 0 0 0 0 0 0 77 68 79 32 101 120 116 114 97 32 100 97 116 97 32 108 111 99 107 0 0 0 0 0 0 0 0 0 0 0 0 0 0 0 0 0 0 0 0 0 0 0 0 0 0 0 0 0 0 0 0 0 0 0 0 0 0 0 0 0 0 0 0 0 0 0 0 0 0 0 0 0 0 0 0 0 0 0 0 0 0 0 0 0 0 0 0 0 0 0 0 0 0 0 0 0 0 0 0 0 0 0 0 0 0 0 0 0 0 0 0 0 0 0 0 0 0 0 0 0 0 0 0 0 0 0 0 0 0 0 0 0 0 0 0 0 17 1 0 0 241 56 21 0 1 0 0 0 0 0 0 0 0 0 0 0 2 0 0 0 0 0 5 0 2 0 0 0 48 0 0 0 255 255 255 255 7 0 4 0 0 0 0 0 data 6 0x40007 0x2a729 0x30 0x0 0xd0002 0x0 oops 0
ciMethodData com/android/dx/util/IntList get (I)I 2 5584 orig 264 56 157 131 107 0 0 0 0 160 92 182 27 0 0 0 0 104 1 0 0 32 0 0 0 0 0 0 0 0 0 0 0 0 0 0 0 0 0 0 0 0 0 0 0 0 0 0 0 0 0 0 0 0 0 0 0 0 0 0 0 0 0 0 0 0 0 0 0 0 0 0 0 0 0 0 0 0 0 0 0 77 68 79 32 101 120 116 114 97 32 100 97 116 97 32 108 111 99 107 0 0 0 0 0 0 0 0 0 0 0 0 0 0 0 0 0 0 0 0 0 0 0 0 0 0 0 0 0 0 0 0 0 0 0 0 0 0 0 0 0 0 0 0 0 0 0 0 0 0 0 0 0 0 0 0 0 0 0 0 0 0 0 0 0 0 0 0 0 0 0 0 0 0 0 0 0 0 0 0 0 0 0 0 0 0 0 0 0 0 0 0 0 0 0 0 0 0 0 0 0 0 0 0 0 0 0 0 0 0 0 0 0 0 0 0 0 9 1 0 0 57 166 0 0 1 0 0 0 0 0 0 0 0 0 0 0 2 0 0 0 0 0 7 0 2 0 0 0 64 0 0 0 255 255 255 255 7 0 5 0 0 0 0 0 data 8 0x50007 0x14cc 0x30 0x0 0xe0002 0x0 0x200002 0x0 oops 0
ciMethodData com/android/dx/util/IntList growIfNeeded ()V 2 13528 orig 264 56 157 131 107 0 0 0 0 32 98 182 27 0 0 0 0 120 1 0 0 0 0 0 0 0 0 0 0 0 0 0 0 0 0 0 0 0 0 0 0 0 0 0 0 0 0 0 0 0 0 0 0 0 0 0 0 0 0 0 0 0 0 0 0 0 0 0 0 0 0 0 0 0 0 0 0 0 0 0 0 77 68 79 32 101 120 116 114 97 32 100 97 116 97 32 108 111 99 107 0 0 0 0 0 0 0 0 0 0 0 0 0 0 0 0 0 0 0 0 0 0 0 0 0 0 0 0 0 0 0 0 0 0 0 0 0 0 0 0 0 0 0 0 0 0 0 0 0 0 0 0 0 0 0 0 0 0 0 0 0 0 0 0 0 0 0 0 0 0 0 0 0 0 0 0 0 0 0 0 0 0 0 0 0 0 0 0 0 0 0 0 0 0 0 0 0 0 0 0 0 0 0 0 0 0 0 0 0 0 0 0 0 0 0 0 0 7 1 0 0 129 158 1 0 1 0 0 0 0 0 0 0 0 0 0 0 2 0 0 0 0 0 6 0 2 0 0 0 48 0 0 0 255 255 255 255 7 0 9 0 0 0 0 0 data 6 0x90007 0x32c8 0x30 0x10a 0x250002 0x10a oops 0
ciMethodData com/android/dx/util/IntList add (I)V 2 14574 orig 264 56 157 131 107 0 0 0 0 208 94 182 27 0 0 0 0 8 2 0 0 0 0 0 0 0 0 0 0 0 0 0 0 0 0 0 0 0 0 0 0 0 0 0 0 0 0 0 0 0 0 0 0 0 0 0 0 0 0 0 0 0 0 0 0 0 0 0 0 0 0 0 0 0 0 0 0 0 0 0 0 77 68 79 32 101 120 116 114 97 32 100 97 116 97 32 108 111 99 107 0 0 0 0 0 0 0 0 0 0 0 0 0 0 0 0 0 0 0 0 0 0 0 0 0 0 0 0 0 0 0 0 0 0 0 0 0 0 0 0 0 0 0 0 0 0 0 0 0 0 0 0 0 0 0 0 0 0 0 0 0 0 0 0 0 0 0 0 0 0 0 0 0 0 0 0 0 0 0 0 0 0 0 0 0 0 0 0 0 0 0 0 0 0 0 0 0 0 0 0 0 0 0 0 0 0 0 0 0 0 0 0 0 0 0 0 0 11 1 0 0 25 191 1 0 1 0 0 0 0 0 0 0 0 0 0 0 2 0 0 0 0 0 14 0 2 0 0 0 184 0 0 0 255 255 255 255 5 0 1 0 0 0 0 0 data 23 0x10005 0x0 0x1e47a850 0x37e6 0x0 0x0 0x50002 0x37ef 0x1d0007 0x1563 0x78 0x2295 0x250007 0x137f 0x58 0xf1b 0x350007 0xcb 0x38 0xe50 0x390003 0xe50 0x18 oops 1 2 com/android/dx/util/IntList
ciMethodData com/android/dx/rop/type/Type getCategory ()I 2 1694 orig 264 56 157 131 107 0 0 0 0 248 177 174 27 0 0 0 0 96 1 0 0 0 0 0 0 0 0 0 0 0 0 0 0 0 0 0 0 0 0 0 0 0 0 0 0 0 0 0 0 0 0 0 0 0 0 0 0 0 0 0 0 0 0 0 0 0 0 0 0 0 0 0 0 0 0 0 0 0 0 0 0 77 68 79 32 101 120 116 114 97 32 100 97 116 97 32 108 111 99 107 0 0 0 0 0 0 0 0 0 0 0 0 0 0 0 0 0 0 0 0 0 0 0 0 0 0 0 0 0 0 0 0 0 0 0 0 0 0 0 0 0 0 0 0 0 0 0 0 0 0 0 0 0 0 0 0 0 0 0 0 0 0 0 0 0 0 0 0 0 0 0 0 0 0 0 0 0 0 0 0 0 0 0 0 0 1 0 0 0 0 0 0 0 0 0 0 0 0 0 0 0 1 0 0 0 0 0 0 0 0 0 0 0 0 0 0 0 45 1 0 0 137 43 0 0 1 0 0 0 0 0 0 0 0 0 0 0 2 0 0 0 0 0 6 0 1 0 0 0 64 0 0 0 255 255 255 255 8 0 4 0 0 0 0 0 data 8 0x40008 0x6 0x0 0x40 0x0 0x40 0x0 0x40 oops 0
ciMethodData com/android/dx/rop/code/InsnList get (I)Lcom/android/dx/rop/code/Insn; 2 1252179 orig 264 56 157 131 107 0 0 0 0 232 247 184 27 0 0 0 0 176 1 0 0 0 0 0 0 0 0 0 0 0 0 0 0 0 0 0 0 0 0 0 0 0 0 0 0 0 0 0 0 0 0 0 0 0 0 0 0 0 0 0 0 0 0 0 0 0 0 0 0 0 0 0 0 0 0 0 0 0 0 0 0 77 68 79 32 101 120 116 114 97 32 100 97 116 97 32 108 111 99 107 0 0 0 0 0 0 0 0 0 0 0 0 0 0 0 0 0 0 0 0 0 0 0 0 0 0 0 0 0 0 0 0 0 0 0 0 0 0 0 0 0 0 0 0 0 0 0 0 0 0 0 0 0 0 0 0 0 0 0 0 0 0 0 0 0 0 0 0 0 0 0 0 0 0 0 0 0 0 0 0 0 0 0 0 0 0 0 0 0 0 0 0 0 0 0 0 0 0 0 0 0 0 0 0 0 0 0 0 0 0 0 0 0 0 0 0 0 32 1 0 0 153 209 152 0 1 0 0 0 0 0 0 0 0 0 0 0 2 0 0 0 0 0 3 0 2 0 0 0 96 0 0 0 255 255 255 255 5 0 2 0 0 0 0 0 data 12 0x20005 0x28 0x1e47af30 0x131c60 0x0 0x0 0x50004 0x0 0x1e47ac70 0xbc57f 0x1e47abc0 0x573fe oops 3 2 com/android/dx/rop/code/InsnList 8 com/android/dx/rop/code/PlainInsn 10 com/android/dx/rop/code/ThrowingCstInsn
ciMethodData com/android/dx/util/Bits set ([II)V 2 502773 orig 264 56 157 131 107 0 0 0 0 0 68 182 27 0 0 0 0 40 1 0 0 0 0 0 0 0 0 0 0 0 0 0 0 0 0 0 0 0 0 0 0 0 0 0 0 0 0 0 0 0 0 0 0 0 0 0 0 0 0 0 0 0 0 0 0 0 0 0 0 0 0 0 0 0 0 0 0 0 0 0 0 77 68 79 32 101 120 116 114 97 32 100 97 116 97 32 108 111 99 107 0 0 0 0 0 0 0 0 0 0 0 0 0 0 0 0 0 0 0 0 0 0 0 0 0 0 0 0 0 0 0 0 0 0 0 0 0 0 0 0 0 0 0 0 0 0 0 0 0 0 0 0 0 0 0 0 0 0 0 0 0 0 0 0 0 0 0 0 0 0 0 0 0 0 0 0 0 0 0 0 0 0 0 0 0 0 0 0 0 0 0 0 0 0 0 0 0 0 0 0 0 0 0 0 0 0 0 0 0 0 0 0 0 0 0 0 0 64 1 0 0 169 85 61 0 1 0 0 0 0 0 0 0 0 0 0 0 2 0 0 0 0 0 3 0 1 0 0 0 0 0 0 0 255 255 255 255 0 0 0 0 0 0 0 0 data 0 oops 0
ciMethodData com/android/dx/util/IntList <init> (I)V 2 12533 orig 264 56 157 131 107 0 0 0 0 168 87 182 27 0 0 0 0 96 1 0 0 0 0 0 0 0 0 0 0 0 0 0 0 0 0 0 0 0 0 0 0 0 0 0 0 0 0 0 0 0 0 0 0 0 0 0 0 0 0 0 0 0 0 0 0 0 0 0 0 0 0 0 0 0 0 0 0 0 0 0 0 77 68 79 32 101 120 116 114 97 32 100 97 116 97 32 108 111 99 107 0 0 0 0 0 0 0 0 0 0 0 0 0 0 0 0 0 0 0 0 0 0 0 0 0 0 0 0 0 0 0 0 0 0 0 0 0 0 0 0 0 0 0 0 0 0 0 0 0 0 0 0 0 0 0 0 0 0 0 0 0 0 0 0 0 0 0 0 0 0 0 0 0 0 0 0 0 0 0 0 0 0 0 0 0 0 0 0 0 0 0 0 0 0 0 0 0 0 0 0 0 0 0 0 0 0 0 0 0 0 0 0 0 0 0 0 0 4 2 0 0 129 119 1 0 1 0 0 0 0 0 0 0 0 0 0 0 2 0 0 0 0 0 7 0 2 0 0 0 56 0 0 0 255 255 255 255 2 0 2 0 0 0 0 0 data 7 0x20002 0x2ef0 0xc0003 0x2ef0 0x28 0x160002 0x0 oops 0
ciMethod com/android/dx/cf/code/Ropper$ExceptionHandlerSetup <init> (Lcom/android/dx/rop/type/Type;I)V 313 1 40 0 0
ciMethod com/android/dx/cf/code/Ropper$ExceptionHandlerSetup getLabel ()I 417 1 52 0 0
ciMethodData com/android/dx/rop/type/Type equals (Ljava/lang/Object;)Z 2 87397 orig 264 56 157 131 107 0 0 0 0 64 168 174 27 0 0 0 0 32 2 0 0 80 0 0 0 0 0 0 0 0 0 0 0 0 0 0 0 0 0 0 0 0 0 0 0 0 0 0 0 0 0 0 0 0 0 0 0 0 0 0 0 0 0 0 0 0 0 0 0 0 0 0 0 0 0 0 0 0 0 0 0 77 68 79 32 101 120 116 114 97 32 100 97 116 97 32 108 111 99 107 0 0 0 0 0 0 0 0 0 0 0 0 0 0 0 0 0 0 0 0 0 0 0 0 0 0 0 0 0 0 0 0 0 0 0 0 0 0 0 0 0 0 0 0 0 0 0 0 0 0 0 0 0 0 0 0 0 0 0 0 0 0 0 0 0 0 0 0 0 0 0 0 0 0 0 0 0 0 0 0 0 0 0 0 0 0 0 0 0 0 0 0 0 0 0 0 0 0 0 0 0 0 0 0 0 0 0 0 0 0 0 0 0 0 0 0 0 0 2 0 0 41 155 10 0 1 0 0 0 0 0 0 0 0 0 0 0 2 0 0 0 0 0 7 0 2 0 0 0 208 0 0 0 255 255 255 255 7 0 2 0 0 0 0 0 data 26 0x20007 0x6a52 0x20 0xe922 0x80104 0xfffffffffffffff0 0x1f79ef90 0x6a43 0x0 0x0 0xb0007 0x6a42 0x20 0x11 0x150004 0x0 0x1f79ef90 0x2b1 0x0 0x0 0x1b0005 0x3 0x21a0490 0x6a3d 0x0 0x0 oops 3 6 com/android/dx/rop/type/Type 16 com/android/dx/rop/type/Type 22 java/lang/String
ciMethodData com/android/dx/rop/code/Insn <init> (Lcom/android/dx/rop/code/Rop;Lcom/android/dx/rop/code/SourcePosition;Lcom/android/dx/rop/code/RegisterSpec;Lcom/android/dx/rop/code/RegisterSpecList;)V 2 11811 orig 264 56 157 131 107 0 0 0 0 200 153 181 27 0 0 0 0 224 1 0 0 96 0 0 0 0 0 0 0 0 0 0 0 0 0 0 0 0 0 0 0 0 0 0 0 0 0 0 0 0 0 0 0 0 0 0 0 0 0 0 0 0 0 0 0 0 0 0 0 0 0 0 0 0 0 0 0 0 0 0 0 77 68 79 32 101 120 116 114 97 32 100 97 116 97 32 108 111 99 107 0 0 0 0 0 0 0 0 0 0 0 0 0 0 0 0 0 0 0 0 0 0 0 0 0 0 0 0 0 0 0 0 0 0 0 0 0 0 0 0 0 0 0 0 0 0 0 0 0 0 0 0 0 0 0 0 0 0 0 0 0 0 0 0 0 0 0 0 0 0 0 0 0 0 0 0 0 0 0 0 0 0 0 0 0 0 0 0 0 0 0 0 0 0 0 0 0 0 0 0 0 0 0 0 0 0 0 0 0 0 0 0 0 0 0 0 0 0 2 0 0 25 97 1 0 1 0 0 0 0 0 0 0 0 0 0 0 2 0 0 0 0 0 9 0 2 0 0 0 160 0 0 0 255 255 255 255 2 0 1 0 0 0 0 0 data 20 0x10002 0x2c22 0x50007 0x2c20 0x30 0x0 0xe0002 0x0 0x130007 0x2c22 0x30 0x0 0x1c0002 0x0 0x220007 0x2c22 0x30 0x0 0x2b0002 0x0 oops 0
ciMethodData com/android/dx/util/IntList set (II)V 2 10325 orig 264 56 157 131 107 0 0 0 0 200 93 182 27 0 0 0 0 0 2 0 0 80 0 0 0 0 0 0 0 0 0 0 0 0 0 0 0 0 0 0 0 0 0 0 0 0 0 0 0 0 0 0 0 0 0 0 0 0 0 0 0 0 0 0 0 0 0 0 0 0 0 0 0 0 0 0 0 0 0 0 0 77 68 79 32 101 120 116 114 97 32 100 97 116 97 32 108 111 99 107 0 0 0 0 0 0 0 0 0 0 0 0 0 0 0 0 0 0 0 0 0 0 0 0 0 0 0 0 0 0 0 0 0 0 0 0 0 0 0 0 0 0 0 0 0 0 0 0 0 0 0 0 0 0 0 0 0 0 0 0 0 0 0 0 0 0 0 0 0 0 0 0 0 0 0 0 0 0 0 0 0 0 0 0 0 0 0 0 0 0 0 0 0 0 0 0 0 0 0 0 0 0 0 0 0 0 0 0 0 0 0 0 0 0 0 0 0 0 2 0 0 169 50 1 0 1 0 0 0 0 0 0 0 0 0 0 0 2 0 0 0 0 0 13 0 2 0 0 0 168 0 0 0 255 255 255 255 5 0 1 0 0 0 0 0 data 21 0x10005 0x2d3 0x1e47a850 0x2382 0x0 0x0 0x90007 0x2659 0x30 0x0 0x120002 0x0 0x220003 0x265a 0x48 0x270007 0x0 0x30 0x0 0x300002 0x0 oops 1 2 com/android/dx/util/IntList
ciMethodData com/android/dx/rop/code/InsnList set (ILcom/android/dx/rop/code/Insn;)V 2 329984 orig 264 56 157 131 107 0 0 0 0 168 248 184 27 0 0 0 0 136 1 0 0 0 0 0 0 0 0 0 0 0 0 0 0 0 0 0 0 0 0 0 0 0 0 0 0 0 0 0 0 0 0 0 0 0 0 0 0 0 0 0 0 0 0 0 0 0 0 0 0 0 0 0 0 0 0 0 0 0 0 0 0 77 68 79 32 101 120 116 114 97 32 100 97 116 97 32 108 111 99 107 0 0 0 0 0 0 0 0 0 0 0 0 0 0 0 0 0 0 0 0 0 0 0 0 0 0 0 0 0 0 0 0 0 0 0 0 0 0 0 0 0 0 0 0 0 0 0 0 0 0 0 0 0 0 0 0 0 0 0 0 0 0 0 0 0 0 0 0 0 0 0 0 0 0 0 0 0 0 0 0 0 0 0 0 0 0 0 0 0 0 0 0 0 0 0 0 0 0 0 0 0 0 0 0 0 0 0 0 0 0 0 0 0 0 0 0 0 0 2 0 0 1 56 40 0 1 0 0 0 0 0 0 0 0 0 0 0 2 0 0 0 0 0 12 0 2 0 0 0 48 0 0 0 255 255 255 255 5 0 3 0 0 0 0 0 data 6 0x30005 0x2a8 0x1e47af30 0x50460 0x0 0x0 oops 1 2 com/android/dx/rop/code/InsnList
ciMethodData com/android/dx/cf/code/BytecodeArray parseInstruction (ILcom/android/dx/cf/code/BytecodeArray$Visitor;)I 2 222347 orig 264 56 157 131 107 0 0 0 0 96 26 180 27 0 0 0 0 0 40 0 0 128 33 0 0 0 0 0 0 0 0 0 0 0 0 0 0 0 0 0 0 0 0 0 0 0 0 0 0 0 0 0 0 0 0 0 0 0 0 0 0 0 0 0 0 0 0 0 0 0 0 0 0 0 0 0 0 0 0 0 0 77 68 79 32 101 120 116 114 97 32 100 97 116 97 32 108 111 99 107 0 0 0 0 0 0 0 0 0 0 0 0 0 0 0 0 0 0 0 0 0 0 0 0 0 0 0 0 0 0 0 0 0 0 0 0 0 0 0 0 0 0 0 0 0 1 0 0 0 0 0 0 0 0 0 0 0 0 0 0 0 0 0 0 0 0 0 0 0 0 0 0 0 0 0 0 0 0 0 0 0 0 0 0 0 0 0 0 0 0 0 0 0 0 0 0 0 0 0 0 0 0 0 0 0 0 0 0 0 0 0 0 0 0 0 0 0 3 2 0 0 1 83 2 0 1 0 0 0 175 67 0 0 0 0 0 0 2 0 0 0 0 0 140 0 2 0 0 0 40 38 0 0 255 255 255 255 7 0 1 0 0 0 0 0 data 1221 0x10007 0x4a5e 0x20 0x0 0xd0005 0xc6e 0x1d820030 0x3df2 0x0 0x0 0x120002 0x4a5e 0x1f0008 0x196 0x0 0x23c8 0x0 0xcc0 0x2c 0xcf0 0x2 0xd20 0x3f 0xd50 0x20 0xd80 0x8 0xdb0 0x10 0xde0 0x8 0xe10 0x3 0xe40 0x0 0xe70 0x0 0xea0 0x7 0xed0 0x2 0xf00 0x0 0xf30 0x0 0xf60 0x0 0xf90 0x1e 0xfc0 0x2 0x1030 0x9a 0x10a0 0x15 0x11f8 0x0 0x1350 0x17 0x13e0 0x0 0x1440 0x0 0x14a0 0x0 0x1500 0x30 0x1560 0x0 0x15c0 0xe 0x15c0 0x2f 0x15c0 0x6 0x15c0 0x0 0x15f0 0x0 0x15f0 0x0 0x15f0 0x0 0x15f0 0x0 0x1620 0x0 0x1620 0x0 0x1620 0x0 0x1620 0x0 0x1650 0x0 0x1650 0x0 0x1650 0x0 0x1650 0x113 0x1680 0x1bd 0x1680 0x72 0x1680 0x13 0x1680 0x0 0x16b0 0x0 0x16e0 0x0 0x1710 0x0 0x1740 0x0 0x1770 0x0 0x17a0 0x0 0x17d0 0x0 0x1800 0x4 0x1830 0x0 0x1890 0x0 0x18f0 0x0 0x1950 0x2e 0x19b0 0x0 0x1a10 0x0 0x1a10 0xa 0x1a10 0x0 0x1a10 0x0 0x1a40 0x0 0x1a40 0x0 0x1a40 0x0 0x1a40 0x0 0x1a70 0x0 0x1a70 0x0 0x1a70 0x0 0x1a70 0x0 0x1aa0 0x0 0x1aa0 0x0 0x1aa0 0x0 0x1aa0 0x0 0x1ad0 0x8 0x1ad0 0xc 0x1ad0 0x7 0x1ad0 0x0 0x1b00 0x0 0x1b30 0x0 0x1b60 0x0 0x1b90 0x5 0x1bc0 0x0 0x1bf0 0x0 0x1c20 0x0 0x1c50 0x27 0x1c80 0x0 0x1c80 0x44 0x1c80 0x0 0x1c80 0x0 0x1c80 0x0 0x1c80 0x0 0x1c80 0x0 0x1c80 0x0 0x1c80 0x0 0x1cb0 0x0 0x1ce0 0x0 0x1d10 0x0 0x1d40 0x0 0x1cb0 0x0 0x1ce0 0x0 0x1d10 0x0 0x1d40 0x0 0x1cb0 0x0 0x1ce0 0x0 0x1d10 0x0 0x1d40 0x0 0x1cb0 0x0 0x1ce0 0x0 0x1d10 0x0 0x1d40 0x0 0x1cb0 0x0 0x1ce0 0x0 0x1d10 0x0 0x1d40 0x0 0x1cb0 0x0 0x1ce0 0x0 0x1d10 0x0 0x1d40 0x0 0x1cb0 0x0 0x1ce0 0x0 0x1cb0 0x0 0x1ce0 0x0 0x1cb0 0x0 0x1ce0 0x0 0x1cb0 0x0 0x1ce0 0x0 0x1cb0 0x0 0x1ce0 0x0 0x1cb0 0x0 0x1ce0 0x1 0x1d70 0x0 0x1e00 0x0 0x1e30 0x0 0x1e60 0x0 0x1e90 0x0 0x1e30 0x0 0x1e60 0x0 0x1e90 0x0 0x1e00 0x0 0x1e60 0x0 0x1e90 0x0 0x1e00 0x0 0x1e30 0x0 0x1e90 0x0 0x1e90 0x0 0x1e90 0x0 0x1e90 0x2 0x1e90 0x0 0x1e90 0x0 0x1e90 0x0 0x1e90 0x42 0x1ec0 0x28 0x1ec0 0x4 0x1ec0 0x0 0x1ec0 0x0 0x1ec0 0x4 0x1ec0 0x4 0x1ec0 0x2 0x1ec0 0x1c 0x1ec0 0x10 0x1ec0 0x0 0x1ec0 0x12 0x1ec0 0x0 0x1ec0 0x0 0x1ec0 0x4d 0x1ec0 0x0 0x1ec0 0x0 0x1f20 0x6 0x1f80 0x0 0x1f90 0xd 0x1fa0 0x0 0x1fd0 0x0 0x2000 0x0 0x2030 0xe 0x2060 0x31 0x2090 0x41 0x20c0 0xb 0x20c0 0x140 0x20c0 0x58 0x20c0 0x1d1 0x20c0 0x4a 0x20c0 0x5d 0x20c0 0x0 0x2150 0x0 0x2240 0x3f 0x20c0 0x0 0x2250 0x1 0x20c0 0x0 0x1e90 0x6 0x2090 0xa 0x20c0 0x0 0x20c0 0x0 0x2090 0x0 0x2090 0x0 0x2260 0x0 0x2270 0x2f 0x1ec0 0xd 0x1ec0 0x0 0x2330 0x0 0x2330 0x35b0005 0x0 0x0 0x0 0x0 0x0 0x36b0005 0x0 0x1d7df420 0x5f 0x1f6233c0 0x5f 0x37b0005 0x0 0x1d7df420 0x1a 0x1f6233c0 0x1a 0x38b0005 0x2 0x1f6233c0 0xb5 0x1d7df420 0xb4 0x39b0005 0x2 0x1f6233c0 0x81 0x1d7df420 0x7f 0x3ab0005 0x2 0x1f6233c0 0xd 0x1d7df420 0xb 0x3bb0005 0x2 0x1f6233c0 0xe 0x1d7df420 0xc 0x3cb0005 0x0 0x1f6233c0 0xb 0x1d7df420 0x9 0x3db0005 0x0 0x1f6233c0 0x6 0x1d7df420 0x5 0x3eb0005 0x0 0x0 0x0 0x0 0x0 0x3fb0005 0x0 0x0 0x0 0x0 0x0 0x40b0005 0x0 0x1f6233c0 0xc 0x1d7df420 0xb 0x41b0005 0x0 0x1d7df420 0xc 0x1f6233c0 0xc 0x42b0005 0x0 0x1d7df420 0x2 0x1f6233c0 0x2 0x43b0005 0x0 0x0 0x0 0x0 0x0 0x44b0005 0x0 0x0 0x0 0x0 0x0 0x4590005 0x1e 0x1d820030 0x66 0x0 0x0 0x4650002 0x84 0x46a0005 0x0 0x1d7df420 0x42 0x1f6233c0 0x42 0x4780005 0x2 0x1d820030 0x6 0x0 0x0 0x4840002 0x8 0x4890005 0x0 0x1d7df420 0x4 0x1f6233c0 0x4 0x4970005 0x9a 0x1d820030 0x1e1 0x0 0x0 0x4a20005 0x0 0x1d7df4d0 0x27b 0x0 0x0 0x4ab0004 0xfffffffffffffdaf 0x1ed21840 0x8f 0x1e581b60 0x1 0x4ae0007 0x251 0x98 0x2a 0x4b30004 0x0 0x1d7b2c10 0x2a 0x0 0x0 0x4b60005 0x6 0x1d7b2c10 0x24 0x0 0x0 0x4b90003 0x2a 0x18 0x4c80005 0x6 0x1f6233c0 0x140 0x1d7df420 0x135 0x4d60005 0x15 0x1d820030 0x12 0x0 0x0 0x4e10005 0x0 0x1d7df4d0 0x27 0x0 0x0 0x4ea0004 0xffffffffffffffd9 0x1ed21840 0x15 0x0 0x0 0x4ed0007 0x27 0x98 0x0 0x4f20004 0x0 0x0 0x0 0x0 0x0 0x4f50005 0x0 0x0 0x0 0x0 0x0 0x4f80003 0x0 0x18 0x5070005 0x0 0x1d7df420 0x14 0x1f6233c0 0x13 0x5150005 0x0 0x1d820030 0x6 0x0 0x0 0x5200005 0x0 0x1d7df4d0 0x6 0x0 0x0 0x52f0005 0x0 0x1d7df420 0x3 0x1f6233c0 0x3 0x53d0005 0x17 0x1d820030 0xf5 0x0 0x0 0x54d0005 0x0 0x1d7df420 0x86 0x1f6233c0 0x86 0x55b0005 0x0 0x0 0x0 0x0 0x0 0x56b0005 0x0 0x0 0x0 0x0 0x0 0x5790005 0x0 0x1d820030 0x2 0x0 0x0 0x5890005 0x0 0x1d7df420 0x1 0x1f6233c0 0x1 0x5970005 0x0 0x0 0x0 0x0 0x0 0x5a70005 0x0 0x0 0x0 0x0 0x0 0x5b50005 0x30 0x1d820030 0x174 0x0 0x0 0x5c50005 0x0 0x1d7df420 0xd2 0x1f6233c0 0xd2 0x5dd0005 0x0 0x1f6233c0 0x109 0x1d7df420 0x107 0x5f50005 0x0 0x0 0x0 0x0 0x0 0x60d0005 0x0 0x1d7df420 0xd 0x1f6233c0 0xd 0x6250005 0x0 0x0 0x0 0x0 0x0 0x63d0005 0x0 0x1f6233c0 0x9f3 0x1d7df420 0x9e6 0x64c0005 0x0 0x1d7df420 0x8 0x1f6233c0 0x8 0x65b0005 0x0 0x0 0x0 0x0 0x0 0x66a0005 0x0 0x0 0x0 0x0 0x0 0x6790005 0x0 0x0 0x0 0x0 0x0 0x6880005 0x0 0x1d7df420 0x3 0x1f6233c0 0x3 0x6970005 0x0 0x0 0x0 0x0 0x0 0x6a60005 0x0 0x0 0x0 0x0 0x0 0x6b50005 0x0 0x0 0x0 0x0 0x0 0x6c30005 0x4 0x1d820030 0x5c 0x0 0x0 0x6d30005 0x0 0x1d7df420 0x30 0x1f6233c0 0x30 0x6e10005 0x0 0x0 0x0 0x0 0x0 0x6f10005 0x0 0x0 0x0 0x0 0x0 0x6ff0005 0x0 0x0 0x0 0x0 0x0 0x70f0005 0x0 0x0 0x0 0x0 0x0 0x71d0005 0x0 0x0 0x0 0x0 0x0 0x72d0005 0x0 0x0 0x0 0x0 0x0 0x73b0005 0x2e 0x1d820030 0x76 0x0 0x0 0x74b0005 0x0 0x1d7df420 0x52 0x1f6233c0 0x52 0x7630005 0x0 0x1d7df420 0x29 0x1f6233c0 0x29 0x77b0005 0x0 0x0 0x0 0x0 0x0 0x7930005 0x0 0x1d7df420 0x3 0x1f6233c0 0x3 0x7ab0005 0x0 0x0 0x0 0x0 0x0 0x7c30005 0x0 0x1f6233c0 0x45 0x1d7df420 0x44 0x7d20005 0x0 0x1d7df420 0x7 0x1f6233c0 0x7 0x7e10005 0x0 0x0 0x0 0x0 0x0 0x7f00005 0x0 0x0 0x0 0x0 0x0 0x7ff0005 0x0 0x0 0x0 0x0 0x0 0x80e0005 0x0 0x1f6233c0 0x8 0x1d7df420 0x3 0x81d0005 0x0 0x0 0x0 0x0 0x0 0x82c0005 0x0 0x0 0x0 0x0 0x0 0x83b0005 0x0 0x0 0x0 0x0 0x0 0x8490005 0x0 0x1f6233c0 0x13e 0x1d7df420 0x133 0x8570005 0x23 0x1d7df420 0x23 0x1d7df580 0x2 0x8670005 0x0 0x0 0x0 0x0 0x0 0x8770005 0x0 0x1d7df420 0x3 0x1f6233c0 0x3 0x8870005 0x0 0x0 0x0 0x0 0x0 0x8950005 0x1 0x1d820030 0x5b 0x0 0x0 0x8a10005 0x1 0x1d820030 0x5b 0x0 0x0 0x8b10005 0x0 0x1d7df420 0x2e 0x1f6233c0 0x2e 0x8bf0005 0x0 0x0 0x0 0x0 0x0 0x8cd0005 0x0 0x0 0x0 0x0 0x0 0x8db0005 0x0 0x0 0x0 0x0 0x0 0x8e90005 0x0 0x1d7df420 0x7 0x1f6233c0 0x7 0x8f80005 0x13f 0x1d820030 0x49e 0x0 0x0 0x9040005 0x0 0x1f6233c0 0x2f1 0x1d7df420 0x2ec 0x9120005 0x0 0x0 0x0 0x0 0x0 0x9210005 0x0 0x0 0x0 0x0 0x0 0x92b0002 0x10 0x9320002 0xa 0x93f0005 0x0 0x1d7df420 0x73 0x1f6233c0 0x73 0x94f0005 0x0 0x0 0x0 0x0 0x0 0x95f0005 0x0 0x0 0x0 0x0 0x0 0x96f0005 0x0 0x0 0x0 0x0 0x0 0x97f0005 0x0 0x1d7df420 0x94 0x1f6233c0 0x94 0x98d0005 0x0 0x1f6233c0 0x16b 0x1d7df420 0x166 0x99b0005 0x4a6 0x1d820030 0x15af 0x0 0x0 0x9a60005 0x0 0x1d7df4d0 0x1a56 0x0 0x0 0x9b40005 0x2 0x1f6233c0 0xd3b 0x1d7df420 0xd17 0x9c20005 0x0 0x1d820030 0x26 0x0 0x0 0x9ce0005 0x0 0x1d820030 0x26 0x0 0x0 0x9da0005 0x0 0x1d820030 0x26 0x0 0x0 0x9e50005 0x0 0x1d7df4d0 0x26 0x0 0x0 0x9fa0005 0x0 0x1d7df420 0x13 0x1f6233c0 0x13 0xa070002 0x0 0xa0e0002 0x6 0xa150002 0x0 0xa200005 0x0 0x0 0x0 0x0 0x0 0xa2c0005 0x0 0x0 0x0 0x0 0x0 0xa370005 0x0 0x0 0x0 0x0 0x0 0xa460005 0x0 0x0 0x0 0x0 0x0 0xa550005 0x0 0x0 0x0 0x0 0x0 0xa5f0007 0x0 0x38 0x0 0xa650003 0x0 0x18 0xa740005 0x0 0x0 0x0 0x0 0x0 0xa7f0005 0x0 0x0 0x0 0x0 0x0 0xa8c0002 0x0 0xa910005 0x0 0x0 0x0 0x0 0x0 0xa950002 0x0 0xa980005 0x0 0x0 0x0 0x0 0x0 0xa9b0005 0x0 0x0 0x0 0x0 0x0 0xa9e0005 0x0 0x0 0x0 0x0 0x0 0xaa90002 0x0 0xab40002 0x0 0xab90005 0x0 0x0 0x0 0x0 0x0 0xabd0002 0x0 0xac00005 0x0 0x0 0x0 0x0 0x0 0xac30005 0x0 0x0 0x0 0x0 0x0 0xac60005 0x0 0x0 0x0 0x0 0x0 oops 112 6 com/android/dx/util/ByteArray 428 com/android/dx/cf/code/BasicBlocker 430 com/android/dx/cf/code/Simulator$SimVisitor 434 com/android/dx/cf/code/BasicBlocker 436 com/android/dx/cf/code/Simulator$SimVisitor 440 com/android/dx/cf/code/Simulator$SimVisitor 442 com/android/dx/cf/code/BasicBlocker 446 com/android/dx/cf/code/Simulator$SimVisitor 448 com/android/dx/cf/code/BasicBlocker 452 com/android/dx/cf/code/Simulator$SimVisitor 454 com/android/dx/cf/code/BasicBlocker 458 com/android/dx/cf/code/Simulator$SimVisitor 460 com/android/dx/cf/code/BasicBlocker 464 com/android/dx/cf/code/Simulator$SimVisitor 466 com/android/dx/cf/code/BasicBlocker 470 com/android/dx/cf/code/Simulator$SimVisitor 472 com/android/dx/cf/code/BasicBlocker 488 com/android/dx/cf/code/Simulator$SimVisitor